2024-03-10 19:33:01,905 P282657 INFO Params: {
    "alpha": "0.3",
    "batch_norm": "True",
    "batch_size": "4096",
    "c": "0.8",
    "data_format": "h5",
    "data_root": "../../../data/",
    "dataset_id": "Criteo_x4_10_h5",
    "debug_mode": "False",
    "early_stop_patience": "2",
    "easy_hidden_units": "[400, 400]",
    "embedding_dim": "16",
    "embedding_regularizer": "1e-05",
    "epochs": "100",
    "eval_steps": "None",
    "feature_cols": "[{'active': True, 'dtype': 'float', 'fill_na': 0, 'na_value': 0, 'name': ['I1', 'I2', 'I3', 'I4', 'I5', 'I6', 'I7', 'I8', 'I9', 'I10', 'I11', 'I12', 'I13'], 'preprocess': 'convert_to_bucket', 'type': 'categorical'}, {'active': True, 'dtype': 'str', 'fill_na': '', 'na_value': '', 'name': ['C1', 'C2', 'C3', 'C4', 'C5', 'C6', 'C7', 'C8', 'C9', 'C10', 'C11', 'C12', 'C13', 'C14', 'C15', 'C16', 'C17', 'C18', 'C19', 'C20', 'C21', 'C22', 'C23', 'C24', 'C25', 'C26'], 'type': 'categorical'}]",
    "feature_config": "None",
    "feature_specs": "None",
    "gamma": "1",
    "gpu": "2",
    "group_id": "None",
    "hard_hidden_units": "[400, 400, 400]",
    "hidden_activations": "relu",
    "label_col": "{'dtype': 'float', 'name': 'Label'}",
    "learning_rate": "0.001",
    "loss": "binary_crossentropy",
    "metrics": "['logloss', 'AUC']",
    "min_categr_count": "10",
    "model": "TF4CTR",
    "model_id": "TF4CTR_Criteo_10_007_746c37f0",
    "model_root": "./checkpoints/",
    "monitor": "{'AUC': 1, 'logloss': 0}",
    "monitor_mode": "max",
    "net_dropout": "0.2",
    "net_regularizer": "0",
    "num_workers": "4",
    "optimizer": "adam",
    "pickle_feature_encoder": "True",
    "save_best_only": "True",
    "seed": "2023",
    "shuffle": "True",
    "task": "binary_classification",
    "test_data": "../../../data/Criteo_x4_10_h5/test.h5",
    "train_data": "../../../data/Criteo_x4_10_h5/train.h5",
    "use_features": "None",
    "valid_data": "../../../data/Criteo_x4_10_h5/valid.h5",
    "verbose": "1"
}
2024-03-10 19:33:01,906 P282657 INFO Load feature_map from json: ../../../data/Criteo_x4_10_h5/feature_map.json
2024-03-10 19:33:01,906 P282657 INFO Set column index...
2024-03-10 19:33:01,906 P282657 INFO Feature specs: {
    "C1": "{'source': '', 'type': 'categorical', 'padding_idx': 0, 'oov_idx': 1445, 'vocab_size': 1446}",
    "C10": "{'source': '', 'type': 'categorical', 'padding_idx': 0, 'oov_idx': 39529, 'vocab_size': 39530}",
    "C11": "{'source': '', 'type': 'categorical', 'padding_idx': 0, 'oov_idx': 5130, 'vocab_size': 5131}",
    "C12": "{'source': '', 'type': 'categorical', 'padding_idx': 0, 'oov_idx': 156655, 'vocab_size': 156656}",
    "C13": "{'source': '', 'type': 'categorical', 'padding_idx': 0, 'oov_idx': 3175, 'vocab_size': 3176}",
    "C14": "{'source': '', 'type': 'categorical', 'padding_idx': 0, 'oov_idx': 27, 'vocab_size': 28}",
    "C15": "{'source': '', 'type': 'categorical', 'padding_idx': 0, 'oov_idx': 11042, 'vocab_size': 11043}",
    "C16": "{'source': '', 'type': 'categorical', 'padding_idx': 0, 'oov_idx': 148912, 'vocab_size': 148913}",
    "C17": "{'source': '', 'type': 'categorical', 'padding_idx': 0, 'oov_idx': 11, 'vocab_size': 12}",
    "C18": "{'source': '', 'type': 'categorical', 'padding_idx': 0, 'oov_idx': 4559, 'vocab_size': 4560}",
    "C19": "{'source': '', 'type': 'categorical', 'padding_idx': 0, 'oov_idx': 2002, 'vocab_size': 2003}",
    "C2": "{'source': '', 'type': 'categorical', 'padding_idx': 0, 'oov_idx': 553, 'vocab_size': 554}",
    "C20": "{'source': '', 'type': 'categorical', 'padding_idx': 0, 'oov_idx': 4, 'vocab_size': 5}",
    "C21": "{'source': '', 'type': 'categorical', 'padding_idx': 0, 'oov_idx': 154563, 'vocab_size': 154564}",
    "C22": "{'source': '', 'type': 'categorical', 'padding_idx': 0, 'oov_idx': 17, 'vocab_size': 18}",
    "C23": "{'source': '', 'type': 'categorical', 'padding_idx': 0, 'oov_idx': 16, 'vocab_size': 17}",
    "C24": "{'source': '', 'type': 'categorical', 'padding_idx': 0, 'oov_idx': 53030, 'vocab_size': 53031}",
    "C25": "{'source': '', 'type': 'categorical', 'padding_idx': 0, 'oov_idx': 81, 'vocab_size': 82}",
    "C26": "{'source': '', 'type': 'categorical', 'padding_idx': 0, 'oov_idx': 40954, 'vocab_size': 40955}",
    "C3": "{'source': '', 'type': 'categorical', 'padding_idx': 0, 'oov_idx': 157338, 'vocab_size': 157339}",
    "C4": "{'source': '', 'type': 'categorical', 'padding_idx': 0, 'oov_idx': 117821, 'vocab_size': 117822}",
    "C5": "{'source': '', 'type': 'categorical', 'padding_idx': 0, 'oov_idx': 305, 'vocab_size': 306}",
    "C6": "{'source': '', 'type': 'categorical', 'padding_idx': 0, 'oov_idx': 17, 'vocab_size': 18}",
    "C7": "{'source': '', 'type': 'categorical', 'padding_idx': 0, 'oov_idx': 11881, 'vocab_size': 11882}",
    "C8": "{'source': '', 'type': 'categorical', 'padding_idx': 0, 'oov_idx': 629, 'vocab_size': 630}",
    "C9": "{'source': '', 'type': 'categorical', 'padding_idx': 0, 'oov_idx': 4, 'vocab_size': 5}",
    "I1": "{'source': '', 'type': 'categorical', 'padding_idx': 0, 'oov_idx': 43, 'vocab_size': 44}",
    "I10": "{'source': '', 'type': 'categorical', 'padding_idx': 0, 'oov_idx': 5, 'vocab_size': 6}",
    "I11": "{'source': '', 'type': 'categorical', 'padding_idx': 0, 'oov_idx': 26, 'vocab_size': 27}",
    "I12": "{'source': '', 'type': 'categorical', 'padding_idx': 0, 'oov_idx': 36, 'vocab_size': 37}",
    "I13": "{'source': '', 'type': 'categorical', 'padding_idx': 0, 'oov_idx': 71, 'vocab_size': 72}",
    "I2": "{'source': '', 'type': 'categorical', 'padding_idx': 0, 'oov_idx': 98, 'vocab_size': 99}",
    "I3": "{'source': '', 'type': 'categorical', 'padding_idx': 0, 'oov_idx': 121, 'vocab_size': 122}",
    "I4": "{'source': '', 'type': 'categorical', 'padding_idx': 0, 'oov_idx': 40, 'vocab_size': 41}",
    "I5": "{'source': '', 'type': 'categorical', 'padding_idx': 0, 'oov_idx': 219, 'vocab_size': 220}",
    "I6": "{'source': '', 'type': 'categorical', 'padding_idx': 0, 'oov_idx': 111, 'vocab_size': 112}",
    "I7": "{'source': '', 'type': 'categorical', 'padding_idx': 0, 'oov_idx': 79, 'vocab_size': 80}",
    "I8": "{'source': '', 'type': 'categorical', 'padding_idx': 0, 'oov_idx': 68, 'vocab_size': 69}",
    "I9": "{'source': '', 'type': 'categorical', 'padding_idx': 0, 'oov_idx': 91, 'vocab_size': 92}"
}
2024-03-10 19:33:05,438 P282657 INFO Total number of parameters: 15557956.
2024-03-10 19:33:05,439 P282657 INFO Loading data...
2024-03-10 19:33:05,439 P282657 INFO Loading data from h5: ../../../data/Criteo_x4_10_h5/train.h5
2024-03-10 19:33:31,354 P282657 INFO Train samples: total/36672493, blocks/1
2024-03-10 19:33:31,354 P282657 INFO Loading data from h5: ../../../data/Criteo_x4_10_h5/valid.h5
2024-03-10 19:33:34,908 P282657 INFO Validation samples: total/4584062, blocks/1
2024-03-10 19:33:34,908 P282657 INFO Loading train and validation data done.
2024-03-10 19:33:34,908 P282657 INFO Start training: 8954 batches/epoch
2024-03-10 19:33:34,908 P282657 INFO ************ Epoch=1 start ************
2024-03-10 19:42:00,001 P282657 INFO Train loss: 0.852955
2024-03-10 19:42:00,001 P282657 INFO Evaluation @epoch 1 - batch 8954: 
2024-03-10 19:42:15,043 P282657 INFO ===
2024-03-10 19:42:15,043 P282657 INFO [Metrics] AUC: 0.804539 - logloss: 0.446716
2024-03-10 19:42:15,046 P282657 INFO Save best model: monitor(max)=0.804539
2024-03-10 19:42:15,392 P282657 INFO ************ Epoch=1 end ************
2024-03-10 19:50:41,309 P282657 INFO Train loss: 0.841714
2024-03-10 19:50:41,309 P282657 INFO Evaluation @epoch 2 - batch 8954: 
2024-03-10 19:50:56,915 P282657 INFO ===
2024-03-10 19:50:56,916 P282657 INFO [Metrics] AUC: 0.807085 - logloss: 0.444517
2024-03-10 19:50:56,919 P282657 INFO Save best model: monitor(max)=0.807085
2024-03-10 19:50:57,290 P282657 INFO ************ Epoch=2 end ************
2024-03-10 19:59:27,932 P282657 INFO Train loss: 0.838655
2024-03-10 19:59:27,932 P282657 INFO Evaluation @epoch 3 - batch 8954: 
2024-03-10 19:59:43,460 P282657 INFO ===
2024-03-10 19:59:43,460 P282657 INFO [Metrics] AUC: 0.808474 - logloss: 0.443043
2024-03-10 19:59:43,463 P282657 INFO Save best model: monitor(max)=0.808474
2024-03-10 19:59:43,847 P282657 INFO ************ Epoch=3 end ************
2024-03-10 20:08:13,301 P282657 INFO Train loss: 0.837008
2024-03-10 20:08:13,302 P282657 INFO Evaluation @epoch 4 - batch 8954: 
2024-03-10 20:08:29,327 P282657 INFO ===
2024-03-10 20:08:29,327 P282657 INFO [Metrics] AUC: 0.808850 - logloss: 0.442635
2024-03-10 20:08:29,330 P282657 INFO Save best model: monitor(max)=0.808850
2024-03-10 20:08:29,723 P282657 INFO ************ Epoch=4 end ************
2024-03-10 20:17:01,292 P282657 INFO Train loss: 0.836020
2024-03-10 20:17:01,293 P282657 INFO Evaluation @epoch 5 - batch 8954: 
2024-03-10 20:17:17,013 P282657 INFO ===
2024-03-10 20:17:17,013 P282657 INFO [Metrics] AUC: 0.809486 - logloss: 0.442290
2024-03-10 20:17:17,016 P282657 INFO Save best model: monitor(max)=0.809486
2024-03-10 20:17:17,376 P282657 INFO ************ Epoch=5 end ************
2024-03-10 20:25:42,174 P282657 INFO Train loss: 0.835262
2024-03-10 20:25:42,174 P282657 INFO Evaluation @epoch 6 - batch 8954: 
2024-03-10 20:25:57,722 P282657 INFO ===
2024-03-10 20:25:57,722 P282657 INFO [Metrics] AUC: 0.809668 - logloss: 0.441864
2024-03-10 20:25:57,722 P282657 INFO Save best model: monitor(max)=0.809668
2024-03-10 20:25:58,084 P282657 INFO ************ Epoch=6 end ************
2024-03-10 20:34:24,483 P282657 INFO Train loss: 0.834744
2024-03-10 20:34:24,483 P282657 INFO Evaluation @epoch 7 - batch 8954: 
2024-03-10 20:34:40,065 P282657 INFO ===
2024-03-10 20:34:40,065 P282657 INFO [Metrics] AUC: 0.810060 - logloss: 0.441530
2024-03-10 20:34:40,066 P282657 INFO Save best model: monitor(max)=0.810060
2024-03-10 20:34:40,430 P282657 INFO ************ Epoch=7 end ************
2024-03-10 20:42:58,580 P282657 INFO Train loss: 0.834248
2024-03-10 20:42:58,580 P282657 INFO Evaluation @epoch 8 - batch 8954: 
2024-03-10 20:43:10,589 P282657 INFO ===
2024-03-10 20:43:10,589 P282657 INFO [Metrics] AUC: 0.810260 - logloss: 0.441391
2024-03-10 20:43:10,590 P282657 INFO Save best model: monitor(max)=0.810260
2024-03-10 20:43:10,986 P282657 INFO ************ Epoch=8 end ************
2024-03-10 20:51:36,911 P282657 INFO Train loss: 0.833801
2024-03-10 20:51:36,911 P282657 INFO Evaluation @epoch 9 - batch 8954: 
2024-03-10 20:51:53,111 P282657 INFO ===
2024-03-10 20:51:53,112 P282657 INFO [Metrics] AUC: 0.810367 - logloss: 0.441363
2024-03-10 20:51:53,112 P282657 INFO Save best model: monitor(max)=0.810367
2024-03-10 20:51:53,476 P282657 INFO ************ Epoch=9 end ************
2024-03-10 21:00:20,540 P282657 INFO Train loss: 0.833487
2024-03-10 21:00:20,541 P282657 INFO Evaluation @epoch 10 - batch 8954: 
2024-03-10 21:00:37,546 P282657 INFO ===
2024-03-10 21:00:37,546 P282657 INFO [Metrics] AUC: 0.810511 - logloss: 0.441158
2024-03-10 21:00:37,547 P282657 INFO Save best model: monitor(max)=0.810511
2024-03-10 21:00:37,948 P282657 INFO ************ Epoch=10 end ************
2024-03-10 21:09:21,032 P282657 INFO Train loss: 0.833191
2024-03-10 21:09:21,032 P282657 INFO Evaluation @epoch 11 - batch 8954: 
2024-03-10 21:09:38,782 P282657 INFO ===
2024-03-10 21:09:38,782 P282657 INFO [Metrics] AUC: 0.810598 - logloss: 0.441134
2024-03-10 21:09:38,785 P282657 INFO Save best model: monitor(max)=0.810598
2024-03-10 21:09:39,153 P282657 INFO ************ Epoch=11 end ************
2024-03-10 21:18:17,073 P282657 INFO Train loss: 0.832920
2024-03-10 21:18:17,074 P282657 INFO Evaluation @epoch 12 - batch 8954: 
2024-03-10 21:18:33,964 P282657 INFO ===
2024-03-10 21:18:33,964 P282657 INFO [Metrics] AUC: 0.810786 - logloss: 0.440873
2024-03-10 21:18:33,967 P282657 INFO Save best model: monitor(max)=0.810786
2024-03-10 21:18:34,371 P282657 INFO ************ Epoch=12 end ************
2024-03-10 21:27:07,533 P282657 INFO Train loss: 0.832696
2024-03-10 21:27:07,533 P282657 INFO Evaluation @epoch 13 - batch 8954: 
2024-03-10 21:27:23,696 P282657 INFO ===
2024-03-10 21:27:23,696 P282657 INFO [Metrics] AUC: 0.810975 - logloss: 0.440786
2024-03-10 21:27:23,699 P282657 INFO Save best model: monitor(max)=0.810975
2024-03-10 21:27:24,096 P282657 INFO ************ Epoch=13 end ************
2024-03-10 21:35:58,717 P282657 INFO Train loss: 0.832505
2024-03-10 21:35:58,718 P282657 INFO Evaluation @epoch 14 - batch 8954: 
2024-03-10 21:36:15,470 P282657 INFO ===
2024-03-10 21:36:15,470 P282657 INFO [Metrics] AUC: 0.810888 - logloss: 0.440875
2024-03-10 21:36:15,473 P282657 INFO Monitor(max)=0.810888 STOP!
2024-03-10 21:36:15,473 P282657 INFO Reduce learning rate on plateau: 0.000100
2024-03-10 21:36:15,593 P282657 INFO ************ Epoch=14 end ************
2024-03-10 21:44:50,293 P282657 INFO Train loss: 0.815834
2024-03-10 21:44:50,293 P282657 INFO Evaluation @epoch 15 - batch 8954: 
2024-03-10 21:45:07,481 P282657 INFO ===
2024-03-10 21:45:07,482 P282657 INFO [Metrics] AUC: 0.813721 - logloss: 0.438234
2024-03-10 21:45:07,485 P282657 INFO Save best model: monitor(max)=0.813721
2024-03-10 21:45:07,887 P282657 INFO ************ Epoch=15 end ************
2024-03-10 21:53:43,594 P282657 INFO Train loss: 0.809218
2024-03-10 21:53:43,594 P282657 INFO Evaluation @epoch 16 - batch 8954: 
2024-03-10 21:53:59,710 P282657 INFO ===
2024-03-10 21:53:59,710 P282657 INFO [Metrics] AUC: 0.814202 - logloss: 0.437804
2024-03-10 21:53:59,713 P282657 INFO Save best model: monitor(max)=0.814202
2024-03-10 21:54:00,106 P282657 INFO ************ Epoch=16 end ************
2024-03-10 22:02:38,292 P282657 INFO Train loss: 0.806188
2024-03-10 22:02:38,293 P282657 INFO Evaluation @epoch 17 - batch 8954: 
2024-03-10 22:02:54,518 P282657 INFO ===
2024-03-10 22:02:54,519 P282657 INFO [Metrics] AUC: 0.814350 - logloss: 0.437644
2024-03-10 22:02:54,522 P282657 INFO Save best model: monitor(max)=0.814350
2024-03-10 22:02:54,924 P282657 INFO ************ Epoch=17 end ************
2024-03-10 22:11:32,912 P282657 INFO Train loss: 0.803959
2024-03-10 22:11:32,912 P282657 INFO Evaluation @epoch 18 - batch 8954: 
2024-03-10 22:11:49,088 P282657 INFO ===
2024-03-10 22:11:49,088 P282657 INFO [Metrics] AUC: 0.814372 - logloss: 0.437662
2024-03-10 22:11:49,092 P282657 INFO Save best model: monitor(max)=0.814372
2024-03-10 22:11:49,497 P282657 INFO ************ Epoch=18 end ************
2024-03-10 22:20:29,794 P282657 INFO Train loss: 0.802053
2024-03-10 22:20:29,795 P282657 INFO Evaluation @epoch 19 - batch 8954: 
2024-03-10 22:20:46,825 P282657 INFO ===
2024-03-10 22:20:46,826 P282657 INFO [Metrics] AUC: 0.814320 - logloss: 0.437690
2024-03-10 22:20:46,829 P282657 INFO Monitor(max)=0.814320 STOP!
2024-03-10 22:20:46,829 P282657 INFO Reduce learning rate on plateau: 0.000010
2024-03-10 22:20:46,935 P282657 INFO ************ Epoch=19 end ************
2024-03-10 22:29:18,268 P282657 INFO Train loss: 0.795805
2024-03-10 22:29:18,268 P282657 INFO Evaluation @epoch 20 - batch 8954: 
2024-03-10 22:29:35,665 P282657 INFO ===
2024-03-10 22:29:35,665 P282657 INFO [Metrics] AUC: 0.814144 - logloss: 0.438181
2024-03-10 22:29:35,669 P282657 INFO Monitor(max)=0.814144 STOP!
2024-03-10 22:29:35,669 P282657 INFO Reduce learning rate on plateau: 0.000001
2024-03-10 22:29:35,669 P282657 INFO ********* Epoch==20 early stop *********
2024-03-10 22:29:35,764 P282657 INFO Training finished.
2024-03-10 22:29:35,764 P282657 INFO Load best model: /mnt/public/lhh/code/model_zoo/TF4CTR/TF4CTR_torch/checkpoints/Criteo_x4_10_h5/TF4CTR_Criteo_10_007_746c37f0.model
2024-03-10 22:29:35,794 P282657 INFO ****** Validation evaluation ******
2024-03-10 22:29:48,536 P282657 INFO ===
2024-03-10 22:29:48,537 P282657 INFO [Metrics] logloss: 0.437662 - AUC: 0.814372
2024-03-10 22:29:48,599 P282657 INFO ******** Test evaluation ********
2024-03-10 22:29:48,599 P282657 INFO Loading data...
2024-03-10 22:29:48,599 P282657 INFO Loading data from h5: ../../../data/Criteo_x4_10_h5/test.h5
2024-03-10 22:29:51,935 P282657 INFO Test samples: total/4584062, blocks/1
2024-03-10 22:29:51,935 P282657 INFO Loading test data done.
2024-03-10 22:30:08,188 P282657 INFO ===
2024-03-10 22:30:08,188 P282657 INFO [Metrics] logloss: 0.437289 - AUC: 0.814810
