2024-03-14 14:56:20,673 P3467597 INFO Params: {
    "alpha": "0.2",
    "batch_norm": "True",
    "batch_size": "10000",
    "c": "0.6",
    "data_format": "h5",
    "data_root": "../../../data/",
    "dataset_id": "Avazu_x4_h5",
    "debug_mode": "False",
    "early_stop_patience": "2",
    "easy_hidden_units": "[400]",
    "embedding_dim": "16",
    "embedding_regularizer": "0",
    "epochs": "100",
    "eval_steps": "None",
    "feature_cols": "[{'active': False, 'dtype': 'str', 'name': 'id', 'type': 'categorical'}, {'active': True, 'dtype': 'str', 'name': 'hour', 'preprocess': 'convert_hour', 'type': 'categorical'}, {'active': True, 'dtype': 'str', 'name': ['C1', 'banner_pos', 'site_id', 'site_domain', 'site_category', 'app_id', 'app_domain', 'app_category', 'device_id', 'device_ip', 'device_model', 'device_type', 'device_conn_type', 'C14', 'C15', 'C16', 'C17', 'C18', 'C19', 'C20', 'C21'], 'type': 'categorical'}, {'active': True, 'dtype': 'str', 'name': 'weekday', 'preprocess': 'convert_weekday', 'type': 'categorical'}, {'active': True, 'dtype': 'str', 'name': 'weekend', 'preprocess': 'convert_weekend', 'type': 'categorical'}]",
    "feature_config": "None",
    "feature_specs": "None",
    "gamma": "1",
    "gpu": "1",
    "group_id": "None",
    "hard_hidden_units": "[400, 400, 400]",
    "hidden_activations": "relu",
    "label_col": "{'dtype': 'float', 'name': 'click'}",
    "learning_rate": "0.001",
    "loss": "binary_crossentropy",
    "metrics": "['logloss', 'AUC']",
    "min_categr_count": "2",
    "model": "TF4CTR",
    "model_id": "TF4CTR_Avazu_014_10d3af49",
    "model_root": "./checkpoints/",
    "monitor": "{'AUC': 1, 'logloss': 0}",
    "monitor_mode": "max",
    "net_dropout": "0",
    "net_regularizer": "0",
    "num_workers": "4",
    "optimizer": "adam",
    "pickle_feature_encoder": "True",
    "save_best_only": "True",
    "seed": "2023",
    "shuffle": "True",
    "task": "binary_classification",
    "test_data": "../../../data/Avazu_x4_h5/test.h5",
    "train_data": "../../../data/Avazu_x4_h5/train.h5",
    "use_features": "None",
    "valid_data": "../../../data/Avazu_x4_h5/valid.h5",
    "verbose": "1"
}
2024-03-14 14:56:20,673 P3467597 INFO Load feature_map from json: ../../../data/Avazu_x4_h5/feature_map.json
2024-03-14 14:56:20,674 P3467597 INFO Set column index...
2024-03-14 14:56:20,674 P3467597 INFO Feature specs: {
    "C1": "{'source': '', 'type': 'categorical', 'padding_idx': 0, 'oov_idx': 8, 'vocab_size': 9}",
    "C14": "{'source': '', 'type': 'categorical', 'padding_idx': 0, 'oov_idx': 2555, 'vocab_size': 2556}",
    "C15": "{'source': '', 'type': 'categorical', 'padding_idx': 0, 'oov_idx': 9, 'vocab_size': 10}",
    "C16": "{'source': '', 'type': 'categorical', 'padding_idx': 0, 'oov_idx': 10, 'vocab_size': 11}",
    "C17": "{'source': '', 'type': 'categorical', 'padding_idx': 0, 'oov_idx': 433, 'vocab_size': 434}",
    "C18": "{'source': '', 'type': 'categorical', 'padding_idx': 0, 'oov_idx': 5, 'vocab_size': 6}",
    "C19": "{'source': '', 'type': 'categorical', 'padding_idx': 0, 'oov_idx': 69, 'vocab_size': 70}",
    "C20": "{'source': '', 'type': 'categorical', 'padding_idx': 0, 'oov_idx': 172, 'vocab_size': 173}",
    "C21": "{'source': '', 'type': 'categorical', 'padding_idx': 0, 'oov_idx': 61, 'vocab_size': 62}",
    "app_category": "{'source': '', 'type': 'categorical', 'padding_idx': 0, 'oov_idx': 32, 'vocab_size': 33}",
    "app_domain": "{'source': '', 'type': 'categorical', 'padding_idx': 0, 'oov_idx': 399, 'vocab_size': 400}",
    "app_id": "{'source': '', 'type': 'categorical', 'padding_idx': 0, 'oov_idx': 6544, 'vocab_size': 6545}",
    "banner_pos": "{'source': '', 'type': 'categorical', 'padding_idx': 0, 'oov_idx': 8, 'vocab_size': 9}",
    "device_conn_type": "{'source': '', 'type': 'categorical', 'padding_idx': 0, 'oov_idx': 5, 'vocab_size': 6}",
    "device_id": "{'source': '', 'type': 'categorical', 'padding_idx': 0, 'oov_idx': 820508, 'vocab_size': 820509}",
    "device_ip": "{'source': '', 'type': 'categorical', 'padding_idx': 0, 'oov_idx': 2903321, 'vocab_size': 2903322}",
    "device_model": "{'source': '', 'type': 'categorical', 'padding_idx': 0, 'oov_idx': 7258, 'vocab_size': 7259}",
    "device_type": "{'source': '', 'type': 'categorical', 'padding_idx': 0, 'oov_idx': 6, 'vocab_size': 7}",
    "hour": "{'source': '', 'type': 'categorical', 'padding_idx': 0, 'oov_idx': 25, 'vocab_size': 26}",
    "site_category": "{'source': '', 'type': 'categorical', 'padding_idx': 0, 'oov_idx': 26, 'vocab_size': 27}",
    "site_domain": "{'source': '', 'type': 'categorical', 'padding_idx': 0, 'oov_idx': 5460, 'vocab_size': 5461}",
    "site_id": "{'source': '', 'type': 'categorical', 'padding_idx': 0, 'oov_idx': 4050, 'vocab_size': 4051}",
    "weekday": "{'source': '', 'type': 'categorical', 'padding_idx': 0, 'oov_idx': 8, 'vocab_size': 9}",
    "weekend": "{'source': '', 'type': 'categorical', 'padding_idx': 0, 'oov_idx': 3, 'vocab_size': 4}"
}
2024-03-14 14:56:26,063 P3467597 INFO Total number of parameters: 60648788.
2024-03-14 14:56:26,063 P3467597 INFO Loading data...
2024-03-14 14:56:26,064 P3467597 INFO Loading data from h5: ../../../data/Avazu_x4_h5/train.h5
2024-03-14 14:56:41,029 P3467597 INFO Train samples: total/32343172, blocks/1
2024-03-14 14:56:41,030 P3467597 INFO Loading data from h5: ../../../data/Avazu_x4_h5/valid.h5
2024-03-14 14:56:42,830 P3467597 INFO Validation samples: total/4042897, blocks/1
2024-03-14 14:56:42,830 P3467597 INFO Loading train and validation data done.
2024-03-14 14:56:42,830 P3467597 INFO Start training: 3235 batches/epoch
2024-03-14 14:56:42,830 P3467597 INFO ************ Epoch=1 start ************
2024-03-14 14:59:38,446 P3467597 INFO Train loss: 0.734432
2024-03-14 14:59:38,447 P3467597 INFO Evaluation @epoch 1 - batch 3235: 
2024-03-14 14:59:50,513 P3467597 INFO ===
2024-03-14 14:59:50,513 P3467597 INFO [Metrics] AUC: 0.792586 - logloss: 0.372306
2024-03-14 14:59:50,516 P3467597 INFO Save best model: monitor(max)=0.792586
2024-03-14 14:59:51,326 P3467597 INFO ************ Epoch=1 end ************
2024-03-14 15:02:47,934 P3467597 INFO Train loss: 0.646968
2024-03-14 15:02:47,935 P3467597 INFO Evaluation @epoch 2 - batch 3235: 
2024-03-14 15:02:58,773 P3467597 INFO ===
2024-03-14 15:02:58,774 P3467597 INFO [Metrics] AUC: 0.788591 - logloss: 0.379965
2024-03-14 15:02:58,785 P3467597 INFO Monitor(max)=0.788591 STOP!
2024-03-14 15:02:58,786 P3467597 INFO Reduce learning rate on plateau: 0.000100
2024-03-14 15:02:58,970 P3467597 INFO ************ Epoch=2 end ************
2024-03-14 15:05:53,807 P3467597 INFO Train loss: 0.555749
2024-03-14 15:05:53,808 P3467597 INFO Evaluation @epoch 3 - batch 3235: 
2024-03-14 15:06:04,153 P3467597 INFO ===
2024-03-14 15:06:04,153 P3467597 INFO [Metrics] AUC: 0.776120 - logloss: 0.428391
2024-03-14 15:06:04,160 P3467597 INFO Monitor(max)=0.776120 STOP!
2024-03-14 15:06:04,160 P3467597 INFO Reduce learning rate on plateau: 0.000010
2024-03-14 15:06:04,160 P3467597 INFO ********* Epoch==3 early stop *********
2024-03-14 15:06:04,286 P3467597 INFO Training finished.
2024-03-14 15:06:04,286 P3467597 INFO Load best model: /mnt/public/lhh/code/model_zoo/TF4CTR/TF4CTR_torch/checkpoints/Avazu_x4_h5/TF4CTR_Avazu_014_10d3af49.model
2024-03-14 15:06:04,452 P3467597 INFO ****** Validation evaluation ******
2024-03-14 15:06:14,569 P3467597 INFO ===
2024-03-14 15:06:14,569 P3467597 INFO [Metrics] logloss: 0.372306 - AUC: 0.792586
2024-03-14 15:06:14,630 P3467597 INFO ******** Test evaluation ********
2024-03-14 15:06:14,631 P3467597 INFO Loading data...
2024-03-14 15:06:14,631 P3467597 INFO Loading data from h5: ../../../data/Avazu_x4_h5/test.h5
2024-03-14 15:06:16,474 P3467597 INFO Test samples: total/4042898, blocks/1
2024-03-14 15:06:16,475 P3467597 INFO Loading test data done.
2024-03-14 15:06:26,231 P3467597 INFO ===
2024-03-14 15:06:26,231 P3467597 INFO [Metrics] logloss: 0.372238 - AUC: 0.792710
