2024-04-13 15:16:55,398 P3436006 INFO Params: {
    "DFM": "none",
    "SSM": "GM",
    "alpha": "0.25",
    "batch_norm": "True",
    "batch_size": "10000",
    "c": "0.9",
    "data_format": "csv",
    "data_root": "../../../data/",
    "dataset_id": "KKBox_x1_csv_9dad49f7",
    "debug_mode": "False",
    "early_stop_patience": "2",
    "easy_hidden_units": "[400, 400]",
    "embedding_dim": "16",
    "embedding_regularizer": "0.0005",
    "epochs": "100",
    "eval_steps": "None",
    "feature_cols": "[{'active': True, 'dtype': 'int', 'name': 'group_id', 'preprocess': 'copy_from(msno)', 'remap': False, 'type': 'meta'}, {'active': True, 'dtype': 'str', 'name': ['msno', 'song_id', 'source_system_tab', 'source_screen_name', 'source_type', 'city', 'gender', 'registered_via', 'language'], 'type': 'categorical'}, {'active': True, 'dtype': 'str', 'encoder': 'MaskedSumPooling', 'max_len': 3, 'name': 'genre_ids', 'type': 'sequence'}, {'active': True, 'dtype': 'str', 'encoder': 'MaskedSumPooling', 'max_len': 3, 'name': 'artist_name', 'type': 'sequence'}, {'active': True, 'dtype': 'str', 'name': 'isrc', 'preprocess': 'extract_country_code', 'type': 'categorical'}, {'active': True, 'dtype': 'str', 'name': 'bd', 'preprocess': 'bucketize_age', 'type': 'categorical'}]",
    "feature_config": "None",
    "feature_specs": "None",
    "gamma": "2",
    "gpu": "2",
    "group_id": "group_id",
    "hard_hidden_units": "[400, 400, 400]",
    "hidden_activations": "relu",
    "label_col": "{'dtype': 'float', 'name': 'label'}",
    "learning_rate": "0.001",
    "loss": "binary_crossentropy",
    "metrics": "['logloss', 'AUC', 'gAUC']",
    "min_categr_count": "2",
    "model": "TF4CTRv2",
    "model_id": "TF4CTRv2_KKBox_012_8868cef3",
    "model_root": "./checkpoints/",
    "monitor": "{'AUC': 1, 'gAUC': 1, 'logloss': 0}",
    "monitor_mode": "max",
    "net_dropout": "0.2",
    "net_regularizer": "0",
    "num_workers": "8",
    "optimizer": "adam",
    "pickle_feature_encoder": "True",
    "save_best_only": "True",
    "seed": "2023",
    "shuffle": "True",
    "task": "binary_classification",
    "test_data": "../../../data/KKBox_x1/test.csv",
    "train_data": "../../../data/KKBox_x1/train.csv",
    "use_features": "None",
    "valid_data": "../../../data/KKBox_x1/valid.csv",
    "verbose": "1"
}
2024-04-13 15:16:55,398 P3436006 INFO Set up feature processor...
2024-04-13 15:16:55,399 P3436006 WARNING Skip rebuilding ../../../data/KKBox_x1_csv_9dad49f7/feature_map.json. Please delete it manually if rebuilding is required.
2024-04-13 15:16:55,399 P3436006 INFO Load feature_map from json: ../../../data/KKBox_x1_csv_9dad49f7/feature_map.json
2024-04-13 15:16:55,399 P3436006 INFO Set column index...
2024-04-13 15:16:55,399 P3436006 INFO Feature specs: {
    "artist_name": "{'source': '', 'type': 'sequence', 'feature_encoder': 'layers.MaskedAveragePooling()', 'padding_idx': 0, 'oov_idx': 25368, 'vocab_size': 25369, 'max_len': 3}",
    "bd": "{'source': '', 'type': 'categorical', 'padding_idx': 0, 'oov_idx': 8, 'vocab_size': 9}",
    "city": "{'source': '', 'type': 'categorical', 'padding_idx': 0, 'oov_idx': 22, 'vocab_size': 23}",
    "gender": "{'source': '', 'type': 'categorical', 'padding_idx': 0, 'oov_idx': 3, 'vocab_size': 4}",
    "genre_ids": "{'source': '', 'type': 'sequence', 'feature_encoder': 'layers.MaskedAveragePooling()', 'padding_idx': 0, 'oov_idx': 482, 'vocab_size': 483, 'max_len': 3}",
    "group_id": "{'type': 'meta'}",
    "isrc": "{'source': '', 'type': 'categorical', 'padding_idx': 0, 'oov_idx': 96, 'vocab_size': 97}",
    "language": "{'source': '', 'type': 'categorical', 'padding_idx': 0, 'oov_idx': 11, 'vocab_size': 12}",
    "msno": "{'source': '', 'type': 'categorical', 'padding_idx': 0, 'oov_idx': 29505, 'vocab_size': 29506}",
    "registered_via": "{'source': '', 'type': 'categorical', 'padding_idx': 0, 'oov_idx': 6, 'vocab_size': 7}",
    "song_id": "{'source': '', 'type': 'categorical', 'padding_idx': 0, 'oov_idx': 172296, 'vocab_size': 172297}",
    "source_screen_name": "{'source': '', 'type': 'categorical', 'padding_idx': 0, 'oov_idx': 21, 'vocab_size': 22}",
    "source_system_tab": "{'source': '', 'type': 'categorical', 'padding_idx': 0, 'oov_idx': 9, 'vocab_size': 10}",
    "source_type": "{'source': '', 'type': 'categorical', 'padding_idx': 0, 'oov_idx': 13, 'vocab_size': 14}"
}
2024-04-13 15:16:59,293 P3436006 INFO Total number of parameters: 4309875.
2024-04-13 15:16:59,293 P3436006 INFO Loading data...
2024-04-13 15:16:59,293 P3436006 INFO Loading data from h5: ../../../data/KKBox_x1_csv_9dad49f7/train.h5
2024-04-13 15:17:01,199 P3436006 INFO Train samples: total/5901932, blocks/1
2024-04-13 15:17:01,199 P3436006 INFO Loading data from h5: ../../../data/KKBox_x1_csv_9dad49f7/valid.h5
2024-04-13 15:17:01,449 P3436006 INFO Validation samples: total/737743, blocks/1
2024-04-13 15:17:01,450 P3436006 INFO Loading train and validation data done.
2024-04-13 15:17:01,450 P3436006 INFO Start training: 591 batches/epoch
2024-04-13 15:17:01,450 P3436006 INFO ************ Epoch=1 start ************
2024-04-13 15:17:41,853 P3436006 INFO Train loss: 1.041481
2024-04-13 15:17:41,854 P3436006 INFO Evaluation @epoch 1 - batch 591: 
2024-04-13 15:17:58,043 P3436006 INFO ===
2024-04-13 15:17:58,043 P3436006 INFO [Metrics] AUC: 0.798712 - gAUC: 0.717528 - logloss: 0.547404
2024-04-13 15:17:58,044 P3436006 INFO Save best model: monitor(max)=1.516239
2024-04-13 15:17:58,159 P3436006 INFO ************ Epoch=1 end ************
2024-04-13 15:18:37,502 P3436006 INFO Train loss: 0.980981
2024-04-13 15:18:37,502 P3436006 INFO Evaluation @epoch 2 - batch 591: 
2024-04-13 15:18:54,325 P3436006 INFO ===
2024-04-13 15:18:54,326 P3436006 INFO [Metrics] AUC: 0.812632 - gAUC: 0.737381 - logloss: 0.533072
2024-04-13 15:18:54,326 P3436006 INFO Save best model: monitor(max)=1.550013
2024-04-13 15:18:54,556 P3436006 INFO ************ Epoch=2 end ************
2024-04-13 15:19:35,642 P3436006 INFO Train loss: 0.969397
2024-04-13 15:19:35,642 P3436006 INFO Evaluation @epoch 3 - batch 591: 
2024-04-13 15:20:00,148 P3436006 INFO ===
2024-04-13 15:20:00,148 P3436006 INFO [Metrics] AUC: 0.818803 - gAUC: 0.747014 - logloss: 0.527153
2024-04-13 15:20:00,149 P3436006 INFO Save best model: monitor(max)=1.565817
2024-04-13 15:20:00,325 P3436006 INFO ************ Epoch=3 end ************
2024-04-13 15:20:40,930 P3436006 INFO Train loss: 0.963487
2024-04-13 15:20:40,930 P3436006 INFO Evaluation @epoch 4 - batch 591: 
2024-04-13 15:21:06,922 P3436006 INFO ===
2024-04-13 15:21:06,922 P3436006 INFO [Metrics] AUC: 0.822643 - gAUC: 0.751731 - logloss: 0.521942
2024-04-13 15:21:06,923 P3436006 INFO Save best model: monitor(max)=1.574375
2024-04-13 15:21:07,126 P3436006 INFO ************ Epoch=4 end ************
2024-04-13 15:21:48,070 P3436006 INFO Train loss: 0.959939
2024-04-13 15:21:48,070 P3436006 INFO Evaluation @epoch 5 - batch 591: 
2024-04-13 15:22:13,909 P3436006 INFO ===
2024-04-13 15:22:13,909 P3436006 INFO [Metrics] AUC: 0.824550 - gAUC: 0.753865 - logloss: 0.516330
2024-04-13 15:22:13,909 P3436006 INFO Save best model: monitor(max)=1.578414
2024-04-13 15:22:14,110 P3436006 INFO ************ Epoch=5 end ************
2024-04-13 15:22:48,865 P3436006 INFO Train loss: 0.957346
2024-04-13 15:22:48,866 P3436006 INFO Evaluation @epoch 6 - batch 591: 
2024-04-13 15:23:09,039 P3436006 INFO ===
2024-04-13 15:23:09,040 P3436006 INFO [Metrics] AUC: 0.826313 - gAUC: 0.755689 - logloss: 0.517283
2024-04-13 15:23:09,040 P3436006 INFO Save best model: monitor(max)=1.582002
2024-04-13 15:23:09,281 P3436006 INFO ************ Epoch=6 end ************
2024-04-13 15:23:42,898 P3436006 INFO Train loss: 0.955451
2024-04-13 15:23:42,898 P3436006 INFO Evaluation @epoch 7 - batch 591: 
2024-04-13 15:24:00,063 P3436006 INFO ===
2024-04-13 15:24:00,063 P3436006 INFO [Metrics] AUC: 0.826922 - gAUC: 0.756674 - logloss: 0.513305
2024-04-13 15:24:00,064 P3436006 INFO Save best model: monitor(max)=1.583597
2024-04-13 15:24:00,311 P3436006 INFO ************ Epoch=7 end ************
2024-04-13 15:24:35,331 P3436006 INFO Train loss: 0.953783
2024-04-13 15:24:35,331 P3436006 INFO Evaluation @epoch 8 - batch 591: 
2024-04-13 15:24:52,523 P3436006 INFO ===
2024-04-13 15:24:52,523 P3436006 INFO [Metrics] AUC: 0.827513 - gAUC: 0.757132 - logloss: 0.512586
2024-04-13 15:24:52,523 P3436006 INFO Save best model: monitor(max)=1.584645
2024-04-13 15:24:52,741 P3436006 INFO ************ Epoch=8 end ************
2024-04-13 15:25:29,215 P3436006 INFO Train loss: 0.952552
2024-04-13 15:25:29,215 P3436006 INFO Evaluation @epoch 9 - batch 591: 
2024-04-13 15:25:47,246 P3436006 INFO ===
2024-04-13 15:25:47,246 P3436006 INFO [Metrics] AUC: 0.828180 - gAUC: 0.758182 - logloss: 0.510386
2024-04-13 15:25:47,247 P3436006 INFO Save best model: monitor(max)=1.586361
2024-04-13 15:25:47,479 P3436006 INFO ************ Epoch=9 end ************
2024-04-13 15:26:23,523 P3436006 INFO Train loss: 0.951233
2024-04-13 15:26:23,523 P3436006 INFO Evaluation @epoch 10 - batch 591: 
2024-04-13 15:26:38,585 P3436006 INFO ===
2024-04-13 15:26:38,585 P3436006 INFO [Metrics] AUC: 0.828926 - gAUC: 0.758541 - logloss: 0.514397
2024-04-13 15:26:38,585 P3436006 INFO Save best model: monitor(max)=1.587467
2024-04-13 15:26:38,750 P3436006 INFO ************ Epoch=10 end ************
2024-04-13 15:27:04,925 P3436006 INFO Train loss: 0.949898
2024-04-13 15:27:04,925 P3436006 INFO Evaluation @epoch 11 - batch 591: 
2024-04-13 15:27:17,892 P3436006 INFO ===
2024-04-13 15:27:17,893 P3436006 INFO [Metrics] AUC: 0.828988 - gAUC: 0.759456 - logloss: 0.510027
2024-04-13 15:27:17,893 P3436006 INFO Save best model: monitor(max)=1.588444
2024-04-13 15:27:18,137 P3436006 INFO ************ Epoch=11 end ************
2024-04-13 15:27:48,123 P3436006 INFO Train loss: 0.948903
2024-04-13 15:27:48,123 P3436006 INFO Evaluation @epoch 12 - batch 591: 
2024-04-13 15:28:02,962 P3436006 INFO ===
2024-04-13 15:28:02,963 P3436006 INFO [Metrics] AUC: 0.829007 - gAUC: 0.759594 - logloss: 0.509819
2024-04-13 15:28:02,963 P3436006 INFO Save best model: monitor(max)=1.588601
2024-04-13 15:28:03,218 P3436006 INFO ************ Epoch=12 end ************
2024-04-13 15:28:34,158 P3436006 INFO Train loss: 0.947971
2024-04-13 15:28:34,158 P3436006 INFO Evaluation @epoch 13 - batch 591: 
2024-04-13 15:28:48,150 P3436006 INFO ===
2024-04-13 15:28:48,151 P3436006 INFO [Metrics] AUC: 0.830038 - gAUC: 0.760312 - logloss: 0.508525
2024-04-13 15:28:48,151 P3436006 INFO Save best model: monitor(max)=1.590350
2024-04-13 15:28:48,395 P3436006 INFO ************ Epoch=13 end ************
2024-04-13 15:29:20,696 P3436006 INFO Train loss: 0.946994
2024-04-13 15:29:20,696 P3436006 INFO Evaluation @epoch 14 - batch 591: 
2024-04-13 15:29:34,620 P3436006 INFO ===
2024-04-13 15:29:34,620 P3436006 INFO [Metrics] AUC: 0.830582 - gAUC: 0.760257 - logloss: 0.508491
2024-04-13 15:29:34,621 P3436006 INFO Save best model: monitor(max)=1.590839
2024-04-13 15:29:34,865 P3436006 INFO ************ Epoch=14 end ************
2024-04-13 15:30:09,562 P3436006 INFO Train loss: 0.946113
2024-04-13 15:30:09,562 P3436006 INFO Evaluation @epoch 15 - batch 591: 
2024-04-13 15:30:23,427 P3436006 INFO ===
2024-04-13 15:30:23,427 P3436006 INFO [Metrics] AUC: 0.830547 - gAUC: 0.760383 - logloss: 0.507671
2024-04-13 15:30:23,428 P3436006 INFO Save best model: monitor(max)=1.590930
2024-04-13 15:30:23,650 P3436006 INFO ************ Epoch=15 end ************
2024-04-13 15:30:58,550 P3436006 INFO Train loss: 0.945198
2024-04-13 15:30:58,551 P3436006 INFO Evaluation @epoch 16 - batch 591: 
2024-04-13 15:31:11,477 P3436006 INFO ===
2024-04-13 15:31:11,478 P3436006 INFO [Metrics] AUC: 0.830566 - gAUC: 0.760551 - logloss: 0.507952
2024-04-13 15:31:11,478 P3436006 INFO Save best model: monitor(max)=1.591117
2024-04-13 15:31:11,709 P3436006 INFO ************ Epoch=16 end ************
2024-04-13 15:31:42,326 P3436006 INFO Train loss: 0.944670
2024-04-13 15:31:42,326 P3436006 INFO Evaluation @epoch 17 - batch 591: 
2024-04-13 15:31:55,076 P3436006 INFO ===
2024-04-13 15:31:55,076 P3436006 INFO [Metrics] AUC: 0.830921 - gAUC: 0.760515 - logloss: 0.508119
2024-04-13 15:31:55,077 P3436006 INFO Save best model: monitor(max)=1.591435
2024-04-13 15:31:55,309 P3436006 INFO ************ Epoch=17 end ************
2024-04-13 15:32:23,878 P3436006 INFO Train loss: 0.944002
2024-04-13 15:32:23,878 P3436006 INFO Evaluation @epoch 18 - batch 591: 
2024-04-13 15:32:34,880 P3436006 INFO ===
2024-04-13 15:32:34,880 P3436006 INFO [Metrics] AUC: 0.829230 - gAUC: 0.759492 - logloss: 0.524882
2024-04-13 15:32:34,881 P3436006 INFO Monitor(max)=1.588721 STOP!
2024-04-13 15:32:34,881 P3436006 INFO Reduce learning rate on plateau: 0.000100
2024-04-13 15:32:34,998 P3436006 INFO ************ Epoch=18 end ************
2024-04-13 15:33:02,730 P3436006 INFO Train loss: 0.870721
2024-04-13 15:33:02,730 P3436006 INFO Evaluation @epoch 19 - batch 591: 
2024-04-13 15:33:14,155 P3436006 INFO ===
2024-04-13 15:33:14,155 P3436006 INFO [Metrics] AUC: 0.838826 - gAUC: 0.768020 - logloss: 0.519763
2024-04-13 15:33:14,156 P3436006 INFO Save best model: monitor(max)=1.606846
2024-04-13 15:33:14,357 P3436006 INFO ************ Epoch=19 end ************
2024-04-13 15:33:41,897 P3436006 INFO Train loss: 0.836916
2024-04-13 15:33:41,897 P3436006 INFO Evaluation @epoch 20 - batch 591: 
2024-04-13 15:33:53,267 P3436006 INFO ===
2024-04-13 15:33:53,267 P3436006 INFO [Metrics] AUC: 0.839498 - gAUC: 0.768849 - logloss: 0.522247
2024-04-13 15:33:53,268 P3436006 INFO Save best model: monitor(max)=1.608347
2024-04-13 15:33:53,475 P3436006 INFO ************ Epoch=20 end ************
2024-04-13 15:34:20,339 P3436006 INFO Train loss: 0.816635
2024-04-13 15:34:20,339 P3436006 INFO Evaluation @epoch 21 - batch 591: 
2024-04-13 15:34:31,268 P3436006 INFO ===
2024-04-13 15:34:31,268 P3436006 INFO [Metrics] AUC: 0.838835 - gAUC: 0.768353 - logloss: 0.528095
2024-04-13 15:34:31,269 P3436006 INFO Monitor(max)=1.607188 STOP!
2024-04-13 15:34:31,269 P3436006 INFO Reduce learning rate on plateau: 0.000010
2024-04-13 15:34:31,381 P3436006 INFO ************ Epoch=21 end ************
2024-04-13 15:34:58,784 P3436006 INFO Train loss: 0.781875
2024-04-13 15:34:58,785 P3436006 INFO Evaluation @epoch 22 - batch 591: 
2024-04-13 15:35:09,949 P3436006 INFO ===
2024-04-13 15:35:09,950 P3436006 INFO [Metrics] AUC: 0.837395 - gAUC: 0.767246 - logloss: 0.545917
2024-04-13 15:35:09,951 P3436006 INFO Monitor(max)=1.604641 STOP!
2024-04-13 15:35:09,951 P3436006 INFO Reduce learning rate on plateau: 0.000001
2024-04-13 15:35:09,951 P3436006 INFO ********* Epoch==22 early stop *********
2024-04-13 15:35:10,060 P3436006 INFO Training finished.
2024-04-13 15:35:10,061 P3436006 INFO Load best model: /mnt/public/lhh/code/model_zoo/TF4CTR/TF4CTR_torch/checkpoints/KKBox_x1_csv_9dad49f7/TF4CTRv2_KKBox_012_8868cef3.model
2024-04-13 15:35:10,085 P3436006 INFO ****** Validation evaluation ******
2024-04-13 15:35:21,572 P3436006 INFO ===
2024-04-13 15:35:21,573 P3436006 INFO [Metrics] logloss: 0.522247 - AUC: 0.839498 - gAUC: 0.768849
2024-04-13 15:35:21,607 P3436006 INFO ******** Test evaluation ********
2024-04-13 15:35:21,608 P3436006 INFO Loading data...
2024-04-13 15:35:21,608 P3436006 INFO Loading data from h5: ../../../data/KKBox_x1_csv_9dad49f7/test.h5
2024-04-13 15:35:21,784 P3436006 INFO Test samples: total/737743, blocks/1
2024-04-13 15:35:21,784 P3436006 INFO Loading test data done.
2024-04-13 15:35:33,029 P3436006 INFO ===
2024-04-13 15:35:33,029 P3436006 INFO [Metrics] logloss: 0.521509 - AUC: 0.839777 - gAUC: 0.770031
