2024-04-12 22:06:18,259 P1867226 INFO Params: {
    "DFM": "CF",
    "SSM": "GM",
    "alpha": "0.25",
    "batch_norm": "True",
    "batch_size": "10000",
    "c": "0.9",
    "data_format": "csv",
    "data_root": "../../../data/",
    "dataset_id": "KKBox_x1_csv_9dad49f7",
    "debug_mode": "False",
    "early_stop_patience": "2",
    "easy_hidden_units": "[400]",
    "embedding_dim": "16",
    "embedding_regularizer": "0.0005",
    "epochs": "100",
    "eval_steps": "None",
    "feature_cols": "[{'active': True, 'dtype': 'int', 'name': 'group_id', 'preprocess': 'copy_from(msno)', 'remap': False, 'type': 'meta'}, {'active': True, 'dtype': 'str', 'name': ['msno', 'song_id', 'source_system_tab', 'source_screen_name', 'source_type', 'city', 'gender', 'registered_via', 'language'], 'type': 'categorical'}, {'active': True, 'dtype': 'str', 'encoder': 'MaskedSumPooling', 'max_len': 3, 'name': 'genre_ids', 'type': 'sequence'}, {'active': True, 'dtype': 'str', 'encoder': 'MaskedSumPooling', 'max_len': 3, 'name': 'artist_name', 'type': 'sequence'}, {'active': True, 'dtype': 'str', 'name': 'isrc', 'preprocess': 'extract_country_code', 'type': 'categorical'}, {'active': True, 'dtype': 'str', 'name': 'bd', 'preprocess': 'bucketize_age', 'type': 'categorical'}]",
    "feature_config": "None",
    "feature_specs": "None",
    "gamma": "1",
    "gpu": "2",
    "group_id": "group_id",
    "hard_hidden_units": "[400, 400, 400]",
    "hidden_activations": "relu",
    "label_col": "{'dtype': 'float', 'name': 'label'}",
    "learning_rate": "0.001",
    "loss": "binary_crossentropy",
    "metrics": "['logloss', 'AUC', 'gAUC']",
    "min_categr_count": "2",
    "model": "TF4CTRv2",
    "model_id": "TF4CTRv2_KKBox_003_65bc95e1",
    "model_root": "./checkpoints/",
    "monitor": "{'AUC': 1, 'gAUC': 1, 'logloss': 0}",
    "monitor_mode": "max",
    "net_dropout": "0.2",
    "net_regularizer": "0",
    "num_workers": "8",
    "optimizer": "adam",
    "pickle_feature_encoder": "True",
    "save_best_only": "True",
    "seed": "2023",
    "shuffle": "True",
    "task": "binary_classification",
    "test_data": "../../../data/KKBox_x1/test.csv",
    "train_data": "../../../data/KKBox_x1/train.csv",
    "use_features": "None",
    "valid_data": "../../../data/KKBox_x1/valid.csv",
    "verbose": "1"
}
2024-04-12 22:06:18,259 P1867226 INFO Set up feature processor...
2024-04-12 22:06:18,260 P1867226 WARNING Skip rebuilding ../../../data/KKBox_x1_csv_9dad49f7/feature_map.json. Please delete it manually if rebuilding is required.
2024-04-12 22:06:18,260 P1867226 INFO Load feature_map from json: ../../../data/KKBox_x1_csv_9dad49f7/feature_map.json
2024-04-12 22:06:18,260 P1867226 INFO Set column index...
2024-04-12 22:06:18,260 P1867226 INFO Feature specs: {
    "artist_name": "{'source': '', 'type': 'sequence', 'feature_encoder': 'layers.MaskedAveragePooling()', 'padding_idx': 0, 'oov_idx': 25368, 'vocab_size': 25369, 'max_len': 3}",
    "bd": "{'source': '', 'type': 'categorical', 'padding_idx': 0, 'oov_idx': 8, 'vocab_size': 9}",
    "city": "{'source': '', 'type': 'categorical', 'padding_idx': 0, 'oov_idx': 22, 'vocab_size': 23}",
    "gender": "{'source': '', 'type': 'categorical', 'padding_idx': 0, 'oov_idx': 3, 'vocab_size': 4}",
    "genre_ids": "{'source': '', 'type': 'sequence', 'feature_encoder': 'layers.MaskedAveragePooling()', 'padding_idx': 0, 'oov_idx': 482, 'vocab_size': 483, 'max_len': 3}",
    "group_id": "{'type': 'meta'}",
    "isrc": "{'source': '', 'type': 'categorical', 'padding_idx': 0, 'oov_idx': 96, 'vocab_size': 97}",
    "language": "{'source': '', 'type': 'categorical', 'padding_idx': 0, 'oov_idx': 11, 'vocab_size': 12}",
    "msno": "{'source': '', 'type': 'categorical', 'padding_idx': 0, 'oov_idx': 29505, 'vocab_size': 29506}",
    "registered_via": "{'source': '', 'type': 'categorical', 'padding_idx': 0, 'oov_idx': 6, 'vocab_size': 7}",
    "song_id": "{'source': '', 'type': 'categorical', 'padding_idx': 0, 'oov_idx': 172296, 'vocab_size': 172297}",
    "source_screen_name": "{'source': '', 'type': 'categorical', 'padding_idx': 0, 'oov_idx': 21, 'vocab_size': 22}",
    "source_system_tab": "{'source': '', 'type': 'categorical', 'padding_idx': 0, 'oov_idx': 9, 'vocab_size': 10}",
    "source_type": "{'source': '', 'type': 'categorical', 'padding_idx': 0, 'oov_idx': 13, 'vocab_size': 14}"
}
2024-04-12 22:06:22,370 P1867226 INFO Total number of parameters: 4149476.
2024-04-12 22:06:22,370 P1867226 INFO Loading data...
2024-04-12 22:06:22,371 P1867226 INFO Loading data from h5: ../../../data/KKBox_x1_csv_9dad49f7/train.h5
2024-04-12 22:06:24,133 P1867226 INFO Train samples: total/5901932, blocks/1
2024-04-12 22:06:24,133 P1867226 INFO Loading data from h5: ../../../data/KKBox_x1_csv_9dad49f7/valid.h5
2024-04-12 22:06:24,366 P1867226 INFO Validation samples: total/737743, blocks/1
2024-04-12 22:06:24,366 P1867226 INFO Loading train and validation data done.
2024-04-12 22:06:24,366 P1867226 INFO Start training: 591 batches/epoch
2024-04-12 22:06:24,366 P1867226 INFO ************ Epoch=1 start ************
2024-04-12 22:07:43,985 P1867226 INFO Train loss: 1.038296
2024-04-12 22:07:43,985 P1867226 INFO Evaluation @epoch 1 - batch 591: 
2024-04-12 22:08:10,669 P1867226 INFO ===
2024-04-12 22:08:10,670 P1867226 INFO [Metrics] AUC: 0.804429 - gAUC: 0.726305 - logloss: 0.535996
2024-04-12 22:08:10,670 P1867226 INFO Save best model: monitor(max)=1.530734
2024-04-12 22:08:10,833 P1867226 INFO ************ Epoch=1 end ************
2024-04-12 22:09:15,565 P1867226 INFO Train loss: 0.989319
2024-04-12 22:09:15,565 P1867226 INFO Evaluation @epoch 2 - batch 591: 
2024-04-12 22:09:52,629 P1867226 INFO ===
2024-04-12 22:09:52,629 P1867226 INFO [Metrics] AUC: 0.814778 - gAUC: 0.740693 - logloss: 0.524319
2024-04-12 22:09:52,630 P1867226 INFO Save best model: monitor(max)=1.555472
2024-04-12 22:09:52,887 P1867226 INFO ************ Epoch=2 end ************
2024-04-12 22:10:47,334 P1867226 INFO Train loss: 0.980088
2024-04-12 22:10:47,334 P1867226 INFO Evaluation @epoch 3 - batch 591: 
2024-04-12 22:11:21,850 P1867226 INFO ===
2024-04-12 22:11:21,851 P1867226 INFO [Metrics] AUC: 0.820028 - gAUC: 0.748274 - logloss: 0.518041
2024-04-12 22:11:21,851 P1867226 INFO Save best model: monitor(max)=1.568302
2024-04-12 22:11:22,335 P1867226 INFO ************ Epoch=3 end ************
2024-04-12 22:12:15,400 P1867226 INFO Train loss: 0.975042
2024-04-12 22:12:15,414 P1867226 INFO Evaluation @epoch 4 - batch 591: 
2024-04-12 22:12:59,885 P1867226 INFO ===
2024-04-12 22:12:59,885 P1867226 INFO [Metrics] AUC: 0.823327 - gAUC: 0.752268 - logloss: 0.514333
2024-04-12 22:12:59,886 P1867226 INFO Save best model: monitor(max)=1.575595
2024-04-12 22:13:00,106 P1867226 INFO ************ Epoch=4 end ************
2024-04-12 22:13:52,508 P1867226 INFO Train loss: 0.971436
2024-04-12 22:13:52,508 P1867226 INFO Evaluation @epoch 5 - batch 591: 
2024-04-12 22:14:30,555 P1867226 INFO ===
2024-04-12 22:14:30,555 P1867226 INFO [Metrics] AUC: 0.824808 - gAUC: 0.753402 - logloss: 0.512421
2024-04-12 22:14:30,556 P1867226 INFO Save best model: monitor(max)=1.578210
2024-04-12 22:14:30,913 P1867226 INFO ************ Epoch=5 end ************
2024-04-12 22:15:22,319 P1867226 INFO Train loss: 0.968790
2024-04-12 22:15:22,319 P1867226 INFO Evaluation @epoch 6 - batch 591: 
2024-04-12 22:15:59,975 P1867226 INFO ===
2024-04-12 22:15:59,975 P1867226 INFO [Metrics] AUC: 0.826451 - gAUC: 0.755680 - logloss: 0.510262
2024-04-12 22:15:59,976 P1867226 INFO Save best model: monitor(max)=1.582131
2024-04-12 22:16:00,432 P1867226 INFO ************ Epoch=6 end ************
2024-04-12 22:16:59,672 P1867226 INFO Train loss: 0.966942
2024-04-12 22:16:59,672 P1867226 INFO Evaluation @epoch 7 - batch 591: 
2024-04-12 22:17:37,268 P1867226 INFO ===
2024-04-12 22:17:37,268 P1867226 INFO [Metrics] AUC: 0.827023 - gAUC: 0.756531 - logloss: 0.509540
2024-04-12 22:17:37,269 P1867226 INFO Save best model: monitor(max)=1.583554
2024-04-12 22:17:37,513 P1867226 INFO ************ Epoch=7 end ************
2024-04-12 22:18:25,948 P1867226 INFO Train loss: 0.965164
2024-04-12 22:18:25,948 P1867226 INFO Evaluation @epoch 8 - batch 591: 
2024-04-12 22:19:00,102 P1867226 INFO ===
2024-04-12 22:19:00,102 P1867226 INFO [Metrics] AUC: 0.828292 - gAUC: 0.758054 - logloss: 0.507957
2024-04-12 22:19:00,103 P1867226 INFO Save best model: monitor(max)=1.586346
2024-04-12 22:19:00,387 P1867226 INFO ************ Epoch=8 end ************
2024-04-12 22:19:48,426 P1867226 INFO Train loss: 0.963432
2024-04-12 22:19:48,426 P1867226 INFO Evaluation @epoch 9 - batch 591: 
2024-04-12 22:20:27,409 P1867226 INFO ===
2024-04-12 22:20:27,410 P1867226 INFO [Metrics] AUC: 0.828510 - gAUC: 0.758781 - logloss: 0.507567
2024-04-12 22:20:27,410 P1867226 INFO Save best model: monitor(max)=1.587290
2024-04-12 22:20:27,668 P1867226 INFO ************ Epoch=9 end ************
2024-04-12 22:21:23,561 P1867226 INFO Train loss: 0.961918
2024-04-12 22:21:23,562 P1867226 INFO Evaluation @epoch 10 - batch 591: 
2024-04-12 22:21:55,095 P1867226 INFO ===
2024-04-12 22:21:55,095 P1867226 INFO [Metrics] AUC: 0.828998 - gAUC: 0.758308 - logloss: 0.507507
2024-04-12 22:21:55,096 P1867226 INFO Save best model: monitor(max)=1.587306
2024-04-12 22:21:55,342 P1867226 INFO ************ Epoch=10 end ************
2024-04-12 22:22:46,603 P1867226 INFO Train loss: 0.960949
2024-04-12 22:22:46,611 P1867226 INFO Evaluation @epoch 11 - batch 591: 
2024-04-12 22:23:28,689 P1867226 INFO ===
2024-04-12 22:23:28,690 P1867226 INFO [Metrics] AUC: 0.829357 - gAUC: 0.759258 - logloss: 0.506671
2024-04-12 22:23:28,690 P1867226 INFO Save best model: monitor(max)=1.588615
2024-04-12 22:23:28,985 P1867226 INFO ************ Epoch=11 end ************
2024-04-12 22:24:24,145 P1867226 INFO Train loss: 0.959414
2024-04-12 22:24:24,146 P1867226 INFO Evaluation @epoch 12 - batch 591: 
2024-04-12 22:25:05,554 P1867226 INFO ===
2024-04-12 22:25:05,555 P1867226 INFO [Metrics] AUC: 0.829838 - gAUC: 0.759723 - logloss: 0.506244
2024-04-12 22:25:05,555 P1867226 INFO Save best model: monitor(max)=1.589560
2024-04-12 22:25:05,864 P1867226 INFO ************ Epoch=12 end ************
2024-04-12 22:26:01,439 P1867226 INFO Train loss: 0.958532
2024-04-12 22:26:01,439 P1867226 INFO Evaluation @epoch 13 - batch 591: 
2024-04-12 22:26:42,763 P1867226 INFO ===
2024-04-12 22:26:42,763 P1867226 INFO [Metrics] AUC: 0.830278 - gAUC: 0.759947 - logloss: 0.505744
2024-04-12 22:26:42,764 P1867226 INFO Save best model: monitor(max)=1.590225
2024-04-12 22:26:43,047 P1867226 INFO ************ Epoch=13 end ************
2024-04-12 22:27:23,769 P1867226 INFO Train loss: 0.957697
2024-04-12 22:27:23,769 P1867226 INFO Evaluation @epoch 14 - batch 591: 
2024-04-12 22:28:00,592 P1867226 INFO ===
2024-04-12 22:28:00,592 P1867226 INFO [Metrics] AUC: 0.830723 - gAUC: 0.760711 - logloss: 0.505311
2024-04-12 22:28:00,593 P1867226 INFO Save best model: monitor(max)=1.591435
2024-04-12 22:28:00,893 P1867226 INFO ************ Epoch=14 end ************
2024-04-12 22:28:51,493 P1867226 INFO Train loss: 0.956733
2024-04-12 22:28:51,493 P1867226 INFO Evaluation @epoch 15 - batch 591: 
2024-04-12 22:29:20,301 P1867226 INFO ===
2024-04-12 22:29:20,301 P1867226 INFO [Metrics] AUC: 0.830920 - gAUC: 0.761025 - logloss: 0.505013
2024-04-12 22:29:20,302 P1867226 INFO Save best model: monitor(max)=1.591945
2024-04-12 22:29:20,655 P1867226 INFO ************ Epoch=15 end ************
2024-04-12 22:30:05,688 P1867226 INFO Train loss: 0.955772
2024-04-12 22:30:05,688 P1867226 INFO Evaluation @epoch 16 - batch 591: 
2024-04-12 22:30:40,369 P1867226 INFO ===
2024-04-12 22:30:40,369 P1867226 INFO [Metrics] AUC: 0.831485 - gAUC: 0.761723 - logloss: 0.503927
2024-04-12 22:30:40,369 P1867226 INFO Save best model: monitor(max)=1.593208
2024-04-12 22:30:40,652 P1867226 INFO ************ Epoch=16 end ************
2024-04-12 22:31:27,514 P1867226 INFO Train loss: 0.955044
2024-04-12 22:31:27,514 P1867226 INFO Evaluation @epoch 17 - batch 591: 
2024-04-12 22:32:04,134 P1867226 INFO ===
2024-04-12 22:32:04,135 P1867226 INFO [Metrics] AUC: 0.831613 - gAUC: 0.761719 - logloss: 0.503833
2024-04-12 22:32:04,135 P1867226 INFO Save best model: monitor(max)=1.593331
2024-04-12 22:32:04,473 P1867226 INFO ************ Epoch=17 end ************
2024-04-12 22:33:02,600 P1867226 INFO Train loss: 0.954526
2024-04-12 22:33:02,600 P1867226 INFO Evaluation @epoch 18 - batch 591: 
2024-04-12 22:33:36,251 P1867226 INFO ===
2024-04-12 22:33:36,251 P1867226 INFO [Metrics] AUC: 0.831929 - gAUC: 0.761916 - logloss: 0.503575
2024-04-12 22:33:36,252 P1867226 INFO Save best model: monitor(max)=1.593844
2024-04-12 22:33:36,563 P1867226 INFO ************ Epoch=18 end ************
2024-04-12 22:34:26,886 P1867226 INFO Train loss: 0.953693
2024-04-12 22:34:26,887 P1867226 INFO Evaluation @epoch 19 - batch 591: 
2024-04-12 22:35:03,087 P1867226 INFO ===
2024-04-12 22:35:03,087 P1867226 INFO [Metrics] AUC: 0.832298 - gAUC: 0.762466 - logloss: 0.503082
2024-04-12 22:35:03,087 P1867226 INFO Save best model: monitor(max)=1.594764
2024-04-12 22:35:03,566 P1867226 INFO ************ Epoch=19 end ************
2024-04-12 22:35:58,491 P1867226 INFO Train loss: 0.953081
2024-04-12 22:35:58,491 P1867226 INFO Evaluation @epoch 20 - batch 591: 
2024-04-12 22:36:28,049 P1867226 INFO ===
2024-04-12 22:36:28,049 P1867226 INFO [Metrics] AUC: 0.832394 - gAUC: 0.762558 - logloss: 0.502680
2024-04-12 22:36:28,050 P1867226 INFO Save best model: monitor(max)=1.594952
2024-04-12 22:36:28,425 P1867226 INFO ************ Epoch=20 end ************
2024-04-12 22:37:20,819 P1867226 INFO Train loss: 0.952471
2024-04-12 22:37:20,820 P1867226 INFO Evaluation @epoch 21 - batch 591: 
2024-04-12 22:37:50,606 P1867226 INFO ===
2024-04-12 22:37:50,606 P1867226 INFO [Metrics] AUC: 0.832424 - gAUC: 0.762642 - logloss: 0.503012
2024-04-12 22:37:50,607 P1867226 INFO Save best model: monitor(max)=1.595066
2024-04-12 22:37:50,976 P1867226 INFO ************ Epoch=21 end ************
2024-04-12 22:38:40,364 P1867226 INFO Train loss: 0.951846
2024-04-12 22:38:40,365 P1867226 INFO Evaluation @epoch 22 - batch 591: 
2024-04-12 22:39:06,814 P1867226 INFO ===
2024-04-12 22:39:06,814 P1867226 INFO [Metrics] AUC: 0.833147 - gAUC: 0.763209 - logloss: 0.502159
2024-04-12 22:39:06,815 P1867226 INFO Save best model: monitor(max)=1.596356
2024-04-12 22:39:07,184 P1867226 INFO ************ Epoch=22 end ************
2024-04-12 22:39:58,534 P1867226 INFO Train loss: 0.951602
2024-04-12 22:39:58,534 P1867226 INFO Evaluation @epoch 23 - batch 591: 
2024-04-12 22:40:33,574 P1867226 INFO ===
2024-04-12 22:40:33,574 P1867226 INFO [Metrics] AUC: 0.832869 - gAUC: 0.763393 - logloss: 0.502290
2024-04-12 22:40:33,575 P1867226 INFO Monitor(max)=1.596262 STOP!
2024-04-12 22:40:33,575 P1867226 INFO Reduce learning rate on plateau: 0.000100
2024-04-12 22:40:33,833 P1867226 INFO ************ Epoch=23 end ************
2024-04-12 22:41:25,990 P1867226 INFO Train loss: 0.876332
2024-04-12 22:41:25,990 P1867226 INFO Evaluation @epoch 24 - batch 591: 
2024-04-12 22:42:03,275 P1867226 INFO ===
2024-04-12 22:42:03,275 P1867226 INFO [Metrics] AUC: 0.838795 - gAUC: 0.767982 - logloss: 0.498229
2024-04-12 22:42:03,276 P1867226 INFO Save best model: monitor(max)=1.606776
2024-04-12 22:42:03,619 P1867226 INFO ************ Epoch=24 end ************
2024-04-12 22:42:49,111 P1867226 INFO Train loss: 0.842814
2024-04-12 22:42:49,111 P1867226 INFO Evaluation @epoch 25 - batch 591: 
2024-04-12 22:43:33,917 P1867226 INFO ===
2024-04-12 22:43:33,917 P1867226 INFO [Metrics] AUC: 0.839411 - gAUC: 0.768734 - logloss: 0.499056
2024-04-12 22:43:33,918 P1867226 INFO Save best model: monitor(max)=1.608145
2024-04-12 22:43:34,190 P1867226 INFO ************ Epoch=25 end ************
2024-04-12 22:44:24,852 P1867226 INFO Train loss: 0.822838
2024-04-12 22:44:24,852 P1867226 INFO Evaluation @epoch 26 - batch 591: 
2024-04-12 22:45:08,349 P1867226 INFO ===
2024-04-12 22:45:08,349 P1867226 INFO [Metrics] AUC: 0.838041 - gAUC: 0.767361 - logloss: 0.504565
2024-04-12 22:45:08,350 P1867226 INFO Monitor(max)=1.605401 STOP!
2024-04-12 22:45:08,350 P1867226 INFO Reduce learning rate on plateau: 0.000010
2024-04-12 22:45:08,619 P1867226 INFO ************ Epoch=26 end ************
2024-04-12 22:45:50,363 P1867226 INFO Train loss: 0.788239
2024-04-12 22:45:50,363 P1867226 INFO Evaluation @epoch 27 - batch 591: 
2024-04-12 22:46:25,707 P1867226 INFO ===
2024-04-12 22:46:25,708 P1867226 INFO [Metrics] AUC: 0.836459 - gAUC: 0.766086 - logloss: 0.514946
2024-04-12 22:46:25,709 P1867226 INFO Monitor(max)=1.602545 STOP!
2024-04-12 22:46:25,709 P1867226 INFO Reduce learning rate on plateau: 0.000001
2024-04-12 22:46:25,709 P1867226 INFO ********* Epoch==27 early stop *********
2024-04-12 22:46:25,941 P1867226 INFO Training finished.
2024-04-12 22:46:25,942 P1867226 INFO Load best model: /mnt/public/lhh/code/model_zoo/TF4CTR/TF4CTR_torch/checkpoints/KKBox_x1_csv_9dad49f7/TF4CTRv2_KKBox_003_65bc95e1.model
2024-04-12 22:46:25,987 P1867226 INFO ****** Validation evaluation ******
2024-04-12 22:46:57,511 P1867226 INFO ===
2024-04-12 22:46:57,511 P1867226 INFO [Metrics] logloss: 0.499056 - AUC: 0.839411 - gAUC: 0.768734
2024-04-12 22:46:57,574 P1867226 INFO ******** Test evaluation ********
2024-04-12 22:46:57,575 P1867226 INFO Loading data...
2024-04-12 22:46:57,575 P1867226 INFO Loading data from h5: ../../../data/KKBox_x1_csv_9dad49f7/test.h5
2024-04-12 22:46:57,824 P1867226 INFO Test samples: total/737743, blocks/1
2024-04-12 22:46:57,824 P1867226 INFO Loading test data done.
2024-04-12 22:47:45,329 P1867226 INFO ===
2024-04-12 22:47:45,330 P1867226 INFO [Metrics] logloss: 0.498425 - AUC: 0.839834 - gAUC: 0.769536
