2024-04-12 15:40:53,084 P2649397 INFO Params: {
    "DFM": "CF",
    "SSM": "GM",
    "alpha": "0.25",
    "batch_norm": "True",
    "batch_size": "10000",
    "c": "0.7",
    "data_format": "csv",
    "data_root": "../../../data/",
    "dataset_id": "Frappe_x1_csv_53b0b0b3",
    "debug_mode": "False",
    "early_stop_patience": "2",
    "easy_hidden_units": "[400]",
    "embedding_dim": "16",
    "embedding_regularizer": "0.1",
    "epochs": "100",
    "eval_steps": "None",
    "feature_cols": "[{'active': True, 'dtype': 'int', 'name': 'group_id', 'preprocess': 'copy_from(user)', 'remap': False, 'type': 'meta'}, {'active': True, 'dtype': 'float', 'name': ['user', 'item', 'daytime', 'weekday', 'isweekend', 'homework', 'cost', 'weather', 'country', 'city'], 'type': 'categorical'}]",
    "feature_config": "None",
    "feature_specs": "None",
    "gamma": "2",
    "gpu": "2",
    "group_id": "group_id",
    "hard_hidden_units": "[400, 400, 400]",
    "hidden_activations": "relu",
    "label_col": "{'dtype': 'float', 'name': 'label'}",
    "learning_rate": "0.001",
    "loss": "binary_crossentropy",
    "metrics": "['logloss', 'AUC', 'gAUC']",
    "min_categr_count": "2",
    "model": "TF4CTRv2",
    "model_id": "TF4CTRv2_Frappe_004_22d0e023",
    "model_root": "./checkpoints/",
    "monitor": "{'AUC': 1, 'gAUC': 1, 'logloss': 0}",
    "monitor_mode": "max",
    "net_dropout": "0.2",
    "net_regularizer": "0",
    "num_workers": "8",
    "optimizer": "adam",
    "pickle_feature_encoder": "True",
    "save_best_only": "True",
    "seed": "2023",
    "shuffle": "True",
    "task": "binary_classification",
    "test_data": "../../../data/Frappe/test.csv",
    "train_data": "../../../data/Frappe/train.csv",
    "use_features": "None",
    "valid_data": "../../../data/Frappe/valid.csv",
    "verbose": "1"
}
2024-04-12 15:40:53,085 P2649397 INFO Set up feature processor...
2024-04-12 15:40:53,085 P2649397 WARNING Skip rebuilding ../../../data/Frappe_x1_csv_53b0b0b3/feature_map.json. Please delete it manually if rebuilding is required.
2024-04-12 15:40:53,085 P2649397 INFO Load feature_map from json: ../../../data/Frappe_x1_csv_53b0b0b3/feature_map.json
2024-04-12 15:40:53,085 P2649397 INFO Set column index...
2024-04-12 15:40:53,086 P2649397 INFO Feature specs: {
    "city": "{'source': '', 'type': 'categorical', 'padding_idx': 0, 'oov_idx': 232, 'vocab_size': 233}",
    "cost": "{'source': '', 'type': 'categorical', 'padding_idx': 0, 'oov_idx': 3, 'vocab_size': 4}",
    "country": "{'source': '', 'type': 'categorical', 'padding_idx': 0, 'oov_idx': 81, 'vocab_size': 82}",
    "daytime": "{'source': '', 'type': 'categorical', 'padding_idx': 0, 'oov_idx': 8, 'vocab_size': 9}",
    "group_id": "{'type': 'meta'}",
    "homework": "{'source': '', 'type': 'categorical', 'padding_idx': 0, 'oov_idx': 4, 'vocab_size': 5}",
    "isweekend": "{'source': '', 'type': 'categorical', 'padding_idx': 0, 'oov_idx': 3, 'vocab_size': 4}",
    "item": "{'source': '', 'type': 'categorical', 'padding_idx': 0, 'oov_idx': 4083, 'vocab_size': 4084}",
    "user": "{'source': '', 'type': 'categorical', 'padding_idx': 0, 'oov_idx': 941, 'vocab_size': 942}",
    "weather": "{'source': '', 'type': 'categorical', 'padding_idx': 0, 'oov_idx': 10, 'vocab_size': 11}",
    "weekday": "{'source': '', 'type': 'categorical', 'padding_idx': 0, 'oov_idx': 8, 'vocab_size': 9}"
}
2024-04-12 15:40:58,334 P2649397 INFO Total number of parameters: 547092.
2024-04-12 15:40:58,335 P2649397 INFO Loading data...
2024-04-12 15:40:58,335 P2649397 INFO Loading data from h5: ../../../data/Frappe_x1_csv_53b0b0b3/train.h5
2024-04-12 15:40:58,369 P2649397 INFO Train samples: total/202027, blocks/1
2024-04-12 15:40:58,369 P2649397 INFO Loading data from h5: ../../../data/Frappe_x1_csv_53b0b0b3/valid.h5
2024-04-12 15:40:58,376 P2649397 INFO Validation samples: total/57722, blocks/1
2024-04-12 15:40:58,376 P2649397 INFO Loading train and validation data done.
2024-04-12 15:40:58,376 P2649397 INFO Start training: 21 batches/epoch
2024-04-12 15:40:58,376 P2649397 INFO ************ Epoch=1 start ************
2024-04-12 15:41:00,462 P2649397 INFO Train loss: 0.841198
2024-04-12 15:41:00,462 P2649397 INFO Evaluation @epoch 1 - batch 21: 
2024-04-12 15:41:07,456 P2649397 INFO ===
2024-04-12 15:41:07,456 P2649397 INFO [Metrics] AUC: 0.931046 - gAUC: 0.923848 - logloss: 0.619522
2024-04-12 15:41:07,458 P2649397 INFO Save best model: monitor(max)=1.854894
2024-04-12 15:41:07,662 P2649397 INFO ************ Epoch=1 end ************
2024-04-12 15:41:09,173 P2649397 INFO Train loss: 0.579158
2024-04-12 15:41:09,173 P2649397 INFO Evaluation @epoch 2 - batch 21: 
2024-04-12 15:41:15,449 P2649397 INFO ===
2024-04-12 15:41:15,450 P2649397 INFO [Metrics] AUC: 0.939448 - gAUC: 0.927663 - logloss: 0.594038
2024-04-12 15:41:15,451 P2649397 INFO Save best model: monitor(max)=1.867111
2024-04-12 15:41:15,650 P2649397 INFO ************ Epoch=2 end ************
2024-04-12 15:41:16,875 P2649397 INFO Train loss: 0.514132
2024-04-12 15:41:16,876 P2649397 INFO Evaluation @epoch 3 - batch 21: 
2024-04-12 15:41:23,463 P2649397 INFO ===
2024-04-12 15:41:23,464 P2649397 INFO [Metrics] AUC: 0.944822 - gAUC: 0.930920 - logloss: 0.541110
2024-04-12 15:41:23,464 P2649397 INFO Save best model: monitor(max)=1.875742
2024-04-12 15:41:23,576 P2649397 INFO ************ Epoch=3 end ************
2024-04-12 15:41:24,771 P2649397 INFO Train loss: 0.463309
2024-04-12 15:41:24,771 P2649397 INFO Evaluation @epoch 4 - batch 21: 
2024-04-12 15:41:30,742 P2649397 INFO ===
2024-04-12 15:41:30,743 P2649397 INFO [Metrics] AUC: 0.957827 - gAUC: 0.945647 - logloss: 0.346026
2024-04-12 15:41:30,743 P2649397 INFO Save best model: monitor(max)=1.903474
2024-04-12 15:41:30,878 P2649397 INFO ************ Epoch=4 end ************
2024-04-12 15:41:32,207 P2649397 INFO Train loss: 0.420519
2024-04-12 15:41:32,208 P2649397 INFO Evaluation @epoch 5 - batch 21: 
2024-04-12 15:41:38,403 P2649397 INFO ===
2024-04-12 15:41:38,403 P2649397 INFO [Metrics] AUC: 0.964096 - gAUC: 0.954629 - logloss: 0.263031
2024-04-12 15:41:38,403 P2649397 INFO Save best model: monitor(max)=1.918725
2024-04-12 15:41:38,543 P2649397 INFO ************ Epoch=5 end ************
2024-04-12 15:41:40,041 P2649397 INFO Train loss: 0.383098
2024-04-12 15:41:40,042 P2649397 INFO Evaluation @epoch 6 - batch 21: 
2024-04-12 15:41:45,955 P2649397 INFO ===
2024-04-12 15:41:45,955 P2649397 INFO [Metrics] AUC: 0.969069 - gAUC: 0.961140 - logloss: 0.583092
2024-04-12 15:41:45,955 P2649397 INFO Save best model: monitor(max)=1.930210
2024-04-12 15:41:46,244 P2649397 INFO ************ Epoch=6 end ************
2024-04-12 15:41:47,619 P2649397 INFO Train loss: 0.357288
2024-04-12 15:41:47,620 P2649397 INFO Evaluation @epoch 7 - batch 21: 
2024-04-12 15:41:53,946 P2649397 INFO ===
2024-04-12 15:41:53,947 P2649397 INFO [Metrics] AUC: 0.972321 - gAUC: 0.965461 - logloss: 0.534078
2024-04-12 15:41:53,947 P2649397 INFO Save best model: monitor(max)=1.937782
2024-04-12 15:41:54,079 P2649397 INFO ************ Epoch=7 end ************
2024-04-12 15:41:55,324 P2649397 INFO Train loss: 0.338517
2024-04-12 15:41:55,324 P2649397 INFO Evaluation @epoch 8 - batch 21: 
2024-04-12 15:42:01,463 P2649397 INFO ===
2024-04-12 15:42:01,464 P2649397 INFO [Metrics] AUC: 0.976104 - gAUC: 0.970071 - logloss: 0.297884
2024-04-12 15:42:01,464 P2649397 INFO Save best model: monitor(max)=1.946176
2024-04-12 15:42:01,604 P2649397 INFO ************ Epoch=8 end ************
2024-04-12 15:42:02,873 P2649397 INFO Train loss: 0.317910
2024-04-12 15:42:02,874 P2649397 INFO Evaluation @epoch 9 - batch 21: 
2024-04-12 15:42:09,134 P2649397 INFO ===
2024-04-12 15:42:09,134 P2649397 INFO [Metrics] AUC: 0.975216 - gAUC: 0.969038 - logloss: 0.388757
2024-04-12 15:42:09,134 P2649397 INFO Monitor(max)=1.944254 STOP!
2024-04-12 15:42:09,135 P2649397 INFO Reduce learning rate on plateau: 0.000100
2024-04-12 15:42:09,306 P2649397 INFO ************ Epoch=9 end ************
2024-04-12 15:42:11,035 P2649397 INFO Train loss: 0.267954
2024-04-12 15:42:11,035 P2649397 INFO Evaluation @epoch 10 - batch 21: 
2024-04-12 15:42:17,431 P2649397 INFO ===
2024-04-12 15:42:17,440 P2649397 INFO [Metrics] AUC: 0.983556 - gAUC: 0.977112 - logloss: 0.147872
2024-04-12 15:42:17,441 P2649397 INFO Save best model: monitor(max)=1.960668
2024-04-12 15:42:17,641 P2649397 INFO ************ Epoch=10 end ************
2024-04-12 15:42:19,347 P2649397 INFO Train loss: 0.236519
2024-04-12 15:42:19,347 P2649397 INFO Evaluation @epoch 11 - batch 21: 
2024-04-12 15:42:25,176 P2649397 INFO ===
2024-04-12 15:42:25,176 P2649397 INFO [Metrics] AUC: 0.984325 - gAUC: 0.978157 - logloss: 0.146208
2024-04-12 15:42:25,176 P2649397 INFO Save best model: monitor(max)=1.962481
2024-04-12 15:42:25,338 P2649397 INFO ************ Epoch=11 end ************
2024-04-12 15:42:26,644 P2649397 INFO Train loss: 0.214416
2024-04-12 15:42:26,645 P2649397 INFO Evaluation @epoch 12 - batch 21: 
2024-04-12 15:42:33,361 P2649397 INFO ===
2024-04-12 15:42:33,362 P2649397 INFO [Metrics] AUC: 0.984596 - gAUC: 0.978586 - logloss: 0.148172
2024-04-12 15:42:33,362 P2649397 INFO Save best model: monitor(max)=1.963181
2024-04-12 15:42:33,520 P2649397 INFO ************ Epoch=12 end ************
2024-04-12 15:42:35,025 P2649397 INFO Train loss: 0.199612
2024-04-12 15:42:35,025 P2649397 INFO Evaluation @epoch 13 - batch 21: 
2024-04-12 15:42:41,126 P2649397 INFO ===
2024-04-12 15:42:41,126 P2649397 INFO [Metrics] AUC: 0.984864 - gAUC: 0.978915 - logloss: 0.147964
2024-04-12 15:42:41,127 P2649397 INFO Save best model: monitor(max)=1.963779
2024-04-12 15:42:41,301 P2649397 INFO ************ Epoch=13 end ************
2024-04-12 15:42:43,056 P2649397 INFO Train loss: 0.187487
2024-04-12 15:42:43,056 P2649397 INFO Evaluation @epoch 14 - batch 21: 
2024-04-12 15:42:49,310 P2649397 INFO ===
2024-04-12 15:42:49,310 P2649397 INFO [Metrics] AUC: 0.984841 - gAUC: 0.978999 - logloss: 0.149248
2024-04-12 15:42:49,311 P2649397 INFO Save best model: monitor(max)=1.963840
2024-04-12 15:42:49,414 P2649397 INFO ************ Epoch=14 end ************
2024-04-12 15:42:50,827 P2649397 INFO Train loss: 0.176690
2024-04-12 15:42:50,827 P2649397 INFO Evaluation @epoch 15 - batch 21: 
2024-04-12 15:42:56,382 P2649397 INFO ===
2024-04-12 15:42:56,382 P2649397 INFO [Metrics] AUC: 0.984796 - gAUC: 0.979138 - logloss: 0.154079
2024-04-12 15:42:56,382 P2649397 INFO Save best model: monitor(max)=1.963934
2024-04-12 15:42:56,565 P2649397 INFO ************ Epoch=15 end ************
2024-04-12 15:42:57,895 P2649397 INFO Train loss: 0.166475
2024-04-12 15:42:57,896 P2649397 INFO Evaluation @epoch 16 - batch 21: 
2024-04-12 15:43:03,673 P2649397 INFO ===
2024-04-12 15:43:03,674 P2649397 INFO [Metrics] AUC: 0.985022 - gAUC: 0.979138 - logloss: 0.155182
2024-04-12 15:43:03,674 P2649397 INFO Save best model: monitor(max)=1.964160
2024-04-12 15:43:03,833 P2649397 INFO ************ Epoch=16 end ************
2024-04-12 15:43:05,306 P2649397 INFO Train loss: 0.160533
2024-04-12 15:43:05,307 P2649397 INFO Evaluation @epoch 17 - batch 21: 
2024-04-12 15:43:10,964 P2649397 INFO ===
2024-04-12 15:43:10,964 P2649397 INFO [Metrics] AUC: 0.984859 - gAUC: 0.978893 - logloss: 0.157929
2024-04-12 15:43:10,965 P2649397 INFO Monitor(max)=1.963753 STOP!
2024-04-12 15:43:10,967 P2649397 INFO Reduce learning rate on plateau: 0.000010
2024-04-12 15:43:11,297 P2649397 INFO ************ Epoch=17 end ************
2024-04-12 15:43:12,639 P2649397 INFO Train loss: 0.152199
2024-04-12 15:43:12,639 P2649397 INFO Evaluation @epoch 18 - batch 21: 
2024-04-12 15:43:18,732 P2649397 INFO ===
2024-04-12 15:43:18,733 P2649397 INFO [Metrics] AUC: 0.984858 - gAUC: 0.978933 - logloss: 0.156014
2024-04-12 15:43:18,733 P2649397 INFO Monitor(max)=1.963791 STOP!
2024-04-12 15:43:18,733 P2649397 INFO Reduce learning rate on plateau: 0.000001
2024-04-12 15:43:18,733 P2649397 INFO ********* Epoch==18 early stop *********
2024-04-12 15:43:18,873 P2649397 INFO Training finished.
2024-04-12 15:43:18,874 P2649397 INFO Load best model: /mnt/public/lhh/code/model_zoo/TF4CTR/TF4CTR_torch/checkpoints/Frappe_x1_csv_53b0b0b3/TF4CTRv2_Frappe_004_22d0e023.model
2024-04-12 15:43:18,880 P2649397 INFO ****** Validation evaluation ******
2024-04-12 15:43:24,809 P2649397 INFO ===
2024-04-12 15:43:24,809 P2649397 INFO [Metrics] logloss: 0.155182 - AUC: 0.985022 - gAUC: 0.979138
2024-04-12 15:43:24,854 P2649397 INFO ******** Test evaluation ********
2024-04-12 15:43:24,854 P2649397 INFO Loading data...
2024-04-12 15:43:24,854 P2649397 INFO Loading data from h5: ../../../data/Frappe_x1_csv_53b0b0b3/test.h5
2024-04-12 15:43:24,861 P2649397 INFO Test samples: total/28860, blocks/1
2024-04-12 15:43:24,861 P2649397 INFO Loading test data done.
2024-04-12 15:43:30,295 P2649397 INFO ===
2024-04-12 15:43:30,301 P2649397 INFO [Metrics] logloss: 0.164934 - AUC: 0.984118 - gAUC: 0.978414
