2024-04-11 03:24:51,690 P2530847 INFO Params: {
    "DFM": "none",
    "SSM": "SER",
    "alpha": "0.25",
    "batch_norm": "True",
    "batch_size": "10000",
    "c": "0.8",
    "data_format": "csv",
    "data_root": "../../../data/",
    "dataset_id": "Frappe_x1_csv_53b0b0b3",
    "debug_mode": "False",
    "early_stop_patience": "2",
    "easy_hidden_units": "[400, 400]",
    "embedding_dim": "16",
    "embedding_regularizer": "0.1",
    "epochs": "100",
    "eval_steps": "None",
    "feature_cols": "[{'active': True, 'dtype': 'int', 'name': 'group_id', 'preprocess': 'copy_from(user)', 'remap': False, 'type': 'meta'}, {'active': True, 'dtype': 'float', 'name': ['user', 'item', 'daytime', 'weekday', 'isweekend', 'homework', 'cost', 'weather', 'country', 'city'], 'type': 'categorical'}]",
    "feature_config": "None",
    "feature_specs": "None",
    "gamma": "1",
    "gpu": "0",
    "group_id": "group_id",
    "hard_hidden_units": "[400, 400, 400]",
    "hidden_activations": "relu",
    "label_col": "{'dtype': 'float', 'name': 'label'}",
    "learning_rate": "0.001",
    "loss": "binary_crossentropy",
    "metrics": "['logloss', 'AUC', 'gAUC']",
    "min_categr_count": "2",
    "model": "TF4CTRv2",
    "model_id": "TF4CTRv2_Frappe_145_a89642f2",
    "model_root": "./checkpoints/",
    "monitor": "{'AUC': 1, 'gAUC': 1, 'logloss': 0}",
    "monitor_mode": "max",
    "net_dropout": "0.2",
    "net_regularizer": "0",
    "num_workers": "4",
    "optimizer": "adam",
    "pickle_feature_encoder": "True",
    "save_best_only": "True",
    "seed": "2023",
    "shuffle": "True",
    "task": "binary_classification",
    "test_data": "../../../data/Frappe/test.csv",
    "train_data": "../../../data/Frappe/train.csv",
    "use_features": "None",
    "valid_data": "../../../data/Frappe/valid.csv",
    "verbose": "1"
}
2024-04-11 03:24:51,691 P2530847 INFO Set up feature processor...
2024-04-11 03:24:51,692 P2530847 WARNING Skip rebuilding ../../../data/Frappe_x1_csv_53b0b0b3/feature_map.json. Please delete it manually if rebuilding is required.
2024-04-11 03:24:51,692 P2530847 INFO Load feature_map from json: ../../../data/Frappe_x1_csv_53b0b0b3/feature_map.json
2024-04-11 03:24:51,692 P2530847 INFO Set column index...
2024-04-11 03:24:51,692 P2530847 INFO Feature specs: {
    "city": "{'source': '', 'type': 'categorical', 'padding_idx': 0, 'oov_idx': 232, 'vocab_size': 233}",
    "cost": "{'source': '', 'type': 'categorical', 'padding_idx': 0, 'oov_idx': 3, 'vocab_size': 4}",
    "country": "{'source': '', 'type': 'categorical', 'padding_idx': 0, 'oov_idx': 81, 'vocab_size': 82}",
    "daytime": "{'source': '', 'type': 'categorical', 'padding_idx': 0, 'oov_idx': 8, 'vocab_size': 9}",
    "group_id": "{'type': 'meta'}",
    "homework": "{'source': '', 'type': 'categorical', 'padding_idx': 0, 'oov_idx': 4, 'vocab_size': 5}",
    "isweekend": "{'source': '', 'type': 'categorical', 'padding_idx': 0, 'oov_idx': 3, 'vocab_size': 4}",
    "item": "{'source': '', 'type': 'categorical', 'padding_idx': 0, 'oov_idx': 4083, 'vocab_size': 4084}",
    "user": "{'source': '', 'type': 'categorical', 'padding_idx': 0, 'oov_idx': 941, 'vocab_size': 942}",
    "weather": "{'source': '', 'type': 'categorical', 'padding_idx': 0, 'oov_idx': 10, 'vocab_size': 11}",
    "weekday": "{'source': '', 'type': 'categorical', 'padding_idx': 0, 'oov_idx': 8, 'vocab_size': 9}"
}
2024-04-11 03:24:56,511 P2530847 INFO Total number of parameters: 711994.
2024-04-11 03:24:56,511 P2530847 INFO Loading data...
2024-04-11 03:24:56,511 P2530847 INFO Loading data from h5: ../../../data/Frappe_x1_csv_53b0b0b3/train.h5
2024-04-11 03:24:56,544 P2530847 INFO Train samples: total/202027, blocks/1
2024-04-11 03:24:56,544 P2530847 INFO Loading data from h5: ../../../data/Frappe_x1_csv_53b0b0b3/valid.h5
2024-04-11 03:24:56,553 P2530847 INFO Validation samples: total/57722, blocks/1
2024-04-11 03:24:56,553 P2530847 INFO Loading train and validation data done.
2024-04-11 03:24:56,553 P2530847 INFO Start training: 21 batches/epoch
2024-04-11 03:24:56,553 P2530847 INFO ************ Epoch=1 start ************
2024-04-11 03:24:57,771 P2530847 INFO Train loss: 0.857548
2024-04-11 03:24:57,771 P2530847 INFO Evaluation @epoch 1 - batch 21: 
2024-04-11 03:25:03,888 P2530847 INFO ===
2024-04-11 03:25:03,888 P2530847 INFO [Metrics] AUC: 0.927760 - gAUC: 0.923731 - logloss: 0.635914
2024-04-11 03:25:03,888 P2530847 INFO Save best model: monitor(max)=1.851491
2024-04-11 03:25:04,127 P2530847 INFO ************ Epoch=1 end ************
2024-04-11 03:25:05,620 P2530847 INFO Train loss: 0.642771
2024-04-11 03:25:05,621 P2530847 INFO Evaluation @epoch 2 - batch 21: 
2024-04-11 03:25:13,543 P2530847 INFO ===
2024-04-11 03:25:13,543 P2530847 INFO [Metrics] AUC: 0.939181 - gAUC: 0.932186 - logloss: 0.595084
2024-04-11 03:25:13,544 P2530847 INFO Save best model: monitor(max)=1.871367
2024-04-11 03:25:13,778 P2530847 INFO ************ Epoch=2 end ************
2024-04-11 03:25:15,191 P2530847 INFO Train loss: 0.498567
2024-04-11 03:25:15,192 P2530847 INFO Evaluation @epoch 3 - batch 21: 
2024-04-11 03:25:21,339 P2530847 INFO ===
2024-04-11 03:25:21,340 P2530847 INFO [Metrics] AUC: 0.954549 - gAUC: 0.947201 - logloss: 0.461201
2024-04-11 03:25:21,340 P2530847 INFO Save best model: monitor(max)=1.901749
2024-04-11 03:25:21,481 P2530847 INFO ************ Epoch=3 end ************
2024-04-11 03:25:22,557 P2530847 INFO Train loss: 0.415893
2024-04-11 03:25:22,558 P2530847 INFO Evaluation @epoch 4 - batch 21: 
2024-04-11 03:25:28,216 P2530847 INFO ===
2024-04-11 03:25:28,217 P2530847 INFO [Metrics] AUC: 0.971425 - gAUC: 0.964593 - logloss: 0.275984
2024-04-11 03:25:28,217 P2530847 INFO Save best model: monitor(max)=1.936018
2024-04-11 03:25:28,435 P2530847 INFO ************ Epoch=4 end ************
2024-04-11 03:25:29,809 P2530847 INFO Train loss: 0.377195
2024-04-11 03:25:29,810 P2530847 INFO Evaluation @epoch 5 - batch 21: 
2024-04-11 03:25:36,384 P2530847 INFO ===
2024-04-11 03:25:36,385 P2530847 INFO [Metrics] AUC: 0.980416 - gAUC: 0.974088 - logloss: 0.158933
2024-04-11 03:25:36,385 P2530847 INFO Save best model: monitor(max)=1.954504
2024-04-11 03:25:36,545 P2530847 INFO ************ Epoch=5 end ************
2024-04-11 03:25:37,978 P2530847 INFO Train loss: 0.355720
2024-04-11 03:25:37,978 P2530847 INFO Evaluation @epoch 6 - batch 21: 
2024-04-11 03:25:45,125 P2530847 INFO ===
2024-04-11 03:25:45,125 P2530847 INFO [Metrics] AUC: 0.983042 - gAUC: 0.976661 - logloss: 0.154580
2024-04-11 03:25:45,126 P2530847 INFO Save best model: monitor(max)=1.959704
2024-04-11 03:25:45,356 P2530847 INFO ************ Epoch=6 end ************
2024-04-11 03:25:47,042 P2530847 INFO Train loss: 0.334858
2024-04-11 03:25:47,043 P2530847 INFO Evaluation @epoch 7 - batch 21: 
2024-04-11 03:25:53,974 P2530847 INFO ===
2024-04-11 03:25:53,974 P2530847 INFO [Metrics] AUC: 0.983765 - gAUC: 0.977460 - logloss: 0.159098
2024-04-11 03:25:53,975 P2530847 INFO Save best model: monitor(max)=1.961225
2024-04-11 03:25:54,184 P2530847 INFO ************ Epoch=7 end ************
2024-04-11 03:25:55,255 P2530847 INFO Train loss: 0.326920
2024-04-11 03:25:55,255 P2530847 INFO Evaluation @epoch 8 - batch 21: 
2024-04-11 03:26:03,495 P2530847 INFO ===
2024-04-11 03:26:03,495 P2530847 INFO [Metrics] AUC: 0.984266 - gAUC: 0.977934 - logloss: 0.158952
2024-04-11 03:26:03,496 P2530847 INFO Save best model: monitor(max)=1.962200
2024-04-11 03:26:03,726 P2530847 INFO ************ Epoch=8 end ************
2024-04-11 03:26:05,064 P2530847 INFO Train loss: 0.316469
2024-04-11 03:26:05,064 P2530847 INFO Evaluation @epoch 9 - batch 21: 
2024-04-11 03:26:13,490 P2530847 INFO ===
2024-04-11 03:26:13,490 P2530847 INFO [Metrics] AUC: 0.984682 - gAUC: 0.979011 - logloss: 0.159493
2024-04-11 03:26:13,491 P2530847 INFO Save best model: monitor(max)=1.963692
2024-04-11 03:26:13,725 P2530847 INFO ************ Epoch=9 end ************
2024-04-11 03:26:15,417 P2530847 INFO Train loss: 0.302819
2024-04-11 03:26:15,417 P2530847 INFO Evaluation @epoch 10 - batch 21: 
2024-04-11 03:26:21,871 P2530847 INFO ===
2024-04-11 03:26:21,871 P2530847 INFO [Metrics] AUC: 0.985157 - gAUC: 0.979362 - logloss: 0.161865
2024-04-11 03:26:21,872 P2530847 INFO Save best model: monitor(max)=1.964520
2024-04-11 03:26:22,030 P2530847 INFO ************ Epoch=10 end ************
2024-04-11 03:26:23,288 P2530847 INFO Train loss: 0.299925
2024-04-11 03:26:23,288 P2530847 INFO Evaluation @epoch 11 - batch 21: 
2024-04-11 03:26:29,801 P2530847 INFO ===
2024-04-11 03:26:29,801 P2530847 INFO [Metrics] AUC: 0.985437 - gAUC: 0.979605 - logloss: 0.159490
2024-04-11 03:26:29,801 P2530847 INFO Save best model: monitor(max)=1.965042
2024-04-11 03:26:29,962 P2530847 INFO ************ Epoch=11 end ************
2024-04-11 03:26:31,183 P2530847 INFO Train loss: 0.300661
2024-04-11 03:26:31,184 P2530847 INFO Evaluation @epoch 12 - batch 21: 
2024-04-11 03:26:37,450 P2530847 INFO ===
2024-04-11 03:26:37,450 P2530847 INFO [Metrics] AUC: 0.985873 - gAUC: 0.979751 - logloss: 0.159826
2024-04-11 03:26:37,451 P2530847 INFO Save best model: monitor(max)=1.965624
2024-04-11 03:26:37,619 P2530847 INFO ************ Epoch=12 end ************
2024-04-11 03:26:38,729 P2530847 INFO Train loss: 0.298167
2024-04-11 03:26:38,729 P2530847 INFO Evaluation @epoch 13 - batch 21: 
2024-04-11 03:26:44,903 P2530847 INFO ===
2024-04-11 03:26:44,903 P2530847 INFO [Metrics] AUC: 0.985493 - gAUC: 0.979559 - logloss: 0.160752
2024-04-11 03:26:44,904 P2530847 INFO Monitor(max)=1.965053 STOP!
2024-04-11 03:26:44,904 P2530847 INFO Reduce learning rate on plateau: 0.000100
2024-04-11 03:26:45,058 P2530847 INFO ************ Epoch=13 end ************
2024-04-11 03:26:46,279 P2530847 INFO Train loss: 0.248096
2024-04-11 03:26:46,280 P2530847 INFO Evaluation @epoch 14 - batch 21: 
2024-04-11 03:26:52,476 P2530847 INFO ===
2024-04-11 03:26:52,476 P2530847 INFO [Metrics] AUC: 0.986468 - gAUC: 0.980585 - logloss: 0.162216
2024-04-11 03:26:52,476 P2530847 INFO Save best model: monitor(max)=1.967053
2024-04-11 03:26:52,636 P2530847 INFO ************ Epoch=14 end ************
2024-04-11 03:26:54,033 P2530847 INFO Train loss: 0.214797
2024-04-11 03:26:54,034 P2530847 INFO Evaluation @epoch 15 - batch 21: 
2024-04-11 03:27:01,526 P2530847 INFO ===
2024-04-11 03:27:01,527 P2530847 INFO [Metrics] AUC: 0.987321 - gAUC: 0.981564 - logloss: 0.158102
2024-04-11 03:27:01,527 P2530847 INFO Save best model: monitor(max)=1.968885
2024-04-11 03:27:01,699 P2530847 INFO ************ Epoch=15 end ************
2024-04-11 03:27:02,862 P2530847 INFO Train loss: 0.192820
2024-04-11 03:27:02,862 P2530847 INFO Evaluation @epoch 16 - batch 21: 
2024-04-11 03:27:08,939 P2530847 INFO ===
2024-04-11 03:27:08,939 P2530847 INFO [Metrics] AUC: 0.987872 - gAUC: 0.982404 - logloss: 0.158730
2024-04-11 03:27:08,941 P2530847 INFO Save best model: monitor(max)=1.970276
2024-04-11 03:27:09,088 P2530847 INFO ************ Epoch=16 end ************
2024-04-11 03:27:10,241 P2530847 INFO Train loss: 0.175798
2024-04-11 03:27:10,242 P2530847 INFO Evaluation @epoch 17 - batch 21: 
2024-04-11 03:27:17,876 P2530847 INFO ===
2024-04-11 03:27:17,877 P2530847 INFO [Metrics] AUC: 0.988186 - gAUC: 0.982789 - logloss: 0.159985
2024-04-11 03:27:17,878 P2530847 INFO Save best model: monitor(max)=1.970975
2024-04-11 03:27:18,150 P2530847 INFO ************ Epoch=17 end ************
2024-04-11 03:27:19,666 P2530847 INFO Train loss: 0.162341
2024-04-11 03:27:19,667 P2530847 INFO Evaluation @epoch 18 - batch 21: 
2024-04-11 03:27:27,334 P2530847 INFO ===
2024-04-11 03:27:27,335 P2530847 INFO [Metrics] AUC: 0.988455 - gAUC: 0.983194 - logloss: 0.161310
2024-04-11 03:27:27,335 P2530847 INFO Save best model: monitor(max)=1.971649
2024-04-11 03:27:27,505 P2530847 INFO ************ Epoch=18 end ************
2024-04-11 03:27:28,881 P2530847 INFO Train loss: 0.151762
2024-04-11 03:27:28,881 P2530847 INFO Evaluation @epoch 19 - batch 21: 
2024-04-11 03:27:35,985 P2530847 INFO ===
2024-04-11 03:27:35,985 P2530847 INFO [Metrics] AUC: 0.988540 - gAUC: 0.983260 - logloss: 0.163565
2024-04-11 03:27:35,985 P2530847 INFO Save best model: monitor(max)=1.971800
2024-04-11 03:27:36,146 P2530847 INFO ************ Epoch=19 end ************
2024-04-11 03:27:37,375 P2530847 INFO Train loss: 0.142213
2024-04-11 03:27:37,375 P2530847 INFO Evaluation @epoch 20 - batch 21: 
2024-04-11 03:27:44,429 P2530847 INFO ===
2024-04-11 03:27:44,430 P2530847 INFO [Metrics] AUC: 0.988624 - gAUC: 0.983352 - logloss: 0.165604
2024-04-11 03:27:44,430 P2530847 INFO Save best model: monitor(max)=1.971977
2024-04-11 03:27:44,574 P2530847 INFO ************ Epoch=20 end ************
2024-04-11 03:27:45,694 P2530847 INFO Train loss: 0.134492
2024-04-11 03:27:45,694 P2530847 INFO Evaluation @epoch 21 - batch 21: 
2024-04-11 03:27:52,140 P2530847 INFO ===
2024-04-11 03:27:52,140 P2530847 INFO [Metrics] AUC: 0.988678 - gAUC: 0.983472 - logloss: 0.167590
2024-04-11 03:27:52,141 P2530847 INFO Save best model: monitor(max)=1.972151
2024-04-11 03:27:52,299 P2530847 INFO ************ Epoch=21 end ************
2024-04-11 03:27:53,467 P2530847 INFO Train loss: 0.126597
2024-04-11 03:27:53,468 P2530847 INFO Evaluation @epoch 22 - batch 21: 
2024-04-11 03:28:00,071 P2530847 INFO ===
2024-04-11 03:28:00,071 P2530847 INFO [Metrics] AUC: 0.988722 - gAUC: 0.983573 - logloss: 0.170834
2024-04-11 03:28:00,072 P2530847 INFO Save best model: monitor(max)=1.972295
2024-04-11 03:28:00,221 P2530847 INFO ************ Epoch=22 end ************
2024-04-11 03:28:01,526 P2530847 INFO Train loss: 0.120070
2024-04-11 03:28:01,526 P2530847 INFO Evaluation @epoch 23 - batch 21: 
2024-04-11 03:28:08,718 P2530847 INFO ===
2024-04-11 03:28:08,718 P2530847 INFO [Metrics] AUC: 0.988733 - gAUC: 0.983773 - logloss: 0.171713
2024-04-11 03:28:08,719 P2530847 INFO Save best model: monitor(max)=1.972506
2024-04-11 03:28:08,885 P2530847 INFO ************ Epoch=23 end ************
2024-04-11 03:28:10,118 P2530847 INFO Train loss: 0.113765
2024-04-11 03:28:10,119 P2530847 INFO Evaluation @epoch 24 - batch 21: 
2024-04-11 03:28:17,825 P2530847 INFO ===
2024-04-11 03:28:17,825 P2530847 INFO [Metrics] AUC: 0.988737 - gAUC: 0.983745 - logloss: 0.174914
2024-04-11 03:28:17,826 P2530847 INFO Monitor(max)=1.972482 STOP!
2024-04-11 03:28:17,827 P2530847 INFO Reduce learning rate on plateau: 0.000010
2024-04-11 03:28:18,019 P2530847 INFO ************ Epoch=24 end ************
2024-04-11 03:28:19,403 P2530847 INFO Train loss: 0.107964
2024-04-11 03:28:19,403 P2530847 INFO Evaluation @epoch 25 - batch 21: 
2024-04-11 03:28:26,050 P2530847 INFO ===
2024-04-11 03:28:26,050 P2530847 INFO [Metrics] AUC: 0.988747 - gAUC: 0.983728 - logloss: 0.178554
2024-04-11 03:28:26,051 P2530847 INFO Monitor(max)=1.972474 STOP!
2024-04-11 03:28:26,051 P2530847 INFO Reduce learning rate on plateau: 0.000001
2024-04-11 03:28:26,051 P2530847 INFO ********* Epoch==25 early stop *********
2024-04-11 03:28:26,177 P2530847 INFO Training finished.
2024-04-11 03:28:26,177 P2530847 INFO Load best model: /mnt/public/lhh/code/model_zoo/TF4CTR/TF4CTR_torch/checkpoints/Frappe_x1_csv_53b0b0b3/TF4CTRv2_Frappe_145_a89642f2.model
2024-04-11 03:28:26,185 P2530847 INFO ****** Validation evaluation ******
2024-04-11 03:28:31,972 P2530847 INFO ===
2024-04-11 03:28:31,973 P2530847 INFO [Metrics] logloss: 0.171713 - AUC: 0.988733 - gAUC: 0.983773
2024-04-11 03:28:32,022 P2530847 INFO ******** Test evaluation ********
2024-04-11 03:28:32,022 P2530847 INFO Loading data...
2024-04-11 03:28:32,022 P2530847 INFO Loading data from h5: ../../../data/Frappe_x1_csv_53b0b0b3/test.h5
2024-04-11 03:28:32,029 P2530847 INFO Test samples: total/28860, blocks/1
2024-04-11 03:28:32,029 P2530847 INFO Loading test data done.
2024-04-11 03:28:38,719 P2530847 INFO ===
2024-04-11 03:28:38,720 P2530847 INFO [Metrics] logloss: 0.188722 - AUC: 0.987005 - gAUC: 0.981110
