2024-04-11 00:18:20,463 P1442070 INFO Params: {
    "DFM": "CF",
    "SSM": "none",
    "alpha": "0.25",
    "batch_norm": "True",
    "batch_size": "10000",
    "c": "0.7",
    "data_format": "csv",
    "data_root": "../../../data/",
    "dataset_id": "Frappe_x1_csv_53b0b0b3",
    "debug_mode": "False",
    "early_stop_patience": "2",
    "easy_hidden_units": "[400]",
    "embedding_dim": "16",
    "embedding_regularizer": "0.1",
    "epochs": "100",
    "eval_steps": "None",
    "feature_cols": "[{'active': True, 'dtype': 'int', 'name': 'group_id', 'preprocess': 'copy_from(user)', 'remap': False, 'type': 'meta'}, {'active': True, 'dtype': 'float', 'name': ['user', 'item', 'daytime', 'weekday', 'isweekend', 'homework', 'cost', 'weather', 'country', 'city'], 'type': 'categorical'}]",
    "feature_config": "None",
    "feature_specs": "None",
    "gamma": "1",
    "gpu": "1",
    "group_id": "group_id",
    "hard_hidden_units": "[400, 400, 400]",
    "hidden_activations": "relu",
    "label_col": "{'dtype': 'float', 'name': 'label'}",
    "learning_rate": "0.001",
    "loss": "binary_crossentropy",
    "metrics": "['logloss', 'AUC', 'gAUC']",
    "min_categr_count": "2",
    "model": "TF4CTRv2",
    "model_id": "TF4CTRv2_Frappe_018_d284e7dc",
    "model_root": "./checkpoints/",
    "monitor": "{'AUC': 1, 'gAUC': 1, 'logloss': 0}",
    "monitor_mode": "max",
    "net_dropout": "0.2",
    "net_regularizer": "0",
    "num_workers": "4",
    "optimizer": "adam",
    "pickle_feature_encoder": "True",
    "save_best_only": "True",
    "seed": "2023",
    "shuffle": "True",
    "task": "binary_classification",
    "test_data": "../../../data/Frappe/test.csv",
    "train_data": "../../../data/Frappe/train.csv",
    "use_features": "None",
    "valid_data": "../../../data/Frappe/valid.csv",
    "verbose": "1"
}
2024-04-11 00:18:20,464 P1442070 INFO Set up feature processor...
2024-04-11 00:18:20,464 P1442070 WARNING Skip rebuilding ../../../data/Frappe_x1_csv_53b0b0b3/feature_map.json. Please delete it manually if rebuilding is required.
2024-04-11 00:18:20,464 P1442070 INFO Load feature_map from json: ../../../data/Frappe_x1_csv_53b0b0b3/feature_map.json
2024-04-11 00:18:20,465 P1442070 INFO Set column index...
2024-04-11 00:18:20,465 P1442070 INFO Feature specs: {
    "city": "{'source': '', 'type': 'categorical', 'padding_idx': 0, 'oov_idx': 232, 'vocab_size': 233}",
    "cost": "{'source': '', 'type': 'categorical', 'padding_idx': 0, 'oov_idx': 3, 'vocab_size': 4}",
    "country": "{'source': '', 'type': 'categorical', 'padding_idx': 0, 'oov_idx': 81, 'vocab_size': 82}",
    "daytime": "{'source': '', 'type': 'categorical', 'padding_idx': 0, 'oov_idx': 8, 'vocab_size': 9}",
    "group_id": "{'type': 'meta'}",
    "homework": "{'source': '', 'type': 'categorical', 'padding_idx': 0, 'oov_idx': 4, 'vocab_size': 5}",
    "isweekend": "{'source': '', 'type': 'categorical', 'padding_idx': 0, 'oov_idx': 3, 'vocab_size': 4}",
    "item": "{'source': '', 'type': 'categorical', 'padding_idx': 0, 'oov_idx': 4083, 'vocab_size': 4084}",
    "user": "{'source': '', 'type': 'categorical', 'padding_idx': 0, 'oov_idx': 941, 'vocab_size': 942}",
    "weather": "{'source': '', 'type': 'categorical', 'padding_idx': 0, 'oov_idx': 10, 'vocab_size': 11}",
    "weekday": "{'source': '', 'type': 'categorical', 'padding_idx': 0, 'oov_idx': 8, 'vocab_size': 9}"
}
2024-04-11 00:18:26,130 P1442070 INFO Total number of parameters: 540531.
2024-04-11 00:18:26,130 P1442070 INFO Loading data...
2024-04-11 00:18:26,130 P1442070 INFO Loading data from h5: ../../../data/Frappe_x1_csv_53b0b0b3/train.h5
2024-04-11 00:18:26,157 P1442070 INFO Train samples: total/202027, blocks/1
2024-04-11 00:18:26,157 P1442070 INFO Loading data from h5: ../../../data/Frappe_x1_csv_53b0b0b3/valid.h5
2024-04-11 00:18:26,163 P1442070 INFO Validation samples: total/57722, blocks/1
2024-04-11 00:18:26,164 P1442070 INFO Loading train and validation data done.
2024-04-11 00:18:26,164 P1442070 INFO Start training: 21 batches/epoch
2024-04-11 00:18:26,164 P1442070 INFO ************ Epoch=1 start ************
2024-04-11 00:18:27,087 P1442070 INFO Train loss: 0.843171
2024-04-11 00:18:27,087 P1442070 INFO Evaluation @epoch 1 - batch 21: 
2024-04-11 00:18:32,175 P1442070 INFO ===
2024-04-11 00:18:32,175 P1442070 INFO [Metrics] AUC: 0.930412 - gAUC: 0.924411 - logloss: 0.626551
2024-04-11 00:18:32,176 P1442070 INFO Save best model: monitor(max)=1.854823
2024-04-11 00:18:32,379 P1442070 INFO ************ Epoch=1 end ************
2024-04-11 00:18:33,590 P1442070 INFO Train loss: 0.598393
2024-04-11 00:18:33,590 P1442070 INFO Evaluation @epoch 2 - batch 21: 
2024-04-11 00:18:38,691 P1442070 INFO ===
2024-04-11 00:18:38,691 P1442070 INFO [Metrics] AUC: 0.943855 - gAUC: 0.932348 - logloss: 0.591782
2024-04-11 00:18:38,691 P1442070 INFO Save best model: monitor(max)=1.876202
2024-04-11 00:18:38,808 P1442070 INFO ************ Epoch=2 end ************
2024-04-11 00:18:39,837 P1442070 INFO Train loss: 0.494248
2024-04-11 00:18:39,837 P1442070 INFO Evaluation @epoch 3 - batch 21: 
2024-04-11 00:18:44,856 P1442070 INFO ===
2024-04-11 00:18:44,856 P1442070 INFO [Metrics] AUC: 0.960674 - gAUC: 0.951880 - logloss: 0.463001
2024-04-11 00:18:44,857 P1442070 INFO Save best model: monitor(max)=1.912555
2024-04-11 00:18:45,072 P1442070 INFO ************ Epoch=3 end ************
2024-04-11 00:18:46,139 P1442070 INFO Train loss: 0.405830
2024-04-11 00:18:46,139 P1442070 INFO Evaluation @epoch 4 - batch 21: 
2024-04-11 00:18:50,436 P1442070 INFO ===
2024-04-11 00:18:50,441 P1442070 INFO [Metrics] AUC: 0.973866 - gAUC: 0.967090 - logloss: 0.358852
2024-04-11 00:18:50,441 P1442070 INFO Save best model: monitor(max)=1.940956
2024-04-11 00:18:50,566 P1442070 INFO ************ Epoch=4 end ************
2024-04-11 00:18:51,374 P1442070 INFO Train loss: 0.362547
2024-04-11 00:18:51,374 P1442070 INFO Evaluation @epoch 5 - batch 21: 
2024-04-11 00:18:57,081 P1442070 INFO ===
2024-04-11 00:18:57,082 P1442070 INFO [Metrics] AUC: 0.979697 - gAUC: 0.972859 - logloss: 0.176258
2024-04-11 00:18:57,083 P1442070 INFO Save best model: monitor(max)=1.952556
2024-04-11 00:18:57,188 P1442070 INFO ************ Epoch=5 end ************
2024-04-11 00:18:57,981 P1442070 INFO Train loss: 0.333832
2024-04-11 00:18:57,981 P1442070 INFO Evaluation @epoch 6 - batch 21: 
2024-04-11 00:19:02,071 P1442070 INFO ===
2024-04-11 00:19:02,071 P1442070 INFO [Metrics] AUC: 0.980908 - gAUC: 0.974540 - logloss: 0.162732
2024-04-11 00:19:02,072 P1442070 INFO Save best model: monitor(max)=1.955449
2024-04-11 00:19:02,272 P1442070 INFO ************ Epoch=6 end ************
2024-04-11 00:19:03,554 P1442070 INFO Train loss: 0.316500
2024-04-11 00:19:03,554 P1442070 INFO Evaluation @epoch 7 - batch 21: 
2024-04-11 00:19:09,511 P1442070 INFO ===
2024-04-11 00:19:09,511 P1442070 INFO [Metrics] AUC: 0.981934 - gAUC: 0.976215 - logloss: 0.178602
2024-04-11 00:19:09,512 P1442070 INFO Save best model: monitor(max)=1.958149
2024-04-11 00:19:09,703 P1442070 INFO ************ Epoch=7 end ************
2024-04-11 00:19:10,634 P1442070 INFO Train loss: 0.301913
2024-04-11 00:19:10,634 P1442070 INFO Evaluation @epoch 8 - batch 21: 
2024-04-11 00:19:14,640 P1442070 INFO ===
2024-04-11 00:19:14,640 P1442070 INFO [Metrics] AUC: 0.982671 - gAUC: 0.976689 - logloss: 0.186287
2024-04-11 00:19:14,641 P1442070 INFO Save best model: monitor(max)=1.959360
2024-04-11 00:19:14,756 P1442070 INFO ************ Epoch=8 end ************
2024-04-11 00:19:15,674 P1442070 INFO Train loss: 0.286619
2024-04-11 00:19:15,674 P1442070 INFO Evaluation @epoch 9 - batch 21: 
2024-04-11 00:19:20,876 P1442070 INFO ===
2024-04-11 00:19:20,876 P1442070 INFO [Metrics] AUC: 0.982622 - gAUC: 0.976923 - logloss: 0.193408
2024-04-11 00:19:20,877 P1442070 INFO Save best model: monitor(max)=1.959545
2024-04-11 00:19:21,003 P1442070 INFO ************ Epoch=9 end ************
2024-04-11 00:19:21,915 P1442070 INFO Train loss: 0.277032
2024-04-11 00:19:21,916 P1442070 INFO Evaluation @epoch 10 - batch 21: 
2024-04-11 00:19:27,649 P1442070 INFO ===
2024-04-11 00:19:27,650 P1442070 INFO [Metrics] AUC: 0.983250 - gAUC: 0.977779 - logloss: 0.230832
2024-04-11 00:19:27,650 P1442070 INFO Save best model: monitor(max)=1.961029
2024-04-11 00:19:27,817 P1442070 INFO ************ Epoch=10 end ************
2024-04-11 00:19:28,971 P1442070 INFO Train loss: 0.276656
2024-04-11 00:19:28,972 P1442070 INFO Evaluation @epoch 11 - batch 21: 
2024-04-11 00:19:35,274 P1442070 INFO ===
2024-04-11 00:19:35,275 P1442070 INFO [Metrics] AUC: 0.983765 - gAUC: 0.977954 - logloss: 0.264040
2024-04-11 00:19:35,275 P1442070 INFO Save best model: monitor(max)=1.961719
2024-04-11 00:19:35,391 P1442070 INFO ************ Epoch=11 end ************
2024-04-11 00:19:36,305 P1442070 INFO Train loss: 0.268294
2024-04-11 00:19:36,305 P1442070 INFO Evaluation @epoch 12 - batch 21: 
2024-04-11 00:19:40,184 P1442070 INFO ===
2024-04-11 00:19:40,184 P1442070 INFO [Metrics] AUC: 0.984092 - gAUC: 0.978470 - logloss: 0.183349
2024-04-11 00:19:40,185 P1442070 INFO Save best model: monitor(max)=1.962562
2024-04-11 00:19:40,297 P1442070 INFO ************ Epoch=12 end ************
2024-04-11 00:19:41,170 P1442070 INFO Train loss: 0.261717
2024-04-11 00:19:41,170 P1442070 INFO Evaluation @epoch 13 - batch 21: 
2024-04-11 00:19:45,104 P1442070 INFO ===
2024-04-11 00:19:45,105 P1442070 INFO [Metrics] AUC: 0.984075 - gAUC: 0.978385 - logloss: 0.224166
2024-04-11 00:19:45,105 P1442070 INFO Monitor(max)=1.962459 STOP!
2024-04-11 00:19:45,106 P1442070 INFO Reduce learning rate on plateau: 0.000100
2024-04-11 00:19:45,221 P1442070 INFO ************ Epoch=13 end ************
2024-04-11 00:19:46,099 P1442070 INFO Train loss: 0.218715
2024-04-11 00:19:46,099 P1442070 INFO Evaluation @epoch 14 - batch 21: 
2024-04-11 00:19:50,909 P1442070 INFO ===
2024-04-11 00:19:50,909 P1442070 INFO [Metrics] AUC: 0.985027 - gAUC: 0.979179 - logloss: 0.147396
2024-04-11 00:19:50,910 P1442070 INFO Save best model: monitor(max)=1.964205
2024-04-11 00:19:51,025 P1442070 INFO ************ Epoch=14 end ************
2024-04-11 00:19:51,977 P1442070 INFO Train loss: 0.192546
2024-04-11 00:19:51,977 P1442070 INFO Evaluation @epoch 15 - batch 21: 
2024-04-11 00:19:56,178 P1442070 INFO ===
2024-04-11 00:19:56,178 P1442070 INFO [Metrics] AUC: 0.985511 - gAUC: 0.980064 - logloss: 0.144960
2024-04-11 00:19:56,179 P1442070 INFO Save best model: monitor(max)=1.965575
2024-04-11 00:19:56,297 P1442070 INFO ************ Epoch=15 end ************
2024-04-11 00:19:57,286 P1442070 INFO Train loss: 0.176215
2024-04-11 00:19:57,287 P1442070 INFO Evaluation @epoch 16 - batch 21: 
2024-04-11 00:20:01,880 P1442070 INFO ===
2024-04-11 00:20:01,880 P1442070 INFO [Metrics] AUC: 0.985835 - gAUC: 0.980569 - logloss: 0.144485
2024-04-11 00:20:01,881 P1442070 INFO Save best model: monitor(max)=1.966404
2024-04-11 00:20:02,050 P1442070 INFO ************ Epoch=16 end ************
2024-04-11 00:20:02,997 P1442070 INFO Train loss: 0.164364
2024-04-11 00:20:02,997 P1442070 INFO Evaluation @epoch 17 - batch 21: 
2024-04-11 00:20:07,628 P1442070 INFO ===
2024-04-11 00:20:07,628 P1442070 INFO [Metrics] AUC: 0.986011 - gAUC: 0.980651 - logloss: 0.145314
2024-04-11 00:20:07,628 P1442070 INFO Save best model: monitor(max)=1.966662
2024-04-11 00:20:07,768 P1442070 INFO ************ Epoch=17 end ************
2024-04-11 00:20:08,669 P1442070 INFO Train loss: 0.154241
2024-04-11 00:20:08,669 P1442070 INFO Evaluation @epoch 18 - batch 21: 
2024-04-11 00:20:13,713 P1442070 INFO ===
2024-04-11 00:20:13,714 P1442070 INFO [Metrics] AUC: 0.986074 - gAUC: 0.980860 - logloss: 0.146764
2024-04-11 00:20:13,714 P1442070 INFO Save best model: monitor(max)=1.966934
2024-04-11 00:20:13,844 P1442070 INFO ************ Epoch=18 end ************
2024-04-11 00:20:14,741 P1442070 INFO Train loss: 0.146807
2024-04-11 00:20:14,741 P1442070 INFO Evaluation @epoch 19 - batch 21: 
2024-04-11 00:20:19,844 P1442070 INFO ===
2024-04-11 00:20:19,845 P1442070 INFO [Metrics] AUC: 0.986164 - gAUC: 0.981025 - logloss: 0.147978
2024-04-11 00:20:19,845 P1442070 INFO Save best model: monitor(max)=1.967189
2024-04-11 00:20:19,986 P1442070 INFO ************ Epoch=19 end ************
2024-04-11 00:20:20,903 P1442070 INFO Train loss: 0.139007
2024-04-11 00:20:20,904 P1442070 INFO Evaluation @epoch 20 - batch 21: 
2024-04-11 00:20:26,171 P1442070 INFO ===
2024-04-11 00:20:26,171 P1442070 INFO [Metrics] AUC: 0.986235 - gAUC: 0.981099 - logloss: 0.149086
2024-04-11 00:20:26,172 P1442070 INFO Save best model: monitor(max)=1.967334
2024-04-11 00:20:26,294 P1442070 INFO ************ Epoch=20 end ************
2024-04-11 00:20:27,211 P1442070 INFO Train loss: 0.132409
2024-04-11 00:20:27,211 P1442070 INFO Evaluation @epoch 21 - batch 21: 
2024-04-11 00:20:32,039 P1442070 INFO ===
2024-04-11 00:20:32,040 P1442070 INFO [Metrics] AUC: 0.986145 - gAUC: 0.981048 - logloss: 0.151294
2024-04-11 00:20:32,041 P1442070 INFO Monitor(max)=1.967193 STOP!
2024-04-11 00:20:32,041 P1442070 INFO Reduce learning rate on plateau: 0.000010
2024-04-11 00:20:32,176 P1442070 INFO ************ Epoch=21 end ************
2024-04-11 00:20:33,135 P1442070 INFO Train loss: 0.127620
2024-04-11 00:20:33,135 P1442070 INFO Evaluation @epoch 22 - batch 21: 
2024-04-11 00:20:37,555 P1442070 INFO ===
2024-04-11 00:20:37,556 P1442070 INFO [Metrics] AUC: 0.986088 - gAUC: 0.981073 - logloss: 0.152411
2024-04-11 00:20:37,556 P1442070 INFO Monitor(max)=1.967161 STOP!
2024-04-11 00:20:37,556 P1442070 INFO Reduce learning rate on plateau: 0.000001
2024-04-11 00:20:37,556 P1442070 INFO ********* Epoch==22 early stop *********
2024-04-11 00:20:37,745 P1442070 INFO Training finished.
2024-04-11 00:20:37,745 P1442070 INFO Load best model: /mnt/public/lhh/code/model_zoo/TF4CTR/TF4CTR_torch/checkpoints/Frappe_x1_csv_53b0b0b3/TF4CTRv2_Frappe_018_d284e7dc.model
2024-04-11 00:20:37,755 P1442070 INFO ****** Validation evaluation ******
2024-04-11 00:20:44,177 P1442070 INFO ===
2024-04-11 00:20:44,177 P1442070 INFO [Metrics] logloss: 0.149086 - AUC: 0.986235 - gAUC: 0.981099
2024-04-11 00:20:44,243 P1442070 INFO ******** Test evaluation ********
2024-04-11 00:20:44,244 P1442070 INFO Loading data...
2024-04-11 00:20:44,244 P1442070 INFO Loading data from h5: ../../../data/Frappe_x1_csv_53b0b0b3/test.h5
2024-04-11 00:20:44,255 P1442070 INFO Test samples: total/28860, blocks/1
2024-04-11 00:20:44,255 P1442070 INFO Loading test data done.
2024-04-11 00:20:50,738 P1442070 INFO ===
2024-04-11 00:20:50,739 P1442070 INFO [Metrics] logloss: 0.155080 - AUC: 0.985425 - gAUC: 0.980460
