2024-04-12 00:39:27,481 P993418 INFO Params: {
    "DFM": "none",
    "SSM": "none",
    "alpha": "0.25",
    "batch_norm": "True",
    "batch_size": "10000",
    "c": "0.9",
    "data_format": "csv",
    "data_root": "../../../data/",
    "dataset_id": "ML-1M_08e326cd",
    "debug_mode": "False",
    "early_stop_patience": "2",
    "easy_hidden_units": "[400]",
    "embedding_dim": "16",
    "embedding_regularizer": "0.01",
    "epochs": "100",
    "eval_steps": "None",
    "feature_cols": "[{'active': True, 'dtype': 'int', 'name': 'group_id', 'preprocess': 'copy_from(UserID)', 'remap': False, 'type': 'meta'}, {'active': True, 'dtype': 'float', 'name': ['UserID', 'Gender', 'Age', 'Occupation', 'MovieID'], 'type': 'categorical'}]",
    "feature_config": "None",
    "feature_specs": "None",
    "gamma": "2",
    "gpu": "1",
    "group_id": "group_id",
    "hard_hidden_units": "[400, 400, 400]",
    "hidden_activations": "relu",
    "label_col": "{'dtype': 'float', 'name': 'Label'}",
    "learning_rate": "0.001",
    "loss": "binary_crossentropy",
    "metrics": "['logloss', 'AUC', 'gAUC']",
    "min_categr_count": "2",
    "model": "TF4CTRv2",
    "model_id": "TF4CTRv2_ML-1M_090_1b0844da",
    "model_root": "./checkpoints/",
    "monitor": "{'AUC': 1, 'gAUC': 1, 'logloss': 0}",
    "monitor_mode": "max",
    "net_dropout": "0.1",
    "net_regularizer": "0",
    "num_workers": "8",
    "optimizer": "adam",
    "pickle_feature_encoder": "True",
    "save_best_only": "True",
    "seed": "2023",
    "shuffle": "True",
    "task": "binary_classification",
    "test_data": "../../../data/ML-1M/test.csv",
    "train_data": "../../../data/ML-1M/train.csv",
    "use_features": "None",
    "valid_data": "../../../data/ML-1M/valid.csv",
    "verbose": "1"
}
2024-04-12 00:39:27,482 P993418 INFO Set up feature processor...
2024-04-12 00:39:27,482 P993418 WARNING Skip rebuilding ../../../data/ML-1M_08e326cd/feature_map.json. Please delete it manually if rebuilding is required.
2024-04-12 00:39:27,482 P993418 INFO Load feature_map from json: ../../../data/ML-1M_08e326cd/feature_map.json
2024-04-12 00:39:27,483 P993418 INFO Set column index...
2024-04-12 00:39:27,483 P993418 INFO Feature specs: {
    "Age": "{'source': '', 'type': 'categorical', 'padding_idx': 0, 'oov_idx': 8, 'vocab_size': 9}",
    "Gender": "{'source': '', 'type': 'categorical', 'padding_idx': 0, 'oov_idx': 3, 'vocab_size': 4}",
    "MovieID": "{'source': '', 'type': 'categorical', 'padding_idx': 0, 'oov_idx': 3547, 'vocab_size': 3548}",
    "Occupation": "{'source': '', 'type': 'categorical', 'padding_idx': 0, 'oov_idx': 22, 'vocab_size': 23}",
    "UserID": "{'source': '', 'type': 'categorical', 'padding_idx': 0, 'oov_idx': 6041, 'vocab_size': 6042}",
    "group_id": "{'type': 'meta'}"
}
2024-04-12 00:39:32,756 P993418 INFO Total number of parameters: 543618.
2024-04-12 00:39:32,757 P993418 INFO Loading data...
2024-04-12 00:39:32,757 P993418 INFO Loading data from h5: ../../../data/ML-1M_08e326cd/train.h5
2024-04-12 00:39:32,849 P993418 INFO Train samples: total/800167, blocks/1
2024-04-12 00:39:32,849 P993418 INFO Loading data from h5: ../../../data/ML-1M_08e326cd/valid.h5
2024-04-12 00:39:32,857 P993418 INFO Validation samples: total/100021, blocks/1
2024-04-12 00:39:32,857 P993418 INFO Loading train and validation data done.
2024-04-12 00:39:32,858 P993418 INFO Start training: 81 batches/epoch
2024-04-12 00:39:32,858 P993418 INFO ************ Epoch=1 start ************
2024-04-12 00:39:35,805 P993418 INFO Train loss: 1.067483
2024-04-12 00:39:35,805 P993418 INFO Evaluation @epoch 1 - batch 81: 
2024-04-12 00:39:44,199 P993418 INFO ===
2024-04-12 00:39:44,199 P993418 INFO [Metrics] AUC: 0.779727 - gAUC: 0.733085 - logloss: 0.594763
2024-04-12 00:39:44,200 P993418 INFO Save best model: monitor(max)=1.512812
2024-04-12 00:39:44,354 P993418 INFO ************ Epoch=1 end ************
2024-04-12 00:39:47,197 P993418 INFO Train loss: 0.992377
2024-04-12 00:39:47,197 P993418 INFO Evaluation @epoch 2 - batch 81: 
2024-04-12 00:39:56,196 P993418 INFO ===
2024-04-12 00:39:56,196 P993418 INFO [Metrics] AUC: 0.793996 - gAUC: 0.741705 - logloss: 0.556427
2024-04-12 00:39:56,196 P993418 INFO Save best model: monitor(max)=1.535701
2024-04-12 00:39:56,386 P993418 INFO ************ Epoch=2 end ************
2024-04-12 00:39:59,360 P993418 INFO Train loss: 0.971265
2024-04-12 00:39:59,360 P993418 INFO Evaluation @epoch 3 - batch 81: 
2024-04-12 00:40:08,628 P993418 INFO ===
2024-04-12 00:40:08,629 P993418 INFO [Metrics] AUC: 0.799184 - gAUC: 0.748341 - logloss: 0.554801
2024-04-12 00:40:08,629 P993418 INFO Save best model: monitor(max)=1.547525
2024-04-12 00:40:08,785 P993418 INFO ************ Epoch=3 end ************
2024-04-12 00:40:11,552 P993418 INFO Train loss: 0.956304
2024-04-12 00:40:11,553 P993418 INFO Evaluation @epoch 4 - batch 81: 
2024-04-12 00:40:20,910 P993418 INFO ===
2024-04-12 00:40:20,910 P993418 INFO [Metrics] AUC: 0.802301 - gAUC: 0.754083 - logloss: 0.557428
2024-04-12 00:40:20,910 P993418 INFO Save best model: monitor(max)=1.556383
2024-04-12 00:40:21,069 P993418 INFO ************ Epoch=4 end ************
2024-04-12 00:40:23,583 P993418 INFO Train loss: 0.946301
2024-04-12 00:40:23,584 P993418 INFO Evaluation @epoch 5 - batch 81: 
2024-04-12 00:40:33,260 P993418 INFO ===
2024-04-12 00:40:33,260 P993418 INFO [Metrics] AUC: 0.807983 - gAUC: 0.761381 - logloss: 0.540192
2024-04-12 00:40:33,261 P993418 INFO Save best model: monitor(max)=1.569363
2024-04-12 00:40:33,417 P993418 INFO ************ Epoch=5 end ************
2024-04-12 00:40:35,957 P993418 INFO Train loss: 0.938178
2024-04-12 00:40:35,957 P993418 INFO Evaluation @epoch 6 - batch 81: 
2024-04-12 00:40:42,739 P993418 INFO ===
2024-04-12 00:40:42,739 P993418 INFO [Metrics] AUC: 0.809102 - gAUC: 0.763201 - logloss: 0.544416
2024-04-12 00:40:42,739 P993418 INFO Save best model: monitor(max)=1.572303
2024-04-12 00:40:42,878 P993418 INFO ************ Epoch=6 end ************
2024-04-12 00:40:45,467 P993418 INFO Train loss: 0.932639
2024-04-12 00:40:45,467 P993418 INFO Evaluation @epoch 7 - batch 81: 
2024-04-12 00:40:54,558 P993418 INFO ===
2024-04-12 00:40:54,559 P993418 INFO [Metrics] AUC: 0.812327 - gAUC: 0.766337 - logloss: 0.542604
2024-04-12 00:40:54,559 P993418 INFO Save best model: monitor(max)=1.578664
2024-04-12 00:40:54,710 P993418 INFO ************ Epoch=7 end ************
2024-04-12 00:40:57,176 P993418 INFO Train loss: 0.926338
2024-04-12 00:40:57,176 P993418 INFO Evaluation @epoch 8 - batch 81: 
2024-04-12 00:41:05,740 P993418 INFO ===
2024-04-12 00:41:05,742 P993418 INFO [Metrics] AUC: 0.812605 - gAUC: 0.767075 - logloss: 0.539321
2024-04-12 00:41:05,743 P993418 INFO Save best model: monitor(max)=1.579680
2024-04-12 00:41:05,960 P993418 INFO ************ Epoch=8 end ************
2024-04-12 00:41:08,304 P993418 INFO Train loss: 0.922221
2024-04-12 00:41:08,304 P993418 INFO Evaluation @epoch 9 - batch 81: 
2024-04-12 00:41:17,544 P993418 INFO ===
2024-04-12 00:41:17,544 P993418 INFO [Metrics] AUC: 0.811864 - gAUC: 0.765872 - logloss: 0.537038
2024-04-12 00:41:17,544 P993418 INFO Monitor(max)=1.577736 STOP!
2024-04-12 00:41:17,544 P993418 INFO Reduce learning rate on plateau: 0.000100
2024-04-12 00:41:17,723 P993418 INFO ************ Epoch=9 end ************
2024-04-12 00:41:20,456 P993418 INFO Train loss: 0.855089
2024-04-12 00:41:20,456 P993418 INFO Evaluation @epoch 10 - batch 81: 
2024-04-12 00:41:30,130 P993418 INFO ===
2024-04-12 00:41:30,130 P993418 INFO [Metrics] AUC: 0.814216 - gAUC: 0.766871 - logloss: 0.547053
2024-04-12 00:41:30,130 P993418 INFO Save best model: monitor(max)=1.581087
2024-04-12 00:41:30,301 P993418 INFO ************ Epoch=10 end ************
2024-04-12 00:41:32,882 P993418 INFO Train loss: 0.832935
2024-04-12 00:41:32,883 P993418 INFO Evaluation @epoch 11 - batch 81: 
2024-04-12 00:41:42,464 P993418 INFO ===
2024-04-12 00:41:42,467 P993418 INFO [Metrics] AUC: 0.814071 - gAUC: 0.766124 - logloss: 0.555120
2024-04-12 00:41:42,468 P993418 INFO Monitor(max)=1.580195 STOP!
2024-04-12 00:41:42,468 P993418 INFO Reduce learning rate on plateau: 0.000010
2024-04-12 00:41:42,639 P993418 INFO ************ Epoch=11 end ************
2024-04-12 00:41:44,917 P993418 INFO Train loss: 0.813120
2024-04-12 00:41:44,918 P993418 INFO Evaluation @epoch 12 - batch 81: 
2024-04-12 00:41:54,358 P993418 INFO ===
2024-04-12 00:41:54,358 P993418 INFO [Metrics] AUC: 0.814027 - gAUC: 0.766139 - logloss: 0.554679
2024-04-12 00:41:54,358 P993418 INFO Monitor(max)=1.580166 STOP!
2024-04-12 00:41:54,358 P993418 INFO Reduce learning rate on plateau: 0.000001
2024-04-12 00:41:54,358 P993418 INFO ********* Epoch==12 early stop *********
2024-04-12 00:41:54,558 P993418 INFO Training finished.
2024-04-12 00:41:54,559 P993418 INFO Load best model: /mnt/public/lhh/code/model_zoo/TF4CTR/TF4CTR_torch/checkpoints/ML-1M_08e326cd/TF4CTRv2_ML-1M_090_1b0844da.model
2024-04-12 00:41:54,568 P993418 INFO ****** Validation evaluation ******
2024-04-12 00:42:03,539 P993418 INFO ===
2024-04-12 00:42:03,539 P993418 INFO [Metrics] logloss: 0.547053 - AUC: 0.814216 - gAUC: 0.766871
2024-04-12 00:42:03,581 P993418 INFO ******** Test evaluation ********
2024-04-12 00:42:03,581 P993418 INFO Loading data...
2024-04-12 00:42:03,581 P993418 INFO Loading data from h5: ../../../data/ML-1M_08e326cd/test.h5
2024-04-12 00:42:03,596 P993418 INFO Test samples: total/100021, blocks/1
2024-04-12 00:42:03,596 P993418 INFO Loading test data done.
2024-04-12 00:42:13,986 P993418 INFO ===
2024-04-12 00:42:13,986 P993418 INFO [Metrics] logloss: 0.548055 - AUC: 0.812678 - gAUC: 0.766977
