2024-04-12 00:27:48,092 P437721 INFO Params: {
    "DFM": "WSF",
    "SSM": "GM",
    "alpha": "0.25",
    "batch_norm": "True",
    "batch_size": "10000",
    "c": "0.9",
    "data_format": "csv",
    "data_root": "../../../data/",
    "dataset_id": "ML-1M_08e326cd",
    "debug_mode": "False",
    "early_stop_patience": "2",
    "easy_hidden_units": "[400]",
    "embedding_dim": "16",
    "embedding_regularizer": "0.01",
    "epochs": "100",
    "eval_steps": "None",
    "feature_cols": "[{'active': True, 'dtype': 'int', 'name': 'group_id', 'preprocess': 'copy_from(UserID)', 'remap': False, 'type': 'meta'}, {'active': True, 'dtype': 'float', 'name': ['UserID', 'Gender', 'Age', 'Occupation', 'MovieID'], 'type': 'categorical'}]",
    "feature_config": "None",
    "feature_specs": "None",
    "gamma": "2",
    "gpu": "2",
    "group_id": "group_id",
    "hard_hidden_units": "[400, 400, 400]",
    "hidden_activations": "relu",
    "label_col": "{'dtype': 'float', 'name': 'Label'}",
    "learning_rate": "0.001",
    "loss": "binary_crossentropy",
    "metrics": "['logloss', 'AUC', 'gAUC']",
    "min_categr_count": "2",
    "model": "TF4CTRv2",
    "model_id": "TF4CTRv2_ML-1M_076_24bf68df",
    "model_root": "./checkpoints/",
    "monitor": "{'AUC': 1, 'gAUC': 1, 'logloss': 0}",
    "monitor_mode": "max",
    "net_dropout": "0.1",
    "net_regularizer": "0",
    "num_workers": "8",
    "optimizer": "adam",
    "pickle_feature_encoder": "True",
    "save_best_only": "True",
    "seed": "2023",
    "shuffle": "True",
    "task": "binary_classification",
    "test_data": "../../../data/ML-1M/test.csv",
    "train_data": "../../../data/ML-1M/train.csv",
    "use_features": "None",
    "valid_data": "../../../data/ML-1M/valid.csv",
    "verbose": "1"
}
2024-04-12 00:27:48,093 P437721 INFO Set up feature processor...
2024-04-12 00:27:48,093 P437721 WARNING Skip rebuilding ../../../data/ML-1M_08e326cd/feature_map.json. Please delete it manually if rebuilding is required.
2024-04-12 00:27:48,093 P437721 INFO Load feature_map from json: ../../../data/ML-1M_08e326cd/feature_map.json
2024-04-12 00:27:48,094 P437721 INFO Set column index...
2024-04-12 00:27:48,094 P437721 INFO Feature specs: {
    "Age": "{'source': '', 'type': 'categorical', 'padding_idx': 0, 'oov_idx': 8, 'vocab_size': 9}",
    "Gender": "{'source': '', 'type': 'categorical', 'padding_idx': 0, 'oov_idx': 3, 'vocab_size': 4}",
    "MovieID": "{'source': '', 'type': 'categorical', 'padding_idx': 0, 'oov_idx': 3547, 'vocab_size': 3548}",
    "Occupation": "{'source': '', 'type': 'categorical', 'padding_idx': 0, 'oov_idx': 22, 'vocab_size': 23}",
    "UserID": "{'source': '', 'type': 'categorical', 'padding_idx': 0, 'oov_idx': 6041, 'vocab_size': 6042}",
    "group_id": "{'type': 'meta'}"
}
2024-04-12 00:27:51,995 P437721 INFO Total number of parameters: 556580.
2024-04-12 00:27:51,996 P437721 INFO Loading data...
2024-04-12 00:27:51,996 P437721 INFO Loading data from h5: ../../../data/ML-1M_08e326cd/train.h5
2024-04-12 00:27:52,053 P437721 INFO Train samples: total/800167, blocks/1
2024-04-12 00:27:52,053 P437721 INFO Loading data from h5: ../../../data/ML-1M_08e326cd/valid.h5
2024-04-12 00:27:52,059 P437721 INFO Validation samples: total/100021, blocks/1
2024-04-12 00:27:52,059 P437721 INFO Loading train and validation data done.
2024-04-12 00:27:52,059 P437721 INFO Start training: 81 batches/epoch
2024-04-12 00:27:52,059 P437721 INFO ************ Epoch=1 start ************
2024-04-12 00:27:55,102 P437721 INFO Train loss: 1.016816
2024-04-12 00:27:55,102 P437721 INFO Evaluation @epoch 1 - batch 81: 
2024-04-12 00:28:02,686 P437721 INFO ===
2024-04-12 00:28:02,687 P437721 INFO [Metrics] AUC: 0.784822 - gAUC: 0.732303 - logloss: 0.601157
2024-04-12 00:28:02,687 P437721 INFO Save best model: monitor(max)=1.517125
2024-04-12 00:28:02,798 P437721 INFO ************ Epoch=1 end ************
2024-04-12 00:28:04,986 P437721 INFO Train loss: 0.944349
2024-04-12 00:28:04,986 P437721 INFO Evaluation @epoch 2 - batch 81: 
2024-04-12 00:28:10,973 P437721 INFO ===
2024-04-12 00:28:10,973 P437721 INFO [Metrics] AUC: 0.790919 - gAUC: 0.736341 - logloss: 0.542419
2024-04-12 00:28:10,974 P437721 INFO Save best model: monitor(max)=1.527260
2024-04-12 00:28:11,142 P437721 INFO ************ Epoch=2 end ************
2024-04-12 00:28:13,975 P437721 INFO Train loss: 0.927017
2024-04-12 00:28:13,975 P437721 INFO Evaluation @epoch 3 - batch 81: 
2024-04-12 00:28:22,517 P437721 INFO ===
2024-04-12 00:28:22,517 P437721 INFO [Metrics] AUC: 0.798607 - gAUC: 0.746710 - logloss: 0.534829
2024-04-12 00:28:22,517 P437721 INFO Save best model: monitor(max)=1.545318
2024-04-12 00:28:22,662 P437721 INFO ************ Epoch=3 end ************
2024-04-12 00:28:25,706 P437721 INFO Train loss: 0.915237
2024-04-12 00:28:25,707 P437721 INFO Evaluation @epoch 4 - batch 81: 
2024-04-12 00:28:34,427 P437721 INFO ===
2024-04-12 00:28:34,428 P437721 INFO [Metrics] AUC: 0.804734 - gAUC: 0.756119 - logloss: 0.526657
2024-04-12 00:28:34,428 P437721 INFO Save best model: monitor(max)=1.560852
2024-04-12 00:28:34,644 P437721 INFO ************ Epoch=4 end ************
2024-04-12 00:28:37,816 P437721 INFO Train loss: 0.908617
2024-04-12 00:28:37,824 P437721 INFO Evaluation @epoch 5 - batch 81: 
2024-04-12 00:28:46,273 P437721 INFO ===
2024-04-12 00:28:46,281 P437721 INFO [Metrics] AUC: 0.808165 - gAUC: 0.759884 - logloss: 0.523294
2024-04-12 00:28:46,281 P437721 INFO Save best model: monitor(max)=1.568049
2024-04-12 00:28:46,470 P437721 INFO ************ Epoch=5 end ************
2024-04-12 00:28:49,587 P437721 INFO Train loss: 0.902993
2024-04-12 00:28:49,587 P437721 INFO Evaluation @epoch 6 - batch 81: 
2024-04-12 00:28:58,541 P437721 INFO ===
2024-04-12 00:28:58,542 P437721 INFO [Metrics] AUC: 0.809678 - gAUC: 0.760793 - logloss: 0.522230
2024-04-12 00:28:58,542 P437721 INFO Save best model: monitor(max)=1.570471
2024-04-12 00:28:58,681 P437721 INFO ************ Epoch=6 end ************
2024-04-12 00:29:01,520 P437721 INFO Train loss: 0.897107
2024-04-12 00:29:01,521 P437721 INFO Evaluation @epoch 7 - batch 81: 
2024-04-12 00:29:10,667 P437721 INFO ===
2024-04-12 00:29:10,667 P437721 INFO [Metrics] AUC: 0.810949 - gAUC: 0.764557 - logloss: 0.520623
2024-04-12 00:29:10,667 P437721 INFO Save best model: monitor(max)=1.575506
2024-04-12 00:29:10,802 P437721 INFO ************ Epoch=7 end ************
2024-04-12 00:29:13,273 P437721 INFO Train loss: 0.894525
2024-04-12 00:29:13,274 P437721 INFO Evaluation @epoch 8 - batch 81: 
2024-04-12 00:29:20,031 P437721 INFO ===
2024-04-12 00:29:20,032 P437721 INFO [Metrics] AUC: 0.811645 - gAUC: 0.763237 - logloss: 0.519991
2024-04-12 00:29:20,032 P437721 INFO Monitor(max)=1.574882 STOP!
2024-04-12 00:29:20,032 P437721 INFO Reduce learning rate on plateau: 0.000100
2024-04-12 00:29:20,144 P437721 INFO ************ Epoch=8 end ************
2024-04-12 00:29:22,737 P437721 INFO Train loss: 0.838780
2024-04-12 00:29:22,737 P437721 INFO Evaluation @epoch 9 - batch 81: 
2024-04-12 00:29:31,001 P437721 INFO ===
2024-04-12 00:29:31,001 P437721 INFO [Metrics] AUC: 0.815272 - gAUC: 0.766564 - logloss: 0.516519
2024-04-12 00:29:31,002 P437721 INFO Save best model: monitor(max)=1.581837
2024-04-12 00:29:31,137 P437721 INFO ************ Epoch=9 end ************
2024-04-12 00:29:33,757 P437721 INFO Train loss: 0.820914
2024-04-12 00:29:33,757 P437721 INFO Evaluation @epoch 10 - batch 81: 
2024-04-12 00:29:42,569 P437721 INFO ===
2024-04-12 00:29:42,569 P437721 INFO [Metrics] AUC: 0.816162 - gAUC: 0.767047 - logloss: 0.515839
2024-04-12 00:29:42,569 P437721 INFO Save best model: monitor(max)=1.583209
2024-04-12 00:29:42,710 P437721 INFO ************ Epoch=10 end ************
2024-04-12 00:29:45,288 P437721 INFO Train loss: 0.808164
2024-04-12 00:29:45,288 P437721 INFO Evaluation @epoch 11 - batch 81: 
2024-04-12 00:29:54,238 P437721 INFO ===
2024-04-12 00:29:54,239 P437721 INFO [Metrics] AUC: 0.816229 - gAUC: 0.767032 - logloss: 0.516801
2024-04-12 00:29:54,239 P437721 INFO Save best model: monitor(max)=1.583261
2024-04-12 00:29:54,414 P437721 INFO ************ Epoch=11 end ************
2024-04-12 00:29:56,692 P437721 INFO Train loss: 0.800610
2024-04-12 00:29:56,693 P437721 INFO Evaluation @epoch 12 - batch 81: 
2024-04-12 00:30:05,443 P437721 INFO ===
2024-04-12 00:30:05,443 P437721 INFO [Metrics] AUC: 0.816192 - gAUC: 0.766816 - logloss: 0.518092
2024-04-12 00:30:05,443 P437721 INFO Monitor(max)=1.583008 STOP!
2024-04-12 00:30:05,443 P437721 INFO Reduce learning rate on plateau: 0.000010
2024-04-12 00:30:05,568 P437721 INFO ************ Epoch=12 end ************
2024-04-12 00:30:08,254 P437721 INFO Train loss: 0.784055
2024-04-12 00:30:08,254 P437721 INFO Evaluation @epoch 13 - batch 81: 
2024-04-12 00:30:16,846 P437721 INFO ===
2024-04-12 00:30:16,846 P437721 INFO [Metrics] AUC: 0.816206 - gAUC: 0.766781 - logloss: 0.518004
2024-04-12 00:30:16,846 P437721 INFO Monitor(max)=1.582987 STOP!
2024-04-12 00:30:16,846 P437721 INFO Reduce learning rate on plateau: 0.000001
2024-04-12 00:30:16,846 P437721 INFO ********* Epoch==13 early stop *********
2024-04-12 00:30:16,989 P437721 INFO Training finished.
2024-04-12 00:30:16,995 P437721 INFO Load best model: /mnt/public/lhh/code/model_zoo/TF4CTR/TF4CTR_torch/checkpoints/ML-1M_08e326cd/TF4CTRv2_ML-1M_076_24bf68df.model
2024-04-12 00:30:17,000 P437721 INFO ****** Validation evaluation ******
2024-04-12 00:30:25,519 P437721 INFO ===
2024-04-12 00:30:25,519 P437721 INFO [Metrics] logloss: 0.516801 - AUC: 0.816229 - gAUC: 0.767032
2024-04-12 00:30:25,551 P437721 INFO ******** Test evaluation ********
2024-04-12 00:30:25,552 P437721 INFO Loading data...
2024-04-12 00:30:25,552 P437721 INFO Loading data from h5: ../../../data/ML-1M_08e326cd/test.h5
2024-04-12 00:30:25,559 P437721 INFO Test samples: total/100021, blocks/1
2024-04-12 00:30:25,559 P437721 INFO Loading test data done.
2024-04-12 00:30:31,572 P437721 INFO ===
2024-04-12 00:30:31,573 P437721 INFO [Metrics] logloss: 0.514904 - AUC: 0.816759 - gAUC: 0.769999
