2024-04-12 00:16:08,610 P4077644 INFO Params: {
    "DFM": "WSF",
    "SSM": "GM",
    "alpha": "0.25",
    "batch_norm": "True",
    "batch_size": "10000",
    "c": "0.8",
    "data_format": "csv",
    "data_root": "../../../data/",
    "dataset_id": "ML-1M_08e326cd",
    "debug_mode": "False",
    "early_stop_patience": "2",
    "easy_hidden_units": "[400]",
    "embedding_dim": "16",
    "embedding_regularizer": "0.01",
    "epochs": "100",
    "eval_steps": "None",
    "feature_cols": "[{'active': True, 'dtype': 'int', 'name': 'group_id', 'preprocess': 'copy_from(UserID)', 'remap': False, 'type': 'meta'}, {'active': True, 'dtype': 'float', 'name': ['UserID', 'Gender', 'Age', 'Occupation', 'MovieID'], 'type': 'categorical'}]",
    "feature_config": "None",
    "feature_specs": "None",
    "gamma": "2",
    "gpu": "1",
    "group_id": "group_id",
    "hard_hidden_units": "[400, 400, 400]",
    "hidden_activations": "relu",
    "label_col": "{'dtype': 'float', 'name': 'Label'}",
    "learning_rate": "0.001",
    "loss": "binary_crossentropy",
    "metrics": "['logloss', 'AUC', 'gAUC']",
    "min_categr_count": "2",
    "model": "TF4CTRv2",
    "model_id": "TF4CTRv2_ML-1M_061_699f1f75",
    "model_root": "./checkpoints/",
    "monitor": "{'AUC': 1, 'gAUC': 1, 'logloss': 0}",
    "monitor_mode": "max",
    "net_dropout": "0.1",
    "net_regularizer": "0",
    "num_workers": "8",
    "optimizer": "adam",
    "pickle_feature_encoder": "True",
    "save_best_only": "True",
    "seed": "2023",
    "shuffle": "True",
    "task": "binary_classification",
    "test_data": "../../../data/ML-1M/test.csv",
    "train_data": "../../../data/ML-1M/train.csv",
    "use_features": "None",
    "valid_data": "../../../data/ML-1M/valid.csv",
    "verbose": "1"
}
2024-04-12 00:16:08,610 P4077644 INFO Set up feature processor...
2024-04-12 00:16:08,610 P4077644 WARNING Skip rebuilding ../../../data/ML-1M_08e326cd/feature_map.json. Please delete it manually if rebuilding is required.
2024-04-12 00:16:08,610 P4077644 INFO Load feature_map from json: ../../../data/ML-1M_08e326cd/feature_map.json
2024-04-12 00:16:08,610 P4077644 INFO Set column index...
2024-04-12 00:16:08,610 P4077644 INFO Feature specs: {
    "Age": "{'source': '', 'type': 'categorical', 'padding_idx': 0, 'oov_idx': 8, 'vocab_size': 9}",
    "Gender": "{'source': '', 'type': 'categorical', 'padding_idx': 0, 'oov_idx': 3, 'vocab_size': 4}",
    "MovieID": "{'source': '', 'type': 'categorical', 'padding_idx': 0, 'oov_idx': 3547, 'vocab_size': 3548}",
    "Occupation": "{'source': '', 'type': 'categorical', 'padding_idx': 0, 'oov_idx': 22, 'vocab_size': 23}",
    "UserID": "{'source': '', 'type': 'categorical', 'padding_idx': 0, 'oov_idx': 6041, 'vocab_size': 6042}",
    "group_id": "{'type': 'meta'}"
}
2024-04-12 00:16:14,035 P4077644 INFO Total number of parameters: 556580.
2024-04-12 00:16:14,035 P4077644 INFO Loading data...
2024-04-12 00:16:14,036 P4077644 INFO Loading data from h5: ../../../data/ML-1M_08e326cd/train.h5
2024-04-12 00:16:14,142 P4077644 INFO Train samples: total/800167, blocks/1
2024-04-12 00:16:14,142 P4077644 INFO Loading data from h5: ../../../data/ML-1M_08e326cd/valid.h5
2024-04-12 00:16:14,149 P4077644 INFO Validation samples: total/100021, blocks/1
2024-04-12 00:16:14,149 P4077644 INFO Loading train and validation data done.
2024-04-12 00:16:14,149 P4077644 INFO Start training: 81 batches/epoch
2024-04-12 00:16:14,149 P4077644 INFO ************ Epoch=1 start ************
2024-04-12 00:16:17,320 P4077644 INFO Train loss: 1.041951
2024-04-12 00:16:17,320 P4077644 INFO Evaluation @epoch 1 - batch 81: 
2024-04-12 00:16:25,458 P4077644 INFO ===
2024-04-12 00:16:25,458 P4077644 INFO [Metrics] AUC: 0.784259 - gAUC: 0.732422 - logloss: 0.597427
2024-04-12 00:16:25,458 P4077644 INFO Save best model: monitor(max)=1.516682
2024-04-12 00:16:25,590 P4077644 INFO ************ Epoch=1 end ************
2024-04-12 00:16:27,994 P4077644 INFO Train loss: 0.965449
2024-04-12 00:16:27,995 P4077644 INFO Evaluation @epoch 2 - batch 81: 
2024-04-12 00:16:36,996 P4077644 INFO ===
2024-04-12 00:16:36,998 P4077644 INFO [Metrics] AUC: 0.791481 - gAUC: 0.736535 - logloss: 0.543370
2024-04-12 00:16:36,998 P4077644 INFO Save best model: monitor(max)=1.528016
2024-04-12 00:16:37,148 P4077644 INFO ************ Epoch=2 end ************
2024-04-12 00:16:39,530 P4077644 INFO Train loss: 0.947232
2024-04-12 00:16:39,530 P4077644 INFO Evaluation @epoch 3 - batch 81: 
2024-04-12 00:16:48,371 P4077644 INFO ===
2024-04-12 00:16:48,371 P4077644 INFO [Metrics] AUC: 0.798484 - gAUC: 0.746583 - logloss: 0.536938
2024-04-12 00:16:48,372 P4077644 INFO Save best model: monitor(max)=1.545067
2024-04-12 00:16:48,520 P4077644 INFO ************ Epoch=3 end ************
2024-04-12 00:16:51,440 P4077644 INFO Train loss: 0.934556
2024-04-12 00:16:51,454 P4077644 INFO Evaluation @epoch 4 - batch 81: 
2024-04-12 00:16:59,103 P4077644 INFO ===
2024-04-12 00:16:59,104 P4077644 INFO [Metrics] AUC: 0.804059 - gAUC: 0.755091 - logloss: 0.527643
2024-04-12 00:16:59,104 P4077644 INFO Save best model: monitor(max)=1.559151
2024-04-12 00:16:59,251 P4077644 INFO ************ Epoch=4 end ************
2024-04-12 00:17:01,325 P4077644 INFO Train loss: 0.927461
2024-04-12 00:17:01,325 P4077644 INFO Evaluation @epoch 5 - batch 81: 
2024-04-12 00:17:09,370 P4077644 INFO ===
2024-04-12 00:17:09,371 P4077644 INFO [Metrics] AUC: 0.807931 - gAUC: 0.759875 - logloss: 0.523202
2024-04-12 00:17:09,371 P4077644 INFO Save best model: monitor(max)=1.567807
2024-04-12 00:17:09,553 P4077644 INFO ************ Epoch=5 end ************
2024-04-12 00:17:12,058 P4077644 INFO Train loss: 0.922162
2024-04-12 00:17:12,061 P4077644 INFO Evaluation @epoch 6 - batch 81: 
2024-04-12 00:17:21,084 P4077644 INFO ===
2024-04-12 00:17:21,084 P4077644 INFO [Metrics] AUC: 0.809296 - gAUC: 0.760579 - logloss: 0.522350
2024-04-12 00:17:21,085 P4077644 INFO Save best model: monitor(max)=1.569875
2024-04-12 00:17:21,302 P4077644 INFO ************ Epoch=6 end ************
2024-04-12 00:17:23,703 P4077644 INFO Train loss: 0.916069
2024-04-12 00:17:23,703 P4077644 INFO Evaluation @epoch 7 - batch 81: 
2024-04-12 00:17:31,590 P4077644 INFO ===
2024-04-12 00:17:31,590 P4077644 INFO [Metrics] AUC: 0.811149 - gAUC: 0.764997 - logloss: 0.521007
2024-04-12 00:17:31,590 P4077644 INFO Save best model: monitor(max)=1.576147
2024-04-12 00:17:31,736 P4077644 INFO ************ Epoch=7 end ************
2024-04-12 00:17:33,841 P4077644 INFO Train loss: 0.913112
2024-04-12 00:17:33,841 P4077644 INFO Evaluation @epoch 8 - batch 81: 
2024-04-12 00:17:42,482 P4077644 INFO ===
2024-04-12 00:17:42,483 P4077644 INFO [Metrics] AUC: 0.810950 - gAUC: 0.762218 - logloss: 0.519516
2024-04-12 00:17:42,483 P4077644 INFO Monitor(max)=1.573167 STOP!
2024-04-12 00:17:42,483 P4077644 INFO Reduce learning rate on plateau: 0.000100
2024-04-12 00:17:42,680 P4077644 INFO ************ Epoch=8 end ************
2024-04-12 00:17:44,992 P4077644 INFO Train loss: 0.857585
2024-04-12 00:17:44,992 P4077644 INFO Evaluation @epoch 9 - batch 81: 
2024-04-12 00:17:53,719 P4077644 INFO ===
2024-04-12 00:17:53,719 P4077644 INFO [Metrics] AUC: 0.815155 - gAUC: 0.766980 - logloss: 0.516342
2024-04-12 00:17:53,719 P4077644 INFO Save best model: monitor(max)=1.582135
2024-04-12 00:17:53,853 P4077644 INFO ************ Epoch=9 end ************
2024-04-12 00:17:56,272 P4077644 INFO Train loss: 0.839283
2024-04-12 00:17:56,272 P4077644 INFO Evaluation @epoch 10 - batch 81: 
2024-04-12 00:18:05,611 P4077644 INFO ===
2024-04-12 00:18:05,612 P4077644 INFO [Metrics] AUC: 0.816041 - gAUC: 0.768151 - logloss: 0.515769
2024-04-12 00:18:05,612 P4077644 INFO Save best model: monitor(max)=1.584193
2024-04-12 00:18:05,753 P4077644 INFO ************ Epoch=10 end ************
2024-04-12 00:18:08,360 P4077644 INFO Train loss: 0.826405
2024-04-12 00:18:08,360 P4077644 INFO Evaluation @epoch 11 - batch 81: 
2024-04-12 00:18:16,425 P4077644 INFO ===
2024-04-12 00:18:16,425 P4077644 INFO [Metrics] AUC: 0.816164 - gAUC: 0.767660 - logloss: 0.516515
2024-04-12 00:18:16,425 P4077644 INFO Monitor(max)=1.583823 STOP!
2024-04-12 00:18:16,425 P4077644 INFO Reduce learning rate on plateau: 0.000010
2024-04-12 00:18:16,574 P4077644 INFO ************ Epoch=11 end ************
2024-04-12 00:18:19,112 P4077644 INFO Train loss: 0.810971
2024-04-12 00:18:19,113 P4077644 INFO Evaluation @epoch 12 - batch 81: 
2024-04-12 00:18:27,585 P4077644 INFO ===
2024-04-12 00:18:27,585 P4077644 INFO [Metrics] AUC: 0.816213 - gAUC: 0.767736 - logloss: 0.516992
2024-04-12 00:18:27,585 P4077644 INFO Monitor(max)=1.583949 STOP!
2024-04-12 00:18:27,585 P4077644 INFO Reduce learning rate on plateau: 0.000001
2024-04-12 00:18:27,585 P4077644 INFO ********* Epoch==12 early stop *********
2024-04-12 00:18:27,744 P4077644 INFO Training finished.
2024-04-12 00:18:27,745 P4077644 INFO Load best model: /mnt/public/lhh/code/model_zoo/TF4CTR/TF4CTR_torch/checkpoints/ML-1M_08e326cd/TF4CTRv2_ML-1M_061_699f1f75.model
2024-04-12 00:18:27,753 P4077644 INFO ****** Validation evaluation ******
2024-04-12 00:18:36,692 P4077644 INFO ===
2024-04-12 00:18:36,692 P4077644 INFO [Metrics] logloss: 0.515769 - AUC: 0.816041 - gAUC: 0.768151
2024-04-12 00:18:36,730 P4077644 INFO ******** Test evaluation ********
2024-04-12 00:18:36,730 P4077644 INFO Loading data...
2024-04-12 00:18:36,731 P4077644 INFO Loading data from h5: ../../../data/ML-1M_08e326cd/test.h5
2024-04-12 00:18:36,739 P4077644 INFO Test samples: total/100021, blocks/1
2024-04-12 00:18:36,740 P4077644 INFO Loading test data done.
2024-04-12 00:18:43,984 P4077644 INFO ===
2024-04-12 00:18:43,992 P4077644 INFO [Metrics] logloss: 0.513942 - AUC: 0.816471 - gAUC: 0.769016
