2024-04-12 01:00:28,323 P1963567 INFO Params: {
    "DFM": "CF",
    "SSM": "none",
    "alpha": "0.25",
    "batch_norm": "True",
    "batch_size": "10000",
    "c": "0.8",
    "data_format": "csv",
    "data_root": "../../../data/",
    "dataset_id": "ML-1M_08e326cd",
    "debug_mode": "False",
    "early_stop_patience": "2",
    "easy_hidden_units": "[400, 400]",
    "embedding_dim": "16",
    "embedding_regularizer": "0.01",
    "epochs": "100",
    "eval_steps": "None",
    "feature_cols": "[{'active': True, 'dtype': 'int', 'name': 'group_id', 'preprocess': 'copy_from(UserID)', 'remap': False, 'type': 'meta'}, {'active': True, 'dtype': 'float', 'name': ['UserID', 'Gender', 'Age', 'Occupation', 'MovieID'], 'type': 'categorical'}]",
    "feature_config": "None",
    "feature_specs": "None",
    "gamma": "1",
    "gpu": "2",
    "group_id": "group_id",
    "hard_hidden_units": "[400, 400, 400]",
    "hidden_activations": "relu",
    "label_col": "{'dtype': 'float', 'name': 'Label'}",
    "learning_rate": "0.001",
    "loss": "binary_crossentropy",
    "metrics": "['logloss', 'AUC', 'gAUC']",
    "min_categr_count": "2",
    "model": "TF4CTRv2",
    "model_id": "TF4CTRv2_ML-1M_118_51ba1630",
    "model_root": "./checkpoints/",
    "monitor": "{'AUC': 1, 'gAUC': 1, 'logloss': 0}",
    "monitor_mode": "max",
    "net_dropout": "0.1",
    "net_regularizer": "0",
    "num_workers": "8",
    "optimizer": "adam",
    "pickle_feature_encoder": "True",
    "save_best_only": "True",
    "seed": "2023",
    "shuffle": "True",
    "task": "binary_classification",
    "test_data": "../../../data/ML-1M/test.csv",
    "train_data": "../../../data/ML-1M/train.csv",
    "use_features": "None",
    "valid_data": "../../../data/ML-1M/valid.csv",
    "verbose": "1"
}
2024-04-12 01:00:28,327 P1963567 INFO Set up feature processor...
2024-04-12 01:00:28,327 P1963567 WARNING Skip rebuilding ../../../data/ML-1M_08e326cd/feature_map.json. Please delete it manually if rebuilding is required.
2024-04-12 01:00:28,327 P1963567 INFO Load feature_map from json: ../../../data/ML-1M_08e326cd/feature_map.json
2024-04-12 01:00:28,328 P1963567 INFO Set column index...
2024-04-12 01:00:28,328 P1963567 INFO Feature specs: {
    "Age": "{'source': '', 'type': 'categorical', 'padding_idx': 0, 'oov_idx': 8, 'vocab_size': 9}",
    "Gender": "{'source': '', 'type': 'categorical', 'padding_idx': 0, 'oov_idx': 3, 'vocab_size': 4}",
    "MovieID": "{'source': '', 'type': 'categorical', 'padding_idx': 0, 'oov_idx': 3547, 'vocab_size': 3548}",
    "Occupation": "{'source': '', 'type': 'categorical', 'padding_idx': 0, 'oov_idx': 22, 'vocab_size': 23}",
    "UserID": "{'source': '', 'type': 'categorical', 'padding_idx': 0, 'oov_idx': 6041, 'vocab_size': 6042}",
    "group_id": "{'type': 'meta'}"
}
2024-04-12 01:00:33,897 P1963567 INFO Total number of parameters: 705619.
2024-04-12 01:00:33,897 P1963567 INFO Loading data...
2024-04-12 01:00:33,897 P1963567 INFO Loading data from h5: ../../../data/ML-1M_08e326cd/train.h5
2024-04-12 01:00:34,009 P1963567 INFO Train samples: total/800167, blocks/1
2024-04-12 01:00:34,009 P1963567 INFO Loading data from h5: ../../../data/ML-1M_08e326cd/valid.h5
2024-04-12 01:00:34,018 P1963567 INFO Validation samples: total/100021, blocks/1
2024-04-12 01:00:34,018 P1963567 INFO Loading train and validation data done.
2024-04-12 01:00:34,018 P1963567 INFO Start training: 81 batches/epoch
2024-04-12 01:00:34,018 P1963567 INFO ************ Epoch=1 start ************
2024-04-12 01:00:36,563 P1963567 INFO Train loss: 1.098097
2024-04-12 01:00:36,563 P1963567 INFO Evaluation @epoch 1 - batch 81: 
2024-04-12 01:00:44,912 P1963567 INFO ===
2024-04-12 01:00:44,912 P1963567 INFO [Metrics] AUC: 0.782366 - gAUC: 0.732721 - logloss: 0.598985
2024-04-12 01:00:44,912 P1963567 INFO Save best model: monitor(max)=1.515088
2024-04-12 01:00:45,042 P1963567 INFO ************ Epoch=1 end ************
2024-04-12 01:00:47,385 P1963567 INFO Train loss: 1.025843
2024-04-12 01:00:47,385 P1963567 INFO Evaluation @epoch 2 - batch 81: 
2024-04-12 01:00:56,082 P1963567 INFO ===
2024-04-12 01:00:56,083 P1963567 INFO [Metrics] AUC: 0.794935 - gAUC: 0.740648 - logloss: 0.539279
2024-04-12 01:00:56,083 P1963567 INFO Save best model: monitor(max)=1.535583
2024-04-12 01:00:56,275 P1963567 INFO ************ Epoch=2 end ************
2024-04-12 01:00:59,052 P1963567 INFO Train loss: 1.004205
2024-04-12 01:00:59,052 P1963567 INFO Evaluation @epoch 3 - batch 81: 
2024-04-12 01:01:07,051 P1963567 INFO ===
2024-04-12 01:01:07,052 P1963567 INFO [Metrics] AUC: 0.801214 - gAUC: 0.750231 - logloss: 0.531206
2024-04-12 01:01:07,052 P1963567 INFO Save best model: monitor(max)=1.551445
2024-04-12 01:01:07,186 P1963567 INFO ************ Epoch=3 end ************
2024-04-12 01:01:09,900 P1963567 INFO Train loss: 0.991890
2024-04-12 01:01:09,901 P1963567 INFO Evaluation @epoch 4 - batch 81: 
2024-04-12 01:01:18,219 P1963567 INFO ===
2024-04-12 01:01:18,219 P1963567 INFO [Metrics] AUC: 0.806236 - gAUC: 0.757954 - logloss: 0.525538
2024-04-12 01:01:18,219 P1963567 INFO Save best model: monitor(max)=1.564190
2024-04-12 01:01:18,402 P1963567 INFO ************ Epoch=4 end ************
2024-04-12 01:01:21,028 P1963567 INFO Train loss: 0.982628
2024-04-12 01:01:21,028 P1963567 INFO Evaluation @epoch 5 - batch 81: 
2024-04-12 01:01:29,670 P1963567 INFO ===
2024-04-12 01:01:29,670 P1963567 INFO [Metrics] AUC: 0.808082 - gAUC: 0.760656 - logloss: 0.522682
2024-04-12 01:01:29,671 P1963567 INFO Save best model: monitor(max)=1.568737
2024-04-12 01:01:29,823 P1963567 INFO ************ Epoch=5 end ************
2024-04-12 01:01:32,008 P1963567 INFO Train loss: 0.975986
2024-04-12 01:01:32,008 P1963567 INFO Evaluation @epoch 6 - batch 81: 
2024-04-12 01:01:38,893 P1963567 INFO ===
2024-04-12 01:01:38,893 P1963567 INFO [Metrics] AUC: 0.809740 - gAUC: 0.763774 - logloss: 0.521597
2024-04-12 01:01:38,893 P1963567 INFO Save best model: monitor(max)=1.573514
2024-04-12 01:01:39,016 P1963567 INFO ************ Epoch=6 end ************
2024-04-12 01:01:41,378 P1963567 INFO Train loss: 0.971959
2024-04-12 01:01:41,378 P1963567 INFO Evaluation @epoch 7 - batch 81: 
2024-04-12 01:01:49,597 P1963567 INFO ===
2024-04-12 01:01:49,598 P1963567 INFO [Metrics] AUC: 0.811028 - gAUC: 0.764543 - logloss: 0.519220
2024-04-12 01:01:49,598 P1963567 INFO Save best model: monitor(max)=1.575571
2024-04-12 01:01:49,778 P1963567 INFO ************ Epoch=7 end ************
2024-04-12 01:01:52,269 P1963567 INFO Train loss: 0.967521
2024-04-12 01:01:52,269 P1963567 INFO Evaluation @epoch 8 - batch 81: 
2024-04-12 01:02:00,345 P1963567 INFO ===
2024-04-12 01:02:00,346 P1963567 INFO [Metrics] AUC: 0.812457 - gAUC: 0.767472 - logloss: 0.517932
2024-04-12 01:02:00,346 P1963567 INFO Save best model: monitor(max)=1.579929
2024-04-12 01:02:00,537 P1963567 INFO ************ Epoch=8 end ************
2024-04-12 01:02:03,105 P1963567 INFO Train loss: 0.964211
2024-04-12 01:02:03,105 P1963567 INFO Evaluation @epoch 9 - batch 81: 
2024-04-12 01:02:11,427 P1963567 INFO ===
2024-04-12 01:02:11,427 P1963567 INFO [Metrics] AUC: 0.813201 - gAUC: 0.767371 - logloss: 0.517025
2024-04-12 01:02:11,428 P1963567 INFO Save best model: monitor(max)=1.580572
2024-04-12 01:02:11,597 P1963567 INFO ************ Epoch=9 end ************
2024-04-12 01:02:14,278 P1963567 INFO Train loss: 0.960426
2024-04-12 01:02:14,278 P1963567 INFO Evaluation @epoch 10 - batch 81: 
2024-04-12 01:02:22,884 P1963567 INFO ===
2024-04-12 01:02:22,885 P1963567 INFO [Metrics] AUC: 0.813465 - gAUC: 0.768522 - logloss: 0.517826
2024-04-12 01:02:22,885 P1963567 INFO Save best model: monitor(max)=1.581988
2024-04-12 01:02:23,062 P1963567 INFO ************ Epoch=10 end ************
2024-04-12 01:02:25,741 P1963567 INFO Train loss: 0.956363
2024-04-12 01:02:25,741 P1963567 INFO Evaluation @epoch 11 - batch 81: 
2024-04-12 01:02:34,439 P1963567 INFO ===
2024-04-12 01:02:34,445 P1963567 INFO [Metrics] AUC: 0.815022 - gAUC: 0.770509 - logloss: 0.514785
2024-04-12 01:02:34,446 P1963567 INFO Save best model: monitor(max)=1.585531
2024-04-12 01:02:34,628 P1963567 INFO ************ Epoch=11 end ************
2024-04-12 01:02:36,984 P1963567 INFO Train loss: 0.954551
2024-04-12 01:02:36,985 P1963567 INFO Evaluation @epoch 12 - batch 81: 
2024-04-12 01:02:44,630 P1963567 INFO ===
2024-04-12 01:02:44,631 P1963567 INFO [Metrics] AUC: 0.814713 - gAUC: 0.770924 - logloss: 0.518878
2024-04-12 01:02:44,631 P1963567 INFO Save best model: monitor(max)=1.585638
2024-04-12 01:02:44,759 P1963567 INFO ************ Epoch=12 end ************
2024-04-12 01:02:47,311 P1963567 INFO Train loss: 0.952454
2024-04-12 01:02:47,313 P1963567 INFO Evaluation @epoch 13 - batch 81: 
2024-04-12 01:02:55,102 P1963567 INFO ===
2024-04-12 01:02:55,102 P1963567 INFO [Metrics] AUC: 0.815379 - gAUC: 0.771813 - logloss: 0.515939
2024-04-12 01:02:55,103 P1963567 INFO Save best model: monitor(max)=1.587191
2024-04-12 01:02:55,265 P1963567 INFO ************ Epoch=13 end ************
2024-04-12 01:02:58,047 P1963567 INFO Train loss: 0.951782
2024-04-12 01:02:58,047 P1963567 INFO Evaluation @epoch 14 - batch 81: 
2024-04-12 01:03:05,877 P1963567 INFO ===
2024-04-12 01:03:05,877 P1963567 INFO [Metrics] AUC: 0.816286 - gAUC: 0.772162 - logloss: 0.516383
2024-04-12 01:03:05,878 P1963567 INFO Save best model: monitor(max)=1.588448
2024-04-12 01:03:06,107 P1963567 INFO ************ Epoch=14 end ************
2024-04-12 01:03:08,881 P1963567 INFO Train loss: 0.951855
2024-04-12 01:03:08,881 P1963567 INFO Evaluation @epoch 15 - batch 81: 
2024-04-12 01:03:16,896 P1963567 INFO ===
2024-04-12 01:03:16,896 P1963567 INFO [Metrics] AUC: 0.813633 - gAUC: 0.769463 - logloss: 0.516868
2024-04-12 01:03:16,897 P1963567 INFO Monitor(max)=1.583097 STOP!
2024-04-12 01:03:16,897 P1963567 INFO Reduce learning rate on plateau: 0.000100
2024-04-12 01:03:17,047 P1963567 INFO ************ Epoch=15 end ************
2024-04-12 01:03:19,929 P1963567 INFO Train loss: 0.866017
2024-04-12 01:03:19,929 P1963567 INFO Evaluation @epoch 16 - batch 81: 
2024-04-12 01:03:28,332 P1963567 INFO ===
2024-04-12 01:03:28,332 P1963567 INFO [Metrics] AUC: 0.810497 - gAUC: 0.763993 - logloss: 0.534854
2024-04-12 01:03:28,332 P1963567 INFO Monitor(max)=1.574490 STOP!
2024-04-12 01:03:28,332 P1963567 INFO Reduce learning rate on plateau: 0.000010
2024-04-12 01:03:28,332 P1963567 INFO ********* Epoch==16 early stop *********
2024-04-12 01:03:28,462 P1963567 INFO Training finished.
2024-04-12 01:03:28,462 P1963567 INFO Load best model: /mnt/public/lhh/code/model_zoo/TF4CTR/TF4CTR_torch/checkpoints/ML-1M_08e326cd/TF4CTRv2_ML-1M_118_51ba1630.model
2024-04-12 01:03:28,470 P1963567 INFO ****** Validation evaluation ******
2024-04-12 01:03:37,264 P1963567 INFO ===
2024-04-12 01:03:37,264 P1963567 INFO [Metrics] logloss: 0.516383 - AUC: 0.816286 - gAUC: 0.772162
2024-04-12 01:03:37,299 P1963567 INFO ******** Test evaluation ********
2024-04-12 01:03:37,300 P1963567 INFO Loading data...
2024-04-12 01:03:37,300 P1963567 INFO Loading data from h5: ../../../data/ML-1M_08e326cd/test.h5
2024-04-12 01:03:37,309 P1963567 INFO Test samples: total/100021, blocks/1
2024-04-12 01:03:37,309 P1963567 INFO Loading test data done.
2024-04-12 01:03:44,822 P1963567 INFO ===
2024-04-12 01:03:44,822 P1963567 INFO [Metrics] logloss: 0.517761 - AUC: 0.814168 - gAUC: 0.770069
