2024-04-12 00:04:22,562 P3523886 INFO Params: {
    "DFM": "WSF",
    "SSM": "GM",
    "alpha": "0.25",
    "batch_norm": "True",
    "batch_size": "10000",
    "c": "0.7",
    "data_format": "csv",
    "data_root": "../../../data/",
    "dataset_id": "ML-1M_08e326cd",
    "debug_mode": "False",
    "early_stop_patience": "2",
    "easy_hidden_units": "[400]",
    "embedding_dim": "16",
    "embedding_regularizer": "0.01",
    "epochs": "100",
    "eval_steps": "None",
    "feature_cols": "[{'active': True, 'dtype': 'int', 'name': 'group_id', 'preprocess': 'copy_from(UserID)', 'remap': False, 'type': 'meta'}, {'active': True, 'dtype': 'float', 'name': ['UserID', 'Gender', 'Age', 'Occupation', 'MovieID'], 'type': 'categorical'}]",
    "feature_config": "None",
    "feature_specs": "None",
    "gamma": "2",
    "gpu": "2",
    "group_id": "group_id",
    "hard_hidden_units": "[400, 400, 400]",
    "hidden_activations": "relu",
    "label_col": "{'dtype': 'float', 'name': 'Label'}",
    "learning_rate": "0.001",
    "loss": "binary_crossentropy",
    "metrics": "['logloss', 'AUC', 'gAUC']",
    "min_categr_count": "2",
    "model": "TF4CTRv2",
    "model_id": "TF4CTRv2_ML-1M_046_3ee5c795",
    "model_root": "./checkpoints/",
    "monitor": "{'AUC': 1, 'gAUC': 1, 'logloss': 0}",
    "monitor_mode": "max",
    "net_dropout": "0.1",
    "net_regularizer": "0",
    "num_workers": "8",
    "optimizer": "adam",
    "pickle_feature_encoder": "True",
    "save_best_only": "True",
    "seed": "2023",
    "shuffle": "True",
    "task": "binary_classification",
    "test_data": "../../../data/ML-1M/test.csv",
    "train_data": "../../../data/ML-1M/train.csv",
    "use_features": "None",
    "valid_data": "../../../data/ML-1M/valid.csv",
    "verbose": "1"
}
2024-04-12 00:04:22,563 P3523886 INFO Set up feature processor...
2024-04-12 00:04:22,564 P3523886 WARNING Skip rebuilding ../../../data/ML-1M_08e326cd/feature_map.json. Please delete it manually if rebuilding is required.
2024-04-12 00:04:22,564 P3523886 INFO Load feature_map from json: ../../../data/ML-1M_08e326cd/feature_map.json
2024-04-12 00:04:22,564 P3523886 INFO Set column index...
2024-04-12 00:04:22,564 P3523886 INFO Feature specs: {
    "Age": "{'source': '', 'type': 'categorical', 'padding_idx': 0, 'oov_idx': 8, 'vocab_size': 9}",
    "Gender": "{'source': '', 'type': 'categorical', 'padding_idx': 0, 'oov_idx': 3, 'vocab_size': 4}",
    "MovieID": "{'source': '', 'type': 'categorical', 'padding_idx': 0, 'oov_idx': 3547, 'vocab_size': 3548}",
    "Occupation": "{'source': '', 'type': 'categorical', 'padding_idx': 0, 'oov_idx': 22, 'vocab_size': 23}",
    "UserID": "{'source': '', 'type': 'categorical', 'padding_idx': 0, 'oov_idx': 6041, 'vocab_size': 6042}",
    "group_id": "{'type': 'meta'}"
}
2024-04-12 00:04:27,735 P3523886 INFO Total number of parameters: 556580.
2024-04-12 00:04:27,735 P3523886 INFO Loading data...
2024-04-12 00:04:27,735 P3523886 INFO Loading data from h5: ../../../data/ML-1M_08e326cd/train.h5
2024-04-12 00:04:27,799 P3523886 INFO Train samples: total/800167, blocks/1
2024-04-12 00:04:27,799 P3523886 INFO Loading data from h5: ../../../data/ML-1M_08e326cd/valid.h5
2024-04-12 00:04:27,805 P3523886 INFO Validation samples: total/100021, blocks/1
2024-04-12 00:04:27,805 P3523886 INFO Loading train and validation data done.
2024-04-12 00:04:27,805 P3523886 INFO Start training: 81 batches/epoch
2024-04-12 00:04:27,805 P3523886 INFO ************ Epoch=1 start ************
2024-04-12 00:04:30,258 P3523886 INFO Train loss: 1.079142
2024-04-12 00:04:30,258 P3523886 INFO Evaluation @epoch 1 - batch 81: 
2024-04-12 00:04:39,333 P3523886 INFO ===
2024-04-12 00:04:39,333 P3523886 INFO [Metrics] AUC: 0.784872 - gAUC: 0.732558 - logloss: 0.596013
2024-04-12 00:04:39,333 P3523886 INFO Save best model: monitor(max)=1.517430
2024-04-12 00:04:39,474 P3523886 INFO ************ Epoch=1 end ************
2024-04-12 00:04:41,987 P3523886 INFO Train loss: 0.998098
2024-04-12 00:04:41,987 P3523886 INFO Evaluation @epoch 2 - batch 81: 
2024-04-12 00:04:50,741 P3523886 INFO ===
2024-04-12 00:04:50,741 P3523886 INFO [Metrics] AUC: 0.791570 - gAUC: 0.736867 - logloss: 0.544988
2024-04-12 00:04:50,741 P3523886 INFO Save best model: monitor(max)=1.528437
2024-04-12 00:04:50,888 P3523886 INFO ************ Epoch=2 end ************
2024-04-12 00:04:53,408 P3523886 INFO Train loss: 0.978172
2024-04-12 00:04:53,408 P3523886 INFO Evaluation @epoch 3 - batch 81: 
2024-04-12 00:05:01,799 P3523886 INFO ===
2024-04-12 00:05:01,800 P3523886 INFO [Metrics] AUC: 0.798261 - gAUC: 0.745904 - logloss: 0.533697
2024-04-12 00:05:01,800 P3523886 INFO Save best model: monitor(max)=1.544165
2024-04-12 00:05:01,935 P3523886 INFO ************ Epoch=3 end ************
2024-04-12 00:05:04,750 P3523886 INFO Train loss: 0.965146
2024-04-12 00:05:04,750 P3523886 INFO Evaluation @epoch 4 - batch 81: 
2024-04-12 00:05:12,945 P3523886 INFO ===
2024-04-12 00:05:12,945 P3523886 INFO [Metrics] AUC: 0.803617 - gAUC: 0.754310 - logloss: 0.528039
2024-04-12 00:05:12,945 P3523886 INFO Save best model: monitor(max)=1.557927
2024-04-12 00:05:13,075 P3523886 INFO ************ Epoch=4 end ************
2024-04-12 00:05:15,746 P3523886 INFO Train loss: 0.957681
2024-04-12 00:05:15,746 P3523886 INFO Evaluation @epoch 5 - batch 81: 
2024-04-12 00:05:23,697 P3523886 INFO ===
2024-04-12 00:05:23,697 P3523886 INFO [Metrics] AUC: 0.808119 - gAUC: 0.759738 - logloss: 0.524028
2024-04-12 00:05:23,697 P3523886 INFO Save best model: monitor(max)=1.567858
2024-04-12 00:05:23,902 P3523886 INFO ************ Epoch=5 end ************
2024-04-12 00:05:26,716 P3523886 INFO Train loss: 0.952061
2024-04-12 00:05:26,716 P3523886 INFO Evaluation @epoch 6 - batch 81: 
2024-04-12 00:05:34,594 P3523886 INFO ===
2024-04-12 00:05:34,594 P3523886 INFO [Metrics] AUC: 0.809234 - gAUC: 0.760579 - logloss: 0.521659
2024-04-12 00:05:34,595 P3523886 INFO Save best model: monitor(max)=1.569813
2024-04-12 00:05:34,753 P3523886 INFO ************ Epoch=6 end ************
2024-04-12 00:05:37,793 P3523886 INFO Train loss: 0.945999
2024-04-12 00:05:37,796 P3523886 INFO Evaluation @epoch 7 - batch 81: 
2024-04-12 00:05:45,414 P3523886 INFO ===
2024-04-12 00:05:45,415 P3523886 INFO [Metrics] AUC: 0.810720 - gAUC: 0.764429 - logloss: 0.524115
2024-04-12 00:05:45,415 P3523886 INFO Save best model: monitor(max)=1.575149
2024-04-12 00:05:45,557 P3523886 INFO ************ Epoch=7 end ************
2024-04-12 00:05:48,138 P3523886 INFO Train loss: 0.943462
2024-04-12 00:05:48,138 P3523886 INFO Evaluation @epoch 8 - batch 81: 
2024-04-12 00:05:55,639 P3523886 INFO ===
2024-04-12 00:05:55,639 P3523886 INFO [Metrics] AUC: 0.810038 - gAUC: 0.761728 - logloss: 0.520443
2024-04-12 00:05:55,639 P3523886 INFO Monitor(max)=1.571766 STOP!
2024-04-12 00:05:55,639 P3523886 INFO Reduce learning rate on plateau: 0.000100
2024-04-12 00:05:55,830 P3523886 INFO ************ Epoch=8 end ************
2024-04-12 00:05:58,746 P3523886 INFO Train loss: 0.887749
2024-04-12 00:05:58,746 P3523886 INFO Evaluation @epoch 9 - batch 81: 
2024-04-12 00:06:06,394 P3523886 INFO ===
2024-04-12 00:06:06,394 P3523886 INFO [Metrics] AUC: 0.814338 - gAUC: 0.765826 - logloss: 0.516789
2024-04-12 00:06:06,395 P3523886 INFO Save best model: monitor(max)=1.580164
2024-04-12 00:06:06,557 P3523886 INFO ************ Epoch=9 end ************
2024-04-12 00:06:09,316 P3523886 INFO Train loss: 0.869628
2024-04-12 00:06:09,316 P3523886 INFO Evaluation @epoch 10 - batch 81: 
2024-04-12 00:06:17,060 P3523886 INFO ===
2024-04-12 00:06:17,060 P3523886 INFO [Metrics] AUC: 0.815274 - gAUC: 0.766656 - logloss: 0.516258
2024-04-12 00:06:17,061 P3523886 INFO Save best model: monitor(max)=1.581930
2024-04-12 00:06:17,273 P3523886 INFO ************ Epoch=10 end ************
2024-04-12 00:06:20,042 P3523886 INFO Train loss: 0.857318
2024-04-12 00:06:20,042 P3523886 INFO Evaluation @epoch 11 - batch 81: 
2024-04-12 00:06:27,890 P3523886 INFO ===
2024-04-12 00:06:27,890 P3523886 INFO [Metrics] AUC: 0.815438 - gAUC: 0.767007 - logloss: 0.516831
2024-04-12 00:06:27,891 P3523886 INFO Save best model: monitor(max)=1.582445
2024-04-12 00:06:28,083 P3523886 INFO ************ Epoch=11 end ************
2024-04-12 00:06:30,665 P3523886 INFO Train loss: 0.849680
2024-04-12 00:06:30,665 P3523886 INFO Evaluation @epoch 12 - batch 81: 
2024-04-12 00:06:39,740 P3523886 INFO ===
2024-04-12 00:06:39,744 P3523886 INFO [Metrics] AUC: 0.815403 - gAUC: 0.766609 - logloss: 0.517992
2024-04-12 00:06:39,745 P3523886 INFO Monitor(max)=1.582012 STOP!
2024-04-12 00:06:39,748 P3523886 INFO Reduce learning rate on plateau: 0.000010
2024-04-12 00:06:39,969 P3523886 INFO ************ Epoch=12 end ************
2024-04-12 00:06:42,572 P3523886 INFO Train loss: 0.832246
2024-04-12 00:06:42,573 P3523886 INFO Evaluation @epoch 13 - batch 81: 
2024-04-12 00:06:51,384 P3523886 INFO ===
2024-04-12 00:06:51,385 P3523886 INFO [Metrics] AUC: 0.815373 - gAUC: 0.766614 - logloss: 0.518167
2024-04-12 00:06:51,385 P3523886 INFO Monitor(max)=1.581987 STOP!
2024-04-12 00:06:51,386 P3523886 INFO Reduce learning rate on plateau: 0.000001
2024-04-12 00:06:51,386 P3523886 INFO ********* Epoch==13 early stop *********
2024-04-12 00:06:51,564 P3523886 INFO Training finished.
2024-04-12 00:06:51,565 P3523886 INFO Load best model: /mnt/public/lhh/code/model_zoo/TF4CTR/TF4CTR_torch/checkpoints/ML-1M_08e326cd/TF4CTRv2_ML-1M_046_3ee5c795.model
2024-04-12 00:06:51,571 P3523886 INFO ****** Validation evaluation ******
2024-04-12 00:06:59,983 P3523886 INFO ===
2024-04-12 00:06:59,983 P3523886 INFO [Metrics] logloss: 0.516831 - AUC: 0.815438 - gAUC: 0.767007
2024-04-12 00:07:00,034 P3523886 INFO ******** Test evaluation ********
2024-04-12 00:07:00,034 P3523886 INFO Loading data...
2024-04-12 00:07:00,034 P3523886 INFO Loading data from h5: ../../../data/ML-1M_08e326cd/test.h5
2024-04-12 00:07:00,047 P3523886 INFO Test samples: total/100021, blocks/1
2024-04-12 00:07:00,047 P3523886 INFO Loading test data done.
2024-04-12 00:07:08,588 P3523886 INFO ===
2024-04-12 00:07:08,588 P3523886 INFO [Metrics] logloss: 0.514690 - AUC: 0.816242 - gAUC: 0.768804
