2024-04-16 13:34:44,760 P1046349 INFO Params: {
    "DFM": "CF",
    "SSM": "GM",
    "alpha": "0.25",
    "batch_norm": "True",
    "batch_size": "10000",
    "c": "0.9",
    "data_format": "csv",
    "data_root": "../../../data/",
    "dataset_id": "ML-1M_08e326cd",
    "debug_mode": "False",
    "early_stop_patience": "2",
    "easy_hidden_units": "[400]",
    "embedding_dim": "16",
    "embedding_regularizer": "0.01",
    "epochs": "100",
    "eval_steps": "None",
    "feature_cols": "[{'active': True, 'dtype': 'int', 'name': 'group_id', 'preprocess': 'copy_from(UserID)', 'remap': False, 'type': 'meta'}, {'active': True, 'dtype': 'float', 'name': ['UserID', 'Gender', 'Age', 'Occupation', 'MovieID'], 'type': 'categorical'}]",
    "feature_config": "None",
    "feature_specs": "None",
    "gamma": "1",
    "gpu": "0",
    "group_id": "group_id",
    "hard_hidden_units": "[400, 400, 400]",
    "hidden_activations": "relu",
    "label_col": "{'dtype': 'float', 'name': 'Label'}",
    "learning_rate": "0.001",
    "loss": "binary_crossentropy",
    "metrics": "['logloss', 'AUC', 'gAUC']",
    "min_categr_count": "2",
    "model": "TF4CTRv2",
    "model_id": "TF4CTRv2_ML-1M_003_c2b3868b",
    "model_root": "./checkpoints/",
    "monitor": "{'AUC': 1, 'gAUC': 1, 'logloss': 0}",
    "monitor_mode": "max",
    "net_dropout": "0.1",
    "net_regularizer": "0",
    "num_workers": "8",
    "optimizer": "adam",
    "pickle_feature_encoder": "True",
    "save_best_only": "True",
    "seed": "2023",
    "shuffle": "True",
    "task": "binary_classification",
    "test_data": "../../../data/ML-1M/test.csv",
    "train_data": "../../../data/ML-1M/train.csv",
    "use_features": "None",
    "valid_data": "../../../data/ML-1M/valid.csv",
    "verbose": "1"
}
2024-04-16 13:34:44,761 P1046349 INFO Set up feature processor...
2024-04-16 13:34:44,761 P1046349 WARNING Skip rebuilding ../../../data/ML-1M_08e326cd/feature_map.json. Please delete it manually if rebuilding is required.
2024-04-16 13:34:44,761 P1046349 INFO Load feature_map from json: ../../../data/ML-1M_08e326cd/feature_map.json
2024-04-16 13:34:44,761 P1046349 INFO Set column index...
2024-04-16 13:34:44,761 P1046349 INFO Feature specs: {
    "Age": "{'source': '', 'type': 'categorical', 'padding_idx': 0, 'oov_idx': 8, 'vocab_size': 9}",
    "Gender": "{'source': '', 'type': 'categorical', 'padding_idx': 0, 'oov_idx': 3, 'vocab_size': 4}",
    "MovieID": "{'source': '', 'type': 'categorical', 'padding_idx': 0, 'oov_idx': 3547, 'vocab_size': 3548}",
    "Occupation": "{'source': '', 'type': 'categorical', 'padding_idx': 0, 'oov_idx': 22, 'vocab_size': 23}",
    "UserID": "{'source': '', 'type': 'categorical', 'padding_idx': 0, 'oov_idx': 6041, 'vocab_size': 6042}",
    "group_id": "{'type': 'meta'}"
}
2024-04-16 13:34:49,208 P1046349 INFO Total number of parameters: 546100.
2024-04-16 13:34:49,209 P1046349 INFO Loading data...
2024-04-16 13:34:49,210 P1046349 INFO Loading data from h5: ../../../data/ML-1M_08e326cd/train.h5
2024-04-16 13:34:49,277 P1046349 INFO Train samples: total/800167, blocks/1
2024-04-16 13:34:49,277 P1046349 INFO Loading data from h5: ../../../data/ML-1M_08e326cd/valid.h5
2024-04-16 13:34:49,284 P1046349 INFO Validation samples: total/100021, blocks/1
2024-04-16 13:34:49,284 P1046349 INFO Loading train and validation data done.
2024-04-16 13:34:49,284 P1046349 INFO Start training: 81 batches/epoch
2024-04-16 13:34:49,284 P1046349 INFO ************ Epoch=1 start ************
2024-04-16 13:34:53,334 P1046349 INFO Train loss: 1.058456
2024-04-16 13:34:53,334 P1046349 INFO Evaluation @epoch 1 - batch 81: 
2024-04-16 13:35:02,735 P1046349 INFO ===
2024-04-16 13:35:02,736 P1046349 INFO [Metrics] AUC: 0.785349 - gAUC: 0.733877 - logloss: 0.606759
2024-04-16 13:35:02,736 P1046349 INFO Save best model: monitor(max)=1.519226
2024-04-16 13:35:02,925 P1046349 INFO ************ Epoch=1 end ************
2024-04-16 13:35:07,064 P1046349 INFO Train loss: 0.990568
2024-04-16 13:35:07,064 P1046349 INFO Evaluation @epoch 2 - batch 81: 
2024-04-16 13:35:16,031 P1046349 INFO ===
2024-04-16 13:35:16,032 P1046349 INFO [Metrics] AUC: 0.794758 - gAUC: 0.740535 - logloss: 0.536809
2024-04-16 13:35:16,032 P1046349 INFO Save best model: monitor(max)=1.535292
2024-04-16 13:35:16,266 P1046349 INFO ************ Epoch=2 end ************
2024-04-16 13:35:20,327 P1046349 INFO Train loss: 0.976146
2024-04-16 13:35:20,328 P1046349 INFO Evaluation @epoch 3 - batch 81: 
2024-04-16 13:35:29,616 P1046349 INFO ===
2024-04-16 13:35:29,616 P1046349 INFO [Metrics] AUC: 0.799993 - gAUC: 0.748303 - logloss: 0.530746
2024-04-16 13:35:29,621 P1046349 INFO Save best model: monitor(max)=1.548295
2024-04-16 13:35:29,925 P1046349 INFO ************ Epoch=3 end ************
2024-04-16 13:35:33,686 P1046349 INFO Train loss: 0.966995
2024-04-16 13:35:33,686 P1046349 INFO Evaluation @epoch 4 - batch 81: 
2024-04-16 13:35:42,450 P1046349 INFO ===
2024-04-16 13:35:42,450 P1046349 INFO [Metrics] AUC: 0.805624 - gAUC: 0.756949 - logloss: 0.525851
2024-04-16 13:35:42,450 P1046349 INFO Save best model: monitor(max)=1.562573
2024-04-16 13:35:42,696 P1046349 INFO ************ Epoch=4 end ************
2024-04-16 13:35:46,488 P1046349 INFO Train loss: 0.959575
2024-04-16 13:35:46,489 P1046349 INFO Evaluation @epoch 5 - batch 81: 
2024-04-16 13:35:55,172 P1046349 INFO ===
2024-04-16 13:35:55,172 P1046349 INFO [Metrics] AUC: 0.807024 - gAUC: 0.758538 - logloss: 0.524075
2024-04-16 13:35:55,172 P1046349 INFO Save best model: monitor(max)=1.565562
2024-04-16 13:35:55,383 P1046349 INFO ************ Epoch=5 end ************
2024-04-16 13:35:59,120 P1046349 INFO Train loss: 0.952097
2024-04-16 13:35:59,120 P1046349 INFO Evaluation @epoch 6 - batch 81: 
2024-04-16 13:36:07,903 P1046349 INFO ===
2024-04-16 13:36:07,903 P1046349 INFO [Metrics] AUC: 0.808478 - gAUC: 0.760963 - logloss: 0.521742
2024-04-16 13:36:07,904 P1046349 INFO Save best model: monitor(max)=1.569440
2024-04-16 13:36:08,059 P1046349 INFO ************ Epoch=6 end ************
2024-04-16 13:36:11,374 P1046349 INFO Train loss: 0.947002
2024-04-16 13:36:11,375 P1046349 INFO Evaluation @epoch 7 - batch 81: 
2024-04-16 13:36:17,938 P1046349 INFO ===
2024-04-16 13:36:17,938 P1046349 INFO [Metrics] AUC: 0.809985 - gAUC: 0.763847 - logloss: 0.520788
2024-04-16 13:36:17,939 P1046349 INFO Save best model: monitor(max)=1.573832
2024-04-16 13:36:18,061 P1046349 INFO ************ Epoch=7 end ************
2024-04-16 13:36:20,602 P1046349 INFO Train loss: 0.944546
2024-04-16 13:36:20,603 P1046349 INFO Evaluation @epoch 8 - batch 81: 
2024-04-16 13:36:28,208 P1046349 INFO ===
2024-04-16 13:36:28,208 P1046349 INFO [Metrics] AUC: 0.811560 - gAUC: 0.764558 - logloss: 0.519599
2024-04-16 13:36:28,209 P1046349 INFO Save best model: monitor(max)=1.576118
2024-04-16 13:36:28,491 P1046349 INFO ************ Epoch=8 end ************
2024-04-16 13:36:31,283 P1046349 INFO Train loss: 0.941309
2024-04-16 13:36:31,284 P1046349 INFO Evaluation @epoch 9 - batch 81: 
2024-04-16 13:36:39,771 P1046349 INFO ===
2024-04-16 13:36:39,785 P1046349 INFO [Metrics] AUC: 0.812191 - gAUC: 0.765824 - logloss: 0.518682
2024-04-16 13:36:39,785 P1046349 INFO Save best model: monitor(max)=1.578015
2024-04-16 13:36:40,049 P1046349 INFO ************ Epoch=9 end ************
2024-04-16 13:36:42,943 P1046349 INFO Train loss: 0.936506
2024-04-16 13:36:42,943 P1046349 INFO Evaluation @epoch 10 - batch 81: 
2024-04-16 13:36:51,275 P1046349 INFO ===
2024-04-16 13:36:51,276 P1046349 INFO [Metrics] AUC: 0.812475 - gAUC: 0.765934 - logloss: 0.517962
2024-04-16 13:36:51,276 P1046349 INFO Save best model: monitor(max)=1.578409
2024-04-16 13:36:51,447 P1046349 INFO ************ Epoch=10 end ************
2024-04-16 13:36:54,586 P1046349 INFO Train loss: 0.935541
2024-04-16 13:36:54,586 P1046349 INFO Evaluation @epoch 11 - batch 81: 
2024-04-16 13:37:03,352 P1046349 INFO ===
2024-04-16 13:37:03,353 P1046349 INFO [Metrics] AUC: 0.814006 - gAUC: 0.768914 - logloss: 0.517010
2024-04-16 13:37:03,354 P1046349 INFO Save best model: monitor(max)=1.582920
2024-04-16 13:37:03,590 P1046349 INFO ************ Epoch=11 end ************
2024-04-16 13:37:06,647 P1046349 INFO Train loss: 0.932330
2024-04-16 13:37:06,647 P1046349 INFO Evaluation @epoch 12 - batch 81: 
2024-04-16 13:37:14,923 P1046349 INFO ===
2024-04-16 13:37:14,923 P1046349 INFO [Metrics] AUC: 0.813341 - gAUC: 0.768297 - logloss: 0.517697
2024-04-16 13:37:14,923 P1046349 INFO Monitor(max)=1.581639 STOP!
2024-04-16 13:37:14,923 P1046349 INFO Reduce learning rate on plateau: 0.000100
2024-04-16 13:37:15,062 P1046349 INFO ************ Epoch=12 end ************
2024-04-16 13:37:18,268 P1046349 INFO Train loss: 0.856288
2024-04-16 13:37:18,268 P1046349 INFO Evaluation @epoch 13 - batch 81: 
2024-04-16 13:37:26,805 P1046349 INFO ===
2024-04-16 13:37:26,805 P1046349 INFO [Metrics] AUC: 0.812488 - gAUC: 0.765545 - logloss: 0.527798
2024-04-16 13:37:26,806 P1046349 INFO Monitor(max)=1.578033 STOP!
2024-04-16 13:37:26,806 P1046349 INFO Reduce learning rate on plateau: 0.000010
2024-04-16 13:37:26,806 P1046349 INFO ********* Epoch==13 early stop *********
2024-04-16 13:37:26,975 P1046349 INFO Training finished.
2024-04-16 13:37:26,976 P1046349 INFO Load best model: /mnt/public/lhh/code/model_zoo/TF4CTR/TF4CTR_torch/checkpoints/ML-1M_08e326cd/TF4CTRv2_ML-1M_003_c2b3868b.model
2024-04-16 13:37:26,983 P1046349 INFO ****** Validation evaluation ******
2024-04-16 13:37:34,703 P1046349 INFO ===
2024-04-16 13:37:34,704 P1046349 INFO [Metrics] logloss: 0.517010 - AUC: 0.814006 - gAUC: 0.768914
2024-04-16 13:37:34,746 P1046349 INFO ******** Test evaluation ********
2024-04-16 13:37:34,746 P1046349 INFO Loading data...
2024-04-16 13:37:34,746 P1046349 INFO Loading data from h5: ../../../data/ML-1M_08e326cd/test.h5
2024-04-16 13:37:34,755 P1046349 INFO Test samples: total/100021, blocks/1
2024-04-16 13:37:34,755 P1046349 INFO Loading test data done.
2024-04-16 13:37:43,125 P1046349 INFO ===
2024-04-16 13:37:43,125 P1046349 INFO [Metrics] logloss: 0.516465 - AUC: 0.813673 - gAUC: 0.770187
