2024-04-11 20:59:39,897 P2328752 INFO Params: {
    "DFM": "WSF",
    "SSM": "SER",
    "alpha": "0.25",
    "batch_norm": "True",
    "batch_size": "10000",
    "c": "0.8",
    "data_format": "csv",
    "data_root": "../../../data/",
    "dataset_id": "ML-1M_08e326cd",
    "debug_mode": "False",
    "early_stop_patience": "2",
    "easy_hidden_units": "[400]",
    "embedding_dim": "16",
    "embedding_regularizer": "0.01",
    "epochs": "100",
    "eval_steps": "None",
    "feature_cols": "[{'active': True, 'dtype': 'int', 'name': 'group_id', 'preprocess': 'copy_from(UserID)', 'remap': False, 'type': 'meta'}, {'active': True, 'dtype': 'float', 'name': ['UserID', 'Gender', 'Age', 'Occupation', 'MovieID'], 'type': 'categorical'}]",
    "feature_config": "None",
    "feature_specs": "None",
    "gamma": "2",
    "gpu": "2",
    "group_id": "group_id",
    "hard_hidden_units": "[400, 400, 400]",
    "hidden_activations": "relu",
    "label_col": "{'dtype': 'float', 'name': 'Label'}",
    "learning_rate": "0.001",
    "loss": "binary_crossentropy",
    "metrics": "['logloss', 'AUC', 'gAUC']",
    "min_categr_count": "2",
    "model": "TF4CTRv2",
    "model_id": "TF4CTRv2_ML-1M_021_661e3269",
    "model_root": "./checkpoints/",
    "monitor": "{'AUC': 1, 'gAUC': 1, 'logloss': 0}",
    "monitor_mode": "max",
    "net_dropout": "0.1",
    "net_regularizer": "0",
    "num_workers": "8",
    "optimizer": "adam",
    "pickle_feature_encoder": "True",
    "save_best_only": "True",
    "seed": "2023",
    "shuffle": "True",
    "task": "binary_classification",
    "test_data": "../../../data/ML-1M/test.csv",
    "train_data": "../../../data/ML-1M/train.csv",
    "use_features": "None",
    "valid_data": "../../../data/ML-1M/valid.csv",
    "verbose": "1"
}
2024-04-11 20:59:39,898 P2328752 INFO Set up feature processor...
2024-04-11 20:59:39,898 P2328752 WARNING Skip rebuilding ../../../data/ML-1M_08e326cd/feature_map.json. Please delete it manually if rebuilding is required.
2024-04-11 20:59:39,898 P2328752 INFO Load feature_map from json: ../../../data/ML-1M_08e326cd/feature_map.json
2024-04-11 20:59:39,898 P2328752 INFO Set column index...
2024-04-11 20:59:39,899 P2328752 INFO Feature specs: {
    "Age": "{'source': '', 'type': 'categorical', 'padding_idx': 0, 'oov_idx': 8, 'vocab_size': 9}",
    "Gender": "{'source': '', 'type': 'categorical', 'padding_idx': 0, 'oov_idx': 3, 'vocab_size': 4}",
    "MovieID": "{'source': '', 'type': 'categorical', 'padding_idx': 0, 'oov_idx': 3547, 'vocab_size': 3548}",
    "Occupation": "{'source': '', 'type': 'categorical', 'padding_idx': 0, 'oov_idx': 22, 'vocab_size': 23}",
    "UserID": "{'source': '', 'type': 'categorical', 'padding_idx': 0, 'oov_idx': 6041, 'vocab_size': 6042}",
    "group_id": "{'type': 'meta'}"
}
2024-04-11 20:59:44,246 P2328752 INFO Total number of parameters: 604628.
2024-04-11 20:59:44,247 P2328752 INFO Loading data...
2024-04-11 20:59:44,247 P2328752 INFO Loading data from h5: ../../../data/ML-1M_08e326cd/train.h5
2024-04-11 20:59:44,308 P2328752 INFO Train samples: total/800167, blocks/1
2024-04-11 20:59:44,308 P2328752 INFO Loading data from h5: ../../../data/ML-1M_08e326cd/valid.h5
2024-04-11 20:59:44,314 P2328752 INFO Validation samples: total/100021, blocks/1
2024-04-11 20:59:44,314 P2328752 INFO Loading train and validation data done.
2024-04-11 20:59:44,315 P2328752 INFO Start training: 81 batches/epoch
2024-04-11 20:59:44,315 P2328752 INFO ************ Epoch=1 start ************
2024-04-11 20:59:46,716 P2328752 INFO Train loss: 1.043049
2024-04-11 20:59:46,716 P2328752 INFO Evaluation @epoch 1 - batch 81: 
2024-04-11 20:59:54,310 P2328752 INFO ===
2024-04-11 20:59:54,310 P2328752 INFO [Metrics] AUC: 0.789505 - gAUC: 0.735439 - logloss: 0.595229
2024-04-11 20:59:54,311 P2328752 INFO Save best model: monitor(max)=1.524944
2024-04-11 20:59:54,482 P2328752 INFO ************ Epoch=1 end ************
2024-04-11 20:59:56,981 P2328752 INFO Train loss: 0.972089
2024-04-11 20:59:56,981 P2328752 INFO Evaluation @epoch 2 - batch 81: 
2024-04-11 21:00:04,303 P2328752 INFO ===
2024-04-11 21:00:04,303 P2328752 INFO [Metrics] AUC: 0.796991 - gAUC: 0.745655 - logloss: 0.544393
2024-04-11 21:00:04,303 P2328752 INFO Save best model: monitor(max)=1.542646
2024-04-11 21:00:04,484 P2328752 INFO ************ Epoch=2 end ************
2024-04-11 21:00:07,154 P2328752 INFO Train loss: 0.952863
2024-04-11 21:00:07,155 P2328752 INFO Evaluation @epoch 3 - batch 81: 
2024-04-11 21:00:15,021 P2328752 INFO ===
2024-04-11 21:00:15,021 P2328752 INFO [Metrics] AUC: 0.803045 - gAUC: 0.753858 - logloss: 0.528827
2024-04-11 21:00:15,022 P2328752 INFO Save best model: monitor(max)=1.556903
2024-04-11 21:00:15,197 P2328752 INFO ************ Epoch=3 end ************
2024-04-11 21:00:17,599 P2328752 INFO Train loss: 0.942377
2024-04-11 21:00:17,599 P2328752 INFO Evaluation @epoch 4 - batch 81: 
2024-04-11 21:00:25,464 P2328752 INFO ===
2024-04-11 21:00:25,464 P2328752 INFO [Metrics] AUC: 0.806971 - gAUC: 0.759693 - logloss: 0.525134
2024-04-11 21:00:25,464 P2328752 INFO Save best model: monitor(max)=1.566664
2024-04-11 21:00:25,643 P2328752 INFO ************ Epoch=4 end ************
2024-04-11 21:00:28,165 P2328752 INFO Train loss: 0.936249
2024-04-11 21:00:28,165 P2328752 INFO Evaluation @epoch 5 - batch 81: 
2024-04-11 21:00:35,809 P2328752 INFO ===
2024-04-11 21:00:35,809 P2328752 INFO [Metrics] AUC: 0.808388 - gAUC: 0.761332 - logloss: 0.524225
2024-04-11 21:00:35,809 P2328752 INFO Save best model: monitor(max)=1.569720
2024-04-11 21:00:35,978 P2328752 INFO ************ Epoch=5 end ************
2024-04-11 21:00:38,258 P2328752 INFO Train loss: 0.932021
2024-04-11 21:00:38,258 P2328752 INFO Evaluation @epoch 6 - batch 81: 
2024-04-11 21:00:45,669 P2328752 INFO ===
2024-04-11 21:00:45,670 P2328752 INFO [Metrics] AUC: 0.808861 - gAUC: 0.761755 - logloss: 0.522069
2024-04-11 21:00:45,670 P2328752 INFO Save best model: monitor(max)=1.570616
2024-04-11 21:00:45,855 P2328752 INFO ************ Epoch=6 end ************
2024-04-11 21:00:48,395 P2328752 INFO Train loss: 0.929127
2024-04-11 21:00:48,395 P2328752 INFO Evaluation @epoch 7 - batch 81: 
2024-04-11 21:00:56,628 P2328752 INFO ===
2024-04-11 21:00:56,628 P2328752 INFO [Metrics] AUC: 0.809456 - gAUC: 0.761875 - logloss: 0.522069
2024-04-11 21:00:56,629 P2328752 INFO Save best model: monitor(max)=1.571331
2024-04-11 21:00:56,799 P2328752 INFO ************ Epoch=7 end ************
2024-04-11 21:00:59,472 P2328752 INFO Train loss: 0.928522
2024-04-11 21:00:59,472 P2328752 INFO Evaluation @epoch 8 - batch 81: 
2024-04-11 21:01:07,177 P2328752 INFO ===
2024-04-11 21:01:07,177 P2328752 INFO [Metrics] AUC: 0.810770 - gAUC: 0.764584 - logloss: 0.519988
2024-04-11 21:01:07,177 P2328752 INFO Save best model: monitor(max)=1.575355
2024-04-11 21:01:07,330 P2328752 INFO ************ Epoch=8 end ************
2024-04-11 21:01:10,229 P2328752 INFO Train loss: 0.926043
2024-04-11 21:01:10,229 P2328752 INFO Evaluation @epoch 9 - batch 81: 
2024-04-11 21:01:19,032 P2328752 INFO ===
2024-04-11 21:01:19,033 P2328752 INFO [Metrics] AUC: 0.812135 - gAUC: 0.765699 - logloss: 0.518635
2024-04-11 21:01:19,033 P2328752 INFO Save best model: monitor(max)=1.577834
2024-04-11 21:01:19,197 P2328752 INFO ************ Epoch=9 end ************
2024-04-11 21:01:21,994 P2328752 INFO Train loss: 0.923088
2024-04-11 21:01:21,994 P2328752 INFO Evaluation @epoch 10 - batch 81: 
2024-04-11 21:01:31,031 P2328752 INFO ===
2024-04-11 21:01:31,032 P2328752 INFO [Metrics] AUC: 0.812197 - gAUC: 0.767190 - logloss: 0.519081
2024-04-11 21:01:31,032 P2328752 INFO Save best model: monitor(max)=1.579387
2024-04-11 21:01:31,220 P2328752 INFO ************ Epoch=10 end ************
2024-04-11 21:01:34,538 P2328752 INFO Train loss: 0.923009
2024-04-11 21:01:34,538 P2328752 INFO Evaluation @epoch 11 - batch 81: 
2024-04-11 21:01:42,819 P2328752 INFO ===
2024-04-11 21:01:42,819 P2328752 INFO [Metrics] AUC: 0.813067 - gAUC: 0.768227 - logloss: 0.521538
2024-04-11 21:01:42,819 P2328752 INFO Save best model: monitor(max)=1.581294
2024-04-11 21:01:42,975 P2328752 INFO ************ Epoch=11 end ************
2024-04-11 21:01:45,362 P2328752 INFO Train loss: 0.921654
2024-04-11 21:01:45,362 P2328752 INFO Evaluation @epoch 12 - batch 81: 
2024-04-11 21:01:53,720 P2328752 INFO ===
2024-04-11 21:01:53,720 P2328752 INFO [Metrics] AUC: 0.813558 - gAUC: 0.768512 - logloss: 0.516747
2024-04-11 21:01:53,721 P2328752 INFO Save best model: monitor(max)=1.582070
2024-04-11 21:01:53,907 P2328752 INFO ************ Epoch=12 end ************
2024-04-11 21:01:56,332 P2328752 INFO Train loss: 0.922781
2024-04-11 21:01:56,332 P2328752 INFO Evaluation @epoch 13 - batch 81: 
2024-04-11 21:02:03,873 P2328752 INFO ===
2024-04-11 21:02:03,873 P2328752 INFO [Metrics] AUC: 0.814702 - gAUC: 0.770252 - logloss: 0.515608
2024-04-11 21:02:03,873 P2328752 INFO Save best model: monitor(max)=1.584954
2024-04-11 21:02:04,014 P2328752 INFO ************ Epoch=13 end ************
2024-04-11 21:02:06,627 P2328752 INFO Train loss: 0.921400
2024-04-11 21:02:06,627 P2328752 INFO Evaluation @epoch 14 - batch 81: 
2024-04-11 21:02:14,830 P2328752 INFO ===
2024-04-11 21:02:14,831 P2328752 INFO [Metrics] AUC: 0.814849 - gAUC: 0.769861 - logloss: 0.515062
2024-04-11 21:02:14,831 P2328752 INFO Monitor(max)=1.584711 STOP!
2024-04-11 21:02:14,831 P2328752 INFO Reduce learning rate on plateau: 0.000100
2024-04-11 21:02:14,995 P2328752 INFO ************ Epoch=14 end ************
2024-04-11 21:02:17,687 P2328752 INFO Train loss: 0.860501
2024-04-11 21:02:17,687 P2328752 INFO Evaluation @epoch 15 - batch 81: 
2024-04-11 21:02:25,471 P2328752 INFO ===
2024-04-11 21:02:25,471 P2328752 INFO [Metrics] AUC: 0.819125 - gAUC: 0.774193 - logloss: 0.511917
2024-04-11 21:02:25,471 P2328752 INFO Save best model: monitor(max)=1.593319
2024-04-11 21:02:25,659 P2328752 INFO ************ Epoch=15 end ************
2024-04-11 21:02:28,685 P2328752 INFO Train loss: 0.835752
2024-04-11 21:02:28,685 P2328752 INFO Evaluation @epoch 16 - batch 81: 
2024-04-11 21:02:36,911 P2328752 INFO ===
2024-04-11 21:02:36,911 P2328752 INFO [Metrics] AUC: 0.820451 - gAUC: 0.775128 - logloss: 0.511971
2024-04-11 21:02:36,912 P2328752 INFO Save best model: monitor(max)=1.595579
2024-04-11 21:02:37,149 P2328752 INFO ************ Epoch=16 end ************
2024-04-11 21:02:39,923 P2328752 INFO Train loss: 0.821647
2024-04-11 21:02:39,923 P2328752 INFO Evaluation @epoch 17 - batch 81: 
2024-04-11 21:02:47,364 P2328752 INFO ===
2024-04-11 21:02:47,364 P2328752 INFO [Metrics] AUC: 0.820508 - gAUC: 0.774770 - logloss: 0.512787
2024-04-11 21:02:47,364 P2328752 INFO Monitor(max)=1.595279 STOP!
2024-04-11 21:02:47,364 P2328752 INFO Reduce learning rate on plateau: 0.000010
2024-04-11 21:02:47,547 P2328752 INFO ************ Epoch=17 end ************
2024-04-11 21:02:50,165 P2328752 INFO Train loss: 0.797995
2024-04-11 21:02:50,165 P2328752 INFO Evaluation @epoch 18 - batch 81: 
2024-04-11 21:02:58,311 P2328752 INFO ===
2024-04-11 21:02:58,311 P2328752 INFO [Metrics] AUC: 0.820569 - gAUC: 0.774948 - logloss: 0.513299
2024-04-11 21:02:58,312 P2328752 INFO Monitor(max)=1.595517 STOP!
2024-04-11 21:02:58,312 P2328752 INFO Reduce learning rate on plateau: 0.000001
2024-04-11 21:02:58,312 P2328752 INFO ********* Epoch==18 early stop *********
2024-04-11 21:02:58,461 P2328752 INFO Training finished.
2024-04-11 21:02:58,461 P2328752 INFO Load best model: /mnt/public/lhh/code/model_zoo/TF4CTR/TF4CTR_torch/checkpoints/ML-1M_08e326cd/TF4CTRv2_ML-1M_021_661e3269.model
2024-04-11 21:02:58,467 P2328752 INFO ****** Validation evaluation ******
2024-04-11 21:03:06,201 P2328752 INFO ===
2024-04-11 21:03:06,201 P2328752 INFO [Metrics] logloss: 0.511971 - AUC: 0.820451 - gAUC: 0.775128
2024-04-11 21:03:06,229 P2328752 INFO ******** Test evaluation ********
2024-04-11 21:03:06,230 P2328752 INFO Loading data...
2024-04-11 21:03:06,230 P2328752 INFO Loading data from h5: ../../../data/ML-1M_08e326cd/test.h5
2024-04-11 21:03:06,237 P2328752 INFO Test samples: total/100021, blocks/1
2024-04-11 21:03:06,237 P2328752 INFO Loading test data done.
2024-04-11 21:03:14,193 P2328752 INFO ===
2024-04-11 21:03:14,194 P2328752 INFO [Metrics] logloss: 0.512433 - AUC: 0.819477 - gAUC: 0.775032
